[100%] Built target bot_node
-- Install configuration: ""
-- Up-to-date: /home/kuljot/Project/ball_follower/install/bot/lib/bot/bot_node
-- Up-to-date: /home/kuljot/Project/ball_follower/install/bot/share/bot//launch
-- Installing: /home/kuljot/Project/ball_follower/install/bot/share/bot//launch/launch_sim.launch.py
-- Up-to-date: /home/kuljot/Project/ball_follower/install/bot/share/bot//launch/rsp.launch.py
-- Up-to-date: /home/kuljot/Project/ball_follower/install/bot/share/ament_index/resource_index/package_run_dependencies/bot
-- Up-to-date: /home/kuljot/Project/ball_follower/install/bot/share/ament_index/resource_index/parent_prefix_path/bot
-- Up-to-date: /home/kuljot/Project/ball_follower/install/bot/share/bot/environment/ament_prefix_path.sh
-- Up-to-date: /home/kuljot/Project/ball_follower/install/bot/share/bot/environment/ament_prefix_path.dsv
-- Up-to-date: /home/kuljot/Project/ball_follower/install/bot/share/bot/environment/path.sh
-- Up-to-date: /home/kuljot/Project/ball_follower/install/bot/share/bot/environment/path.dsv
-- Up-to-date: /home/kuljot/Project/ball_follower/install/bot/share/bot/local_setup.bash
-- Up-to-date: /home/kuljot/Project/ball_follower/install/bot/share/bot/local_setup.sh
-- Up-to-date: /home/kuljot/Project/ball_follower/install/bot/share/bot/local_setup.zsh
-- Up-to-date: /home/kuljot/Project/ball_follower/install/bot/share/bot/local_setup.dsv
-- Installing: /home/kuljot/Project/ball_follower/install/bot/share/bot/package.dsv
-- Up-to-date: /home/kuljot/Project/ball_follower/install/bot/share/ament_index/resource_index/packages/bot
-- Up-to-date: /home/kuljot/Project/ball_follower/install/bot/share/bot/cmake/botConfig.cmake
-- Up-to-date: /home/kuljot/Project/ball_follower/install/bot/share/bot/cmake/botConfig-version.cmake
-- Up-to-date: /home/kuljot/Project/ball_follower/install/bot/share/bot/package.xml
