[5.961s] DEBUG:colcon:Command line arguments: ['/usr/bin/colcon', 'build']
[5.962s] DEBUG:colcon:Parsed command line arguments: Namespace(log_base=None, log_level=None, verb_name='build', build_base='build', install_base='install', merge_install=False, symlink_install=False, test_result_base=None, continue_on_error=False, executor='parallel', parallel_workers=8, event_handlers=None, ignore_user_meta=False, metas=['./colcon.meta'], base_paths=['.'], packages_ignore=None, packages_ignore_regex=None, paths=None, packages_up_to=None, packages_up_to_regex=None, packages_above=None, packages_above_and_dependencies=None, packages_above_depth=None, packages_select_by_dep=None, packages_skip_by_dep=None, packages_skip_up_to=None, packages_select_build_failed=False, packages_skip_build_finished=False, packages_select_test_failures=False, packages_skip_test_passed=False, packages_select=None, packages_skip=None, packages_select_regex=None, packages_skip_regex=None, packages_start=None, packages_end=None, allow_overriding=[], cmake_args=None, cmake_target=None, cmake_target_skip_unavailable=False, cmake_clean_cache=False, cmake_clean_first=False, cmake_force_configure=False, ament_cmake_args=None, catkin_cmake_args=None, catkin_skip_building_tests=False, verb_parser=<colcon_defaults.argument_parser.defaults.DefaultArgumentsDecorator object at 0x7f5901171060>, verb_extension=<colcon_core.verb.build.BuildVerb object at 0x7f590167e260>, main=<bound method BuildVerb.main of <colcon_core.verb.build.BuildVerb object at 0x7f590167e260>>)
[6.253s] Level 1:colcon.colcon_core.package_discovery:discover_packages(colcon_meta) check parameters
[6.253s] Level 1:colcon.colcon_core.package_discovery:discover_packages(recursive) check parameters
[6.253s] Level 1:colcon.colcon_core.package_discovery:discover_packages(ignore) check parameters
[6.253s] Level 1:colcon.colcon_core.package_discovery:discover_packages(path) check parameters
[6.254s] Level 1:colcon.colcon_core.package_discovery:discover_packages(colcon_meta) discover
[6.254s] Level 1:colcon.colcon_core.package_discovery:discover_packages(recursive) discover
[6.254s] INFO:colcon.colcon_core.package_discovery:Crawling recursively for packages in '/home/kuljot/Project/ball_follower'
[6.254s] Level 1:colcon.colcon_core.package_identification:_identify(.) by extensions ['ignore', 'ignore_ament_install']
[6.255s] Level 1:colcon.colcon_core.package_identification:_identify(.) by extension 'ignore'
[6.255s] Level 1:colcon.colcon_core.package_identification:_identify(.) by extension 'ignore_ament_install'
[6.255s] Level 1:colcon.colcon_core.package_identification:_identify(.) by extensions ['colcon_pkg']
[6.255s] Level 1:colcon.colcon_core.package_identification:_identify(.) by extension 'colcon_pkg'
[6.255s] Level 1:colcon.colcon_core.package_identification:_identify(.) by extensions ['colcon_meta']
[6.255s] Level 1:colcon.colcon_core.package_identification:_identify(.) by extension 'colcon_meta'
[6.256s] Level 1:colcon.colcon_core.package_identification:_identify(.) by extensions ['ros']
[6.256s] Level 1:colcon.colcon_core.package_identification:_identify(.) by extension 'ros'
[6.300s] Level 1:colcon.colcon_core.package_identification:_identify(.) by extensions ['cmake', 'python']
[6.301s] Level 1:colcon.colcon_core.package_identification:_identify(.) by extension 'cmake'
[6.301s] Level 1:colcon.colcon_core.package_identification:_identify(.) by extension 'python'
[6.301s] Level 1:colcon.colcon_core.package_identification:_identify(.) by extensions ['python_setup_py']
[6.301s] Level 1:colcon.colcon_core.package_identification:_identify(.) by extension 'python_setup_py'
[6.302s] Level 1:colcon.colcon_core.package_identification:_identify(build) by extensions ['ignore', 'ignore_ament_install']
[6.302s] Level 1:colcon.colcon_core.package_identification:_identify(build) by extension 'ignore'
[6.302s] Level 1:colcon.colcon_core.package_identification:_identify(build) ignored
[6.303s] Level 1:colcon.colcon_core.package_identification:_identify(install) by extensions ['ignore', 'ignore_ament_install']
[6.303s] Level 1:colcon.colcon_core.package_identification:_identify(install) by extension 'ignore'
[6.304s] Level 1:colcon.colcon_core.package_identification:_identify(install) ignored
[6.304s] Level 1:colcon.colcon_core.package_identification:_identify(log) by extensions ['ignore', 'ignore_ament_install']
[6.304s] Level 1:colcon.colcon_core.package_identification:_identify(log) by extension 'ignore'
[6.304s] Level 1:colcon.colcon_core.package_identification:_identify(log) ignored
[6.305s] Level 1:colcon.colcon_core.package_identification:_identify(src) by extensions ['ignore', 'ignore_ament_install']
[6.305s] Level 1:colcon.colcon_core.package_identification:_identify(src) by extension 'ignore'
[6.305s] Level 1:colcon.colcon_core.package_identification:_identify(src) by extension 'ignore_ament_install'
[6.306s] Level 1:colcon.colcon_core.package_identification:_identify(src) by extensions ['colcon_pkg']
[6.306s] Level 1:colcon.colcon_core.package_identification:_identify(src) by extension 'colcon_pkg'
[6.306s] Level 1:colcon.colcon_core.package_identification:_identify(src) by extensions ['colcon_meta']
[6.306s] Level 1:colcon.colcon_core.package_identification:_identify(src) by extension 'colcon_meta'
[6.306s] Level 1:colcon.colcon_core.package_identification:_identify(src) by extensions ['ros']
[6.307s] Level 1:colcon.colcon_core.package_identification:_identify(src) by extension 'ros'
[6.307s] Level 1:colcon.colcon_core.package_identification:_identify(src) by extensions ['cmake', 'python']
[6.307s] Level 1:colcon.colcon_core.package_identification:_identify(src) by extension 'cmake'
[6.307s] Level 1:colcon.colcon_core.package_identification:_identify(src) by extension 'python'
[6.307s] Level 1:colcon.colcon_core.package_identification:_identify(src) by extensions ['python_setup_py']
[6.308s] Level 1:colcon.colcon_core.package_identification:_identify(src) by extension 'python_setup_py'
[6.308s] Level 1:colcon.colcon_core.package_identification:_identify(src/bot) by extensions ['ignore', 'ignore_ament_install']
[6.308s] Level 1:colcon.colcon_core.package_identification:_identify(src/bot) by extension 'ignore'
[6.309s] Level 1:colcon.colcon_core.package_identification:_identify(src/bot) by extension 'ignore_ament_install'
[6.309s] Level 1:colcon.colcon_core.package_identification:_identify(src/bot) by extensions ['colcon_pkg']
[6.309s] Level 1:colcon.colcon_core.package_identification:_identify(src/bot) by extension 'colcon_pkg'
[6.309s] Level 1:colcon.colcon_core.package_identification:_identify(src/bot) by extensions ['colcon_meta']
[6.309s] Level 1:colcon.colcon_core.package_identification:_identify(src/bot) by extension 'colcon_meta'
[6.310s] Level 1:colcon.colcon_core.package_identification:_identify(src/bot) by extensions ['ros']
[6.310s] Level 1:colcon.colcon_core.package_identification:_identify(src/bot) by extension 'ros'
[6.388s] DEBUG:colcon.colcon_core.package_identification:Package 'src/bot' with type 'ros.ament_cmake' and name 'bot'
[6.388s] Level 1:colcon.colcon_core.package_discovery:discover_packages(recursive) using defaults
[6.389s] Level 1:colcon.colcon_core.package_discovery:discover_packages(ignore) discover
[6.389s] Level 1:colcon.colcon_core.package_discovery:discover_packages(ignore) using defaults
[6.389s] Level 1:colcon.colcon_core.package_discovery:discover_packages(path) discover
[6.389s] Level 1:colcon.colcon_core.package_discovery:discover_packages(path) using defaults
[6.944s] Level 1:colcon.colcon_core.package_discovery:discover_packages(prefix_path) check parameters
[6.945s] Level 1:colcon.colcon_core.package_discovery:discover_packages(prefix_path) discover
[7.107s] DEBUG:colcon.colcon_installed_package_information.package_discovery:Found 1 installed packages in /home/kuljot/Project/articubot_ws/install
[7.195s] DEBUG:colcon.colcon_installed_package_information.package_discovery:Found 336 installed packages in /opt/ros/iron
[7.200s] Level 1:colcon.colcon_core.package_discovery:discover_packages(prefix_path) using defaults
[7.571s] Level 5:colcon.colcon_core.verb:set package 'bot' build argument 'cmake_args' from command line to 'None'
[7.571s] Level 5:colcon.colcon_core.verb:set package 'bot' build argument 'cmake_target' from command line to 'None'
[7.571s] Level 5:colcon.colcon_core.verb:set package 'bot' build argument 'cmake_target_skip_unavailable' from command line to 'False'
[7.571s] Level 5:colcon.colcon_core.verb:set package 'bot' build argument 'cmake_clean_cache' from command line to 'False'
[7.571s] Level 5:colcon.colcon_core.verb:set package 'bot' build argument 'cmake_clean_first' from command line to 'False'
[7.571s] Level 5:colcon.colcon_core.verb:set package 'bot' build argument 'cmake_force_configure' from command line to 'False'
[7.572s] Level 5:colcon.colcon_core.verb:set package 'bot' build argument 'ament_cmake_args' from command line to 'None'
[7.572s] Level 5:colcon.colcon_core.verb:set package 'bot' build argument 'catkin_cmake_args' from command line to 'None'
[7.572s] Level 5:colcon.colcon_core.verb:set package 'bot' build argument 'catkin_skip_building_tests' from command line to 'False'
[7.572s] DEBUG:colcon.colcon_core.verb:Building package 'bot' with the following arguments: {'ament_cmake_args': None, 'build_base': '/home/kuljot/Project/ball_follower/build/bot', 'catkin_cmake_args': None, 'catkin_skip_building_tests': False, 'cmake_args': None, 'cmake_clean_cache': False, 'cmake_clean_first': False, 'cmake_force_configure': False, 'cmake_target': None, 'cmake_target_skip_unavailable': False, 'install_base': '/home/kuljot/Project/ball_follower/install/bot', 'merge_install': False, 'path': '/home/kuljot/Project/ball_follower/src/bot', 'symlink_install': False, 'test_result_base': None}
[7.657s] INFO:colcon.colcon_core.executor:Executing jobs using 'parallel' executor
[7.742s] DEBUG:colcon.colcon_parallel_executor.executor.parallel:run_until_complete
[7.743s] INFO:colcon.colcon_ros.task.ament_cmake.build:Building ROS package in '/home/kuljot/Project/ball_follower/src/bot' with build type 'ament_cmake'
[7.743s] INFO:colcon.colcon_cmake.task.cmake.build:Building CMake package in '/home/kuljot/Project/ball_follower/src/bot'
[7.848s] INFO:colcon.colcon_core.plugin_system:Skipping extension 'colcon_core.shell.bat': Not used on non-Windows systems
[7.849s] INFO:colcon.colcon_core.shell:Skip shell extension 'powershell' for command environment: Not usable outside of PowerShell
[7.849s] DEBUG:colcon.colcon_core.shell:Skip shell extension 'dsv' for command environment
[8.218s] DEBUG:colcon.colcon_core.event_handler.log_command:Invoking command in '/home/kuljot/Project/ball_follower/build/bot': CMAKE_PREFIX_PATH=${CMAKE_PREFIX_PATH}:/opt/ros/iron /usr/bin/cmake /home/kuljot/Project/ball_follower/src/bot -DCMAKE_INSTALL_PREFIX=/home/kuljot/Project/ball_follower/install/bot
[10.229s] DEBUG:colcon.colcon_core.event_handler.log_command:Invoked command in '/home/kuljot/Project/ball_follower/build/bot' returned '0': CMAKE_PREFIX_PATH=${CMAKE_PREFIX_PATH}:/opt/ros/iron /usr/bin/cmake /home/kuljot/Project/ball_follower/src/bot -DCMAKE_INSTALL_PREFIX=/home/kuljot/Project/ball_follower/install/bot
[10.238s] DEBUG:colcon.colcon_core.event_handler.log_command:Invoking command in '/home/kuljot/Project/ball_follower/build/bot': CMAKE_PREFIX_PATH=${CMAKE_PREFIX_PATH}:/opt/ros/iron /usr/bin/cmake --build /home/kuljot/Project/ball_follower/build/bot -- -j8 -l8
[12.107s] DEBUG:colcon.colcon_core.event_handler.log_command:Invoked command in '/home/kuljot/Project/ball_follower/build/bot' returned '2': CMAKE_PREFIX_PATH=${CMAKE_PREFIX_PATH}:/opt/ros/iron /usr/bin/cmake --build /home/kuljot/Project/ball_follower/build/bot -- -j8 -l8
[12.353s] Level 1:colcon.colcon_core.environment:create_environment_scripts_only(bot)
[12.642s] Level 1:colcon.colcon_core.environment:checking '/home/kuljot/Project/ball_follower/install/bot' for CMake module files
[12.643s] Level 1:colcon.colcon_core.environment:checking '/home/kuljot/Project/ball_follower/install/bot' for CMake config files
[12.645s] Level 1:colcon.colcon_core.environment:checking '/home/kuljot/Project/ball_follower/install/bot/bin'
[12.645s] Level 1:colcon.colcon_core.environment:checking '/home/kuljot/Project/ball_follower/install/bot/lib/pkgconfig/bot.pc'
[12.647s] Level 1:colcon.colcon_core.environment:checking '/home/kuljot/Project/ball_follower/install/bot/lib/python3.10/site-packages'
[12.648s] Level 1:colcon.colcon_core.environment:checking '/home/kuljot/Project/ball_follower/install/bot/bin'
[12.778s] INFO:colcon.colcon_core.shell:Creating package script '/home/kuljot/Project/ball_follower/install/bot/share/bot/package.ps1'
[12.811s] INFO:colcon.colcon_core.shell:Creating package descriptor '/home/kuljot/Project/ball_follower/install/bot/share/bot/package.dsv'
[12.824s] INFO:colcon.colcon_core.shell:Creating package script '/home/kuljot/Project/ball_follower/install/bot/share/bot/package.sh'
[12.828s] INFO:colcon.colcon_core.shell:Creating package script '/home/kuljot/Project/ball_follower/install/bot/share/bot/package.bash'
[12.846s] INFO:colcon.colcon_core.shell:Creating package script '/home/kuljot/Project/ball_follower/install/bot/share/bot/package.zsh'
[12.885s] Level 1:colcon.colcon_core.environment:create_file_with_runtime_dependencies(/home/kuljot/Project/ball_follower/install/bot/share/colcon-core/packages/bot)
[12.897s] DEBUG:colcon.colcon_parallel_executor.executor.parallel:closing loop
[12.898s] DEBUG:colcon.colcon_parallel_executor.executor.parallel:loop closed
[12.898s] DEBUG:colcon.colcon_parallel_executor.executor.parallel:run_until_complete finished with '2'
[12.898s] DEBUG:colcon.colcon_core.event_reactor:joining thread
[13.102s] INFO:colcon.colcon_core.plugin_system:Skipping extension 'colcon_notification.desktop_notification.terminal_notifier': Not used on non-Darwin systems
[13.103s] INFO:colcon.colcon_core.plugin_system:Skipping extension 'colcon_notification.desktop_notification.win32': Not used on non-Windows systems
[13.103s] INFO:colcon.colcon_notification.desktop_notification:Sending desktop notification using 'notify2'
[13.160s] DEBUG:colcon.colcon_core.event_reactor:joined thread
[13.339s] INFO:colcon.colcon_core.shell:Creating prefix script '/home/kuljot/Project/ball_follower/install/local_setup.ps1'
[13.343s] INFO:colcon.colcon_core.shell:Creating prefix util module '/home/kuljot/Project/ball_follower/install/_local_setup_util_ps1.py'
[13.349s] INFO:colcon.colcon_core.shell:Creating prefix chain script '/home/kuljot/Project/ball_follower/install/setup.ps1'
[13.483s] INFO:colcon.colcon_core.shell:Creating prefix script '/home/kuljot/Project/ball_follower/install/local_setup.sh'
[13.485s] INFO:colcon.colcon_core.shell:Creating prefix util module '/home/kuljot/Project/ball_follower/install/_local_setup_util_sh.py'
[13.487s] INFO:colcon.colcon_core.shell:Creating prefix chain script '/home/kuljot/Project/ball_follower/install/setup.sh'
[13.621s] INFO:colcon.colcon_core.shell:Creating prefix script '/home/kuljot/Project/ball_follower/install/local_setup.bash'
[13.623s] INFO:colcon.colcon_core.shell:Creating prefix chain script '/home/kuljot/Project/ball_follower/install/setup.bash'
[13.755s] INFO:colcon.colcon_core.shell:Creating prefix script '/home/kuljot/Project/ball_follower/install/local_setup.zsh'
[13.757s] INFO:colcon.colcon_core.shell:Creating prefix chain script '/home/kuljot/Project/ball_follower/install/setup.zsh'
