[0.472s] Invoking command in '/home/kuljot/Project/ball_follower/build/bot': CMAKE_PREFIX_PATH=${CMAKE_PREFIX_PATH}:/opt/ros/iron /usr/bin/cmake /home/kuljot/Project/ball_follower/src/bot -DCMAKE_INSTALL_PREFIX=/home/kuljot/Project/ball_follower/install/bot
[0.520s] -- Found ament_cmake: 2.0.3 (/opt/ros/iron/share/ament_cmake/cmake)
[1.121s] -- Found ament_lint_auto: 0.14.2 (/opt/ros/iron/share/ament_lint_auto/cmake)
[2.383s] -- Added test 'cppcheck' to perform static code analysis on C / C++ code
[2.384s] -- Configured cppcheck include dirs: $<BUILD_INTERFACE:/home/kuljot/Project/ball_follower/src/bot/include>
[2.384s] -- Configured cppcheck exclude dirs and/or files: 
[2.387s] -- Added test 'flake8' to check Python code syntax and style conventions
[2.388s] -- Configured 'flake8' exclude dirs and/or files: 
[2.401s] -- Added test 'lint_cmake' to check CMake code style
[2.404s] -- Added test 'pep257' to check Python code against some of the docstring style conventions in PEP 257
[2.411s] -- Added test 'uncrustify' to check C / C++ code style
[2.411s] -- Configured uncrustify additional arguments: 
[2.414s] -- Added test 'xmllint' to check XML markup files
[2.450s] -- Configuring done
[2.471s] -- Generating done
[2.475s] -- Build files have been written to: /home/kuljot/Project/ball_follower/build/bot
[2.485s] Invoked command in '/home/kuljot/Project/ball_follower/build/bot' returned '0': CMAKE_PREFIX_PATH=${CMAKE_PREFIX_PATH}:/opt/ros/iron /usr/bin/cmake /home/kuljot/Project/ball_follower/src/bot -DCMAKE_INSTALL_PREFIX=/home/kuljot/Project/ball_follower/install/bot
[2.493s] Invoking command in '/home/kuljot/Project/ball_follower/build/bot': CMAKE_PREFIX_PATH=${CMAKE_PREFIX_PATH}:/opt/ros/iron /usr/bin/cmake --build /home/kuljot/Project/ball_follower/build/bot -- -j8 -l8
[2.700s] [ 50%] [32mBuilding CXX object CMakeFiles/bot_node.dir/src/bot_node.cpp.o[0m
[4.346s] [01m[K/home/kuljot/Project/ball_follower/src/bot/src/bot_node.cpp:6:59:[m[K [01;35m[Kwarning: [m[Kextra tokens at end of #include directive
[4.347s]     6 | #include "ament_index_cpp/get_package_share_directory.hpp"[01;35m[K>[m[K
[4.347s]       |                                                           [01;35m[K^[m[K
[4.347s] [01m[K/home/kuljot/Project/ball_follower/src/bot/src/bot_node.cpp:6:10:[m[K [01;31m[Kfatal error: [m[Kament_index_cpp/get_package_share_directory.hpp: No such file or directory
[4.348s]     6 | #include [01;31m[K"ament_index_cpp/get_package_share_directory.hpp"[m[K>
[4.348s]       |          [01;31m[K^~~~~~~~~~~~~~~~~~~~~~~~~~~~~~~~~~~~~~~~~~~~~~~~~[m[K
[4.348s] compilation terminated.
[4.352s] gmake[2]: *** [CMakeFiles/bot_node.dir/build.make:76: CMakeFiles/bot_node.dir/src/bot_node.cpp.o] Error 1
[4.353s] gmake[1]: *** [CMakeFiles/Makefile2:137: CMakeFiles/bot_node.dir/all] Error 2
[4.354s] gmake: *** [Makefile:146: all] Error 2
[4.362s] Invoked command in '/home/kuljot/Project/ball_follower/build/bot' returned '2': CMAKE_PREFIX_PATH=${CMAKE_PREFIX_PATH}:/opt/ros/iron /usr/bin/cmake --build /home/kuljot/Project/ball_follower/build/bot -- -j8 -l8
