[27.987s] DEBUG:colcon:Command line arguments: ['/usr/bin/colcon', 'build']
[27.988s] DEBUG:colcon:Parsed command line arguments: Namespace(log_base=None, log_level=None, verb_name='build', build_base='build', install_base='install', merge_install=False, symlink_install=False, test_result_base=None, continue_on_error=False, executor='parallel', parallel_workers=8, event_handlers=None, ignore_user_meta=False, metas=['./colcon.meta'], base_paths=['.'], packages_ignore=None, packages_ignore_regex=None, paths=None, packages_up_to=None, packages_up_to_regex=None, packages_above=None, packages_above_and_dependencies=None, packages_above_depth=None, packages_select_by_dep=None, packages_skip_by_dep=None, packages_skip_up_to=None, packages_select_build_failed=False, packages_skip_build_finished=False, packages_select_test_failures=False, packages_skip_test_passed=False, packages_select=None, packages_skip=None, packages_select_regex=None, packages_skip_regex=None, packages_start=None, packages_end=None, allow_overriding=[], cmake_args=None, cmake_target=None, cmake_target_skip_unavailable=False, cmake_clean_cache=False, cmake_clean_first=False, cmake_force_configure=False, ament_cmake_args=None, catkin_cmake_args=None, catkin_skip_building_tests=False, verb_parser=<colcon_defaults.argument_parser.defaults.DefaultArgumentsDecorator object at 0x7f087316d090>, verb_extension=<colcon_core.verb.build.BuildVerb object at 0x7f0873678730>, main=<bound method BuildVerb.main of <colcon_core.verb.build.BuildVerb object at 0x7f0873678730>>)
[29.459s] Level 1:colcon.colcon_core.package_discovery:discover_packages(colcon_meta) check parameters
[29.460s] Level 1:colcon.colcon_core.package_discovery:discover_packages(recursive) check parameters
[29.461s] Level 1:colcon.colcon_core.package_discovery:discover_packages(ignore) check parameters
[29.462s] Level 1:colcon.colcon_core.package_discovery:discover_packages(path) check parameters
[29.462s] Level 1:colcon.colcon_core.package_discovery:discover_packages(colcon_meta) discover
[29.463s] Level 1:colcon.colcon_core.package_discovery:discover_packages(recursive) discover
[29.463s] INFO:colcon.colcon_core.package_discovery:Crawling recursively for packages in '/home/kuljot/Project/ball_follower'
[29.464s] Level 1:colcon.colcon_core.package_identification:_identify(.) by extensions ['ignore', 'ignore_ament_install']
[29.465s] Level 1:colcon.colcon_core.package_identification:_identify(.) by extension 'ignore'
[29.466s] Level 1:colcon.colcon_core.package_identification:_identify(.) by extension 'ignore_ament_install'
[29.466s] Level 1:colcon.colcon_core.package_identification:_identify(.) by extensions ['colcon_pkg']
[29.467s] Level 1:colcon.colcon_core.package_identification:_identify(.) by extension 'colcon_pkg'
[29.468s] Level 1:colcon.colcon_core.package_identification:_identify(.) by extensions ['colcon_meta']
[29.470s] Level 1:colcon.colcon_core.package_identification:_identify(.) by extension 'colcon_meta'
[29.472s] Level 1:colcon.colcon_core.package_identification:_identify(.) by extensions ['ros']
[29.474s] Level 1:colcon.colcon_core.package_identification:_identify(.) by extension 'ros'
[29.668s] Level 1:colcon.colcon_core.package_identification:_identify(.) by extensions ['cmake', 'python']
[29.669s] Level 1:colcon.colcon_core.package_identification:_identify(.) by extension 'cmake'
[29.669s] Level 1:colcon.colcon_core.package_identification:_identify(.) by extension 'python'
[29.671s] Level 1:colcon.colcon_core.package_identification:_identify(.) by extensions ['python_setup_py']
[29.671s] Level 1:colcon.colcon_core.package_identification:_identify(.) by extension 'python_setup_py'
[29.673s] Level 1:colcon.colcon_core.package_identification:_identify(build) by extensions ['ignore', 'ignore_ament_install']
[29.674s] Level 1:colcon.colcon_core.package_identification:_identify(build) by extension 'ignore'
[29.675s] Level 1:colcon.colcon_core.package_identification:_identify(build) ignored
[29.677s] Level 1:colcon.colcon_core.package_identification:_identify(install) by extensions ['ignore', 'ignore_ament_install']
[29.681s] Level 1:colcon.colcon_core.package_identification:_identify(install) by extension 'ignore'
[29.684s] Level 1:colcon.colcon_core.package_identification:_identify(install) ignored
[29.688s] Level 1:colcon.colcon_core.package_identification:_identify(log) by extensions ['ignore', 'ignore_ament_install']
[29.689s] Level 1:colcon.colcon_core.package_identification:_identify(log) by extension 'ignore'
[29.690s] Level 1:colcon.colcon_core.package_identification:_identify(log) ignored
[29.691s] Level 1:colcon.colcon_core.package_identification:_identify(src) by extensions ['ignore', 'ignore_ament_install']
[29.692s] Level 1:colcon.colcon_core.package_identification:_identify(src) by extension 'ignore'
[29.694s] Level 1:colcon.colcon_core.package_identification:_identify(src) by extension 'ignore_ament_install'
[29.697s] Level 1:colcon.colcon_core.package_identification:_identify(src) by extensions ['colcon_pkg']
[29.699s] Level 1:colcon.colcon_core.package_identification:_identify(src) by extension 'colcon_pkg'
[29.700s] Level 1:colcon.colcon_core.package_identification:_identify(src) by extensions ['colcon_meta']
[29.701s] Level 1:colcon.colcon_core.package_identification:_identify(src) by extension 'colcon_meta'
[29.702s] Level 1:colcon.colcon_core.package_identification:_identify(src) by extensions ['ros']
[29.703s] Level 1:colcon.colcon_core.package_identification:_identify(src) by extension 'ros'
[29.705s] Level 1:colcon.colcon_core.package_identification:_identify(src) by extensions ['cmake', 'python']
[29.705s] Level 1:colcon.colcon_core.package_identification:_identify(src) by extension 'cmake'
[29.706s] Level 1:colcon.colcon_core.package_identification:_identify(src) by extension 'python'
[29.706s] Level 1:colcon.colcon_core.package_identification:_identify(src) by extensions ['python_setup_py']
[29.706s] Level 1:colcon.colcon_core.package_identification:_identify(src) by extension 'python_setup_py'
[29.707s] Level 1:colcon.colcon_core.package_identification:_identify(src/bot) by extensions ['ignore', 'ignore_ament_install']
[29.708s] Level 1:colcon.colcon_core.package_identification:_identify(src/bot) by extension 'ignore'
[29.709s] Level 1:colcon.colcon_core.package_identification:_identify(src/bot) by extension 'ignore_ament_install'
[29.709s] Level 1:colcon.colcon_core.package_identification:_identify(src/bot) by extensions ['colcon_pkg']
[29.710s] Level 1:colcon.colcon_core.package_identification:_identify(src/bot) by extension 'colcon_pkg'
[29.710s] Level 1:colcon.colcon_core.package_identification:_identify(src/bot) by extensions ['colcon_meta']
[29.711s] Level 1:colcon.colcon_core.package_identification:_identify(src/bot) by extension 'colcon_meta'
[29.711s] Level 1:colcon.colcon_core.package_identification:_identify(src/bot) by extensions ['ros']
[29.711s] Level 1:colcon.colcon_core.package_identification:_identify(src/bot) by extension 'ros'
[29.748s] DEBUG:colcon.colcon_core.package_identification:Package 'src/bot' with type 'ros.ament_cmake' and name 'ball_follower'
[29.750s] Level 1:colcon.colcon_core.package_discovery:discover_packages(recursive) using defaults
[29.752s] Level 1:colcon.colcon_core.package_discovery:discover_packages(ignore) discover
[29.752s] Level 1:colcon.colcon_core.package_discovery:discover_packages(ignore) using defaults
[29.753s] Level 1:colcon.colcon_core.package_discovery:discover_packages(path) discover
[29.753s] Level 1:colcon.colcon_core.package_discovery:discover_packages(path) using defaults
[32.185s] Level 1:colcon.colcon_core.package_discovery:discover_packages(prefix_path) check parameters
[32.186s] Level 1:colcon.colcon_core.package_discovery:discover_packages(prefix_path) discover
[32.884s] DEBUG:colcon.colcon_installed_package_information.package_discovery:Found 1 installed packages in /home/kuljot/Project/ball_follower/install
[33.429s] DEBUG:colcon.colcon_installed_package_information.package_discovery:Found 336 installed packages in /opt/ros/iron
[33.450s] Level 1:colcon.colcon_core.package_discovery:discover_packages(prefix_path) using defaults
[38.905s] Level 5:colcon.colcon_core.verb:set package 'ball_follower' build argument 'cmake_args' from command line to 'None'
[38.907s] Level 5:colcon.colcon_core.verb:set package 'ball_follower' build argument 'cmake_target' from command line to 'None'
[38.908s] Level 5:colcon.colcon_core.verb:set package 'ball_follower' build argument 'cmake_target_skip_unavailable' from command line to 'False'
[38.910s] Level 5:colcon.colcon_core.verb:set package 'ball_follower' build argument 'cmake_clean_cache' from command line to 'False'
[38.911s] Level 5:colcon.colcon_core.verb:set package 'ball_follower' build argument 'cmake_clean_first' from command line to 'False'
[38.912s] Level 5:colcon.colcon_core.verb:set package 'ball_follower' build argument 'cmake_force_configure' from command line to 'False'
[38.913s] Level 5:colcon.colcon_core.verb:set package 'ball_follower' build argument 'ament_cmake_args' from command line to 'None'
[38.913s] Level 5:colcon.colcon_core.verb:set package 'ball_follower' build argument 'catkin_cmake_args' from command line to 'None'
[38.914s] Level 5:colcon.colcon_core.verb:set package 'ball_follower' build argument 'catkin_skip_building_tests' from command line to 'False'
[38.915s] DEBUG:colcon.colcon_core.verb:Building package 'ball_follower' with the following arguments: {'ament_cmake_args': None, 'build_base': '/home/kuljot/Project/ball_follower/build/ball_follower', 'catkin_cmake_args': None, 'catkin_skip_building_tests': False, 'cmake_args': None, 'cmake_clean_cache': False, 'cmake_clean_first': False, 'cmake_force_configure': False, 'cmake_target': None, 'cmake_target_skip_unavailable': False, 'install_base': '/home/kuljot/Project/ball_follower/install/ball_follower', 'merge_install': False, 'path': '/home/kuljot/Project/ball_follower/src/bot', 'symlink_install': False, 'test_result_base': None}
[39.482s] INFO:colcon.colcon_core.executor:Executing jobs using 'parallel' executor
[39.903s] DEBUG:colcon.colcon_parallel_executor.executor.parallel:run_until_complete
[39.904s] INFO:colcon.colcon_ros.task.ament_cmake.build:Building ROS package in '/home/kuljot/Project/ball_follower/src/bot' with build type 'ament_cmake'
[39.909s] INFO:colcon.colcon_cmake.task.cmake.build:Building CMake package in '/home/kuljot/Project/ball_follower/src/bot'
[40.426s] INFO:colcon.colcon_core.plugin_system:Skipping extension 'colcon_core.shell.bat': Not used on non-Windows systems
[40.430s] INFO:colcon.colcon_core.shell:Skip shell extension 'powershell' for command environment: Not usable outside of PowerShell
[40.431s] DEBUG:colcon.colcon_core.shell:Skip shell extension 'dsv' for command environment
[41.994s] DEBUG:colcon.colcon_core.event_handler.log_command:Invoking command in '/home/kuljot/Project/ball_follower/build/ball_follower': CMAKE_PREFIX_PATH=${CMAKE_PREFIX_PATH}:/opt/ros/iron /usr/bin/cmake --build /home/kuljot/Project/ball_follower/build/ball_follower -- -j8 -l8
[42.895s] DEBUG:colcon.colcon_core.event_handler.log_command:Invoked command in '/home/kuljot/Project/ball_follower/build/ball_follower' returned '0': CMAKE_PREFIX_PATH=${CMAKE_PREFIX_PATH}:/opt/ros/iron /usr/bin/cmake --build /home/kuljot/Project/ball_follower/build/ball_follower -- -j8 -l8
[43.175s] DEBUG:colcon.colcon_core.event_handler.log_command:Invoking command in '/home/kuljot/Project/ball_follower/build/ball_follower': CMAKE_PREFIX_PATH=${CMAKE_PREFIX_PATH}:/opt/ros/iron /usr/bin/cmake --install /home/kuljot/Project/ball_follower/build/ball_follower
[43.332s] Level 1:colcon.colcon_core.environment:create_environment_scripts_only(ball_follower)
[43.364s] DEBUG:colcon.colcon_core.event_handler.log_command:Invoked command in '/home/kuljot/Project/ball_follower/build/ball_follower' returned '0': CMAKE_PREFIX_PATH=${CMAKE_PREFIX_PATH}:/opt/ros/iron /usr/bin/cmake --install /home/kuljot/Project/ball_follower/build/ball_follower
[43.764s] Level 1:colcon.colcon_core.environment:checking '/home/kuljot/Project/ball_follower/install/ball_follower' for CMake module files
[43.771s] Level 1:colcon.colcon_core.environment:checking '/home/kuljot/Project/ball_follower/install/ball_follower' for CMake config files
[43.772s] Level 1:colcon.colcon_core.shell:create_environment_hook('ball_follower', 'cmake_prefix_path')
[44.263s] INFO:colcon.colcon_core.shell:Creating environment hook '/home/kuljot/Project/ball_follower/install/ball_follower/share/ball_follower/hook/cmake_prefix_path.ps1'
[44.276s] INFO:colcon.colcon_core.shell:Creating environment descriptor '/home/kuljot/Project/ball_follower/install/ball_follower/share/ball_follower/hook/cmake_prefix_path.dsv'
[44.284s] INFO:colcon.colcon_core.shell:Creating environment hook '/home/kuljot/Project/ball_follower/install/ball_follower/share/ball_follower/hook/cmake_prefix_path.sh'
[44.300s] Level 1:colcon.colcon_core.environment:checking '/home/kuljot/Project/ball_follower/install/ball_follower/lib'
[44.303s] Level 1:colcon.colcon_core.environment:checking '/home/kuljot/Project/ball_follower/install/ball_follower/bin'
[44.304s] Level 1:colcon.colcon_core.environment:checking '/home/kuljot/Project/ball_follower/install/ball_follower/lib/pkgconfig/ball_follower.pc'
[44.307s] Level 1:colcon.colcon_core.environment:checking '/home/kuljot/Project/ball_follower/install/ball_follower/lib/python3.10/site-packages'
[44.315s] Level 1:colcon.colcon_core.environment:checking '/home/kuljot/Project/ball_follower/install/ball_follower/bin'
[44.635s] INFO:colcon.colcon_core.shell:Creating package script '/home/kuljot/Project/ball_follower/install/ball_follower/share/ball_follower/package.ps1'
[44.645s] INFO:colcon.colcon_core.shell:Creating package descriptor '/home/kuljot/Project/ball_follower/install/ball_follower/share/ball_follower/package.dsv'
[44.651s] INFO:colcon.colcon_core.shell:Creating package script '/home/kuljot/Project/ball_follower/install/ball_follower/share/ball_follower/package.sh'
[44.664s] INFO:colcon.colcon_core.shell:Creating package script '/home/kuljot/Project/ball_follower/install/ball_follower/share/ball_follower/package.bash'
[44.673s] INFO:colcon.colcon_core.shell:Creating package script '/home/kuljot/Project/ball_follower/install/ball_follower/share/ball_follower/package.zsh'
[44.685s] Level 1:colcon.colcon_core.environment:create_file_with_runtime_dependencies(/home/kuljot/Project/ball_follower/install/ball_follower/share/colcon-core/packages/ball_follower)
[45.281s] Level 1:colcon.colcon_core.environment:create_environment_scripts_only(ball_follower)
[45.818s] Level 1:colcon.colcon_core.environment:checking '/home/kuljot/Project/ball_follower/install/ball_follower' for CMake module files
[45.824s] Level 1:colcon.colcon_core.environment:checking '/home/kuljot/Project/ball_follower/install/ball_follower' for CMake config files
[45.828s] Level 1:colcon.colcon_core.shell:create_environment_hook('ball_follower', 'cmake_prefix_path')
[46.150s] INFO:colcon.colcon_core.shell:Creating environment hook '/home/kuljot/Project/ball_follower/install/ball_follower/share/ball_follower/hook/cmake_prefix_path.ps1'
[46.156s] INFO:colcon.colcon_core.shell:Creating environment descriptor '/home/kuljot/Project/ball_follower/install/ball_follower/share/ball_follower/hook/cmake_prefix_path.dsv'
[46.159s] INFO:colcon.colcon_core.shell:Creating environment hook '/home/kuljot/Project/ball_follower/install/ball_follower/share/ball_follower/hook/cmake_prefix_path.sh'
[46.170s] Level 1:colcon.colcon_core.environment:checking '/home/kuljot/Project/ball_follower/install/ball_follower/lib'
[46.172s] Level 1:colcon.colcon_core.environment:checking '/home/kuljot/Project/ball_follower/install/ball_follower/bin'
[46.173s] Level 1:colcon.colcon_core.environment:checking '/home/kuljot/Project/ball_follower/install/ball_follower/lib/pkgconfig/ball_follower.pc'
[46.175s] Level 1:colcon.colcon_core.environment:checking '/home/kuljot/Project/ball_follower/install/ball_follower/lib/python3.10/site-packages'
[46.178s] Level 1:colcon.colcon_core.environment:checking '/home/kuljot/Project/ball_follower/install/ball_follower/bin'
[46.752s] INFO:colcon.colcon_core.shell:Creating package script '/home/kuljot/Project/ball_follower/install/ball_follower/share/ball_follower/package.ps1'
[46.762s] INFO:colcon.colcon_core.shell:Creating package descriptor '/home/kuljot/Project/ball_follower/install/ball_follower/share/ball_follower/package.dsv'
[46.767s] INFO:colcon.colcon_core.shell:Creating package script '/home/kuljot/Project/ball_follower/install/ball_follower/share/ball_follower/package.sh'
[46.776s] INFO:colcon.colcon_core.shell:Creating package script '/home/kuljot/Project/ball_follower/install/ball_follower/share/ball_follower/package.bash'
[46.782s] INFO:colcon.colcon_core.shell:Creating package script '/home/kuljot/Project/ball_follower/install/ball_follower/share/ball_follower/package.zsh'
[46.786s] Level 1:colcon.colcon_core.environment:create_file_with_runtime_dependencies(/home/kuljot/Project/ball_follower/install/ball_follower/share/colcon-core/packages/ball_follower)
[46.788s] DEBUG:colcon.colcon_parallel_executor.executor.parallel:closing loop
[46.795s] DEBUG:colcon.colcon_parallel_executor.executor.parallel:loop closed
[46.796s] DEBUG:colcon.colcon_parallel_executor.executor.parallel:run_until_complete finished with '0'
[46.797s] DEBUG:colcon.colcon_core.event_reactor:joining thread
[47.496s] INFO:colcon.colcon_core.plugin_system:Skipping extension 'colcon_notification.desktop_notification.terminal_notifier': Not used on non-Darwin systems
[47.497s] INFO:colcon.colcon_core.plugin_system:Skipping extension 'colcon_notification.desktop_notification.win32': Not used on non-Windows systems
[47.497s] INFO:colcon.colcon_notification.desktop_notification:Sending desktop notification using 'notify2'
[47.619s] DEBUG:colcon.colcon_core.event_reactor:joined thread
[48.111s] INFO:colcon.colcon_core.shell:Creating prefix script '/home/kuljot/Project/ball_follower/install/local_setup.ps1'
[48.126s] INFO:colcon.colcon_core.shell:Creating prefix util module '/home/kuljot/Project/ball_follower/install/_local_setup_util_ps1.py'
[48.148s] INFO:colcon.colcon_core.shell:Creating prefix chain script '/home/kuljot/Project/ball_follower/install/setup.ps1'
[48.625s] INFO:colcon.colcon_core.shell:Creating prefix script '/home/kuljot/Project/ball_follower/install/local_setup.sh'
[48.632s] INFO:colcon.colcon_core.shell:Creating prefix util module '/home/kuljot/Project/ball_follower/install/_local_setup_util_sh.py'
[48.637s] INFO:colcon.colcon_core.shell:Creating prefix chain script '/home/kuljot/Project/ball_follower/install/setup.sh'
[49.195s] INFO:colcon.colcon_core.shell:Creating prefix script '/home/kuljot/Project/ball_follower/install/local_setup.bash'
[49.202s] INFO:colcon.colcon_core.shell:Creating prefix chain script '/home/kuljot/Project/ball_follower/install/setup.bash'
[49.708s] INFO:colcon.colcon_core.shell:Creating prefix script '/home/kuljot/Project/ball_follower/install/local_setup.zsh'
[49.717s] INFO:colcon.colcon_core.shell:Creating prefix chain script '/home/kuljot/Project/ball_follower/install/setup.zsh'
