[0.628s] Invoking command in '/home/kuljot/Project/ball_follower/build/ball_follower': CMAKE_PREFIX_PATH=${CMAKE_PREFIX_PATH}:/opt/ros/iron /usr/bin/cmake --build /home/kuljot/Project/ball_follower/build/ball_follower -- -j8 -l8
[0.819s] -- Found ament_cmake: 2.0.3 (/opt/ros/iron/share/ament_cmake/cmake)
[1.450s] -- Found ament_lint_auto: 0.14.2 (/opt/ros/iron/share/ament_lint_auto/cmake)
[1.746s] -- Added test 'cppcheck' to perform static code analysis on C / C++ code
[1.747s] -- Configured cppcheck include dirs: $<BUILD_INTERFACE:/home/kuljot/Project/ball_follower/src/bot/include>
[1.747s] -- Configured cppcheck exclude dirs and/or files: 
[1.748s] -- Added test 'flake8' to check Python code syntax and style conventions
[1.749s] -- Configured 'flake8' exclude dirs and/or files: 
[1.751s] -- Added test 'lint_cmake' to check CMake code style
[1.754s] -- Added test 'pep257' to check Python code against some of the docstring style conventions in PEP 257
[1.761s] -- Added test 'uncrustify' to check C / C++ code style
[1.761s] -- Configured uncrustify additional arguments: 
[1.763s] -- Added test 'xmllint' to check XML markup files
[1.766s] -- Configuring done
[1.963s] -- Generating done
[1.969s] -- Build files have been written to: /home/kuljot/Project/ball_follower/build/ball_follower
[2.295s] [35m[1mConsolidate compiler generated dependencies of target bot_node[0m
[2.751s] [100%] Built target bot_node
[2.798s] Invoked command in '/home/kuljot/Project/ball_follower/build/ball_follower' returned '0': CMAKE_PREFIX_PATH=${CMAKE_PREFIX_PATH}:/opt/ros/iron /usr/bin/cmake --build /home/kuljot/Project/ball_follower/build/ball_follower -- -j8 -l8
[2.949s] Invoking command in '/home/kuljot/Project/ball_follower/build/ball_follower': CMAKE_PREFIX_PATH=${CMAKE_PREFIX_PATH}:/opt/ros/iron /usr/bin/cmake --install /home/kuljot/Project/ball_follower/build/ball_follower
[2.987s] -- Install configuration: ""
[2.989s] -- Up-to-date: /home/kuljot/Project/ball_follower/install/ball_follower/lib/ball_follower/bot_node
[2.990s] [31mCMake Error at cmake_install.cmake:62 (file):
[2.990s]   file INSTALL cannot find
[2.990s]   "/home/kuljot/Project/ball_follower/src/bot/config": No such file or
[2.991s]   directory.
[2.991s] 
[2.991s] [0m
[2.997s] Invoked command in '/home/kuljot/Project/ball_follower/build/ball_follower' returned '1': CMAKE_PREFIX_PATH=${CMAKE_PREFIX_PATH}:/opt/ros/iron /usr/bin/cmake --install /home/kuljot/Project/ball_follower/build/ball_follower
