[0.536s] Invoking command in '/home/kuljot/Project/ball_follower/build/bot': CMAKE_PREFIX_PATH=${CMAKE_PREFIX_PATH}:/opt/ros/iron /usr/bin/cmake --build /home/kuljot/Project/ball_follower/build/bot -- -j8 -l8
[0.701s] [35m[1mConsolidate compiler generated dependencies of target bot_node[0m
[0.754s] [100%] Built target bot_node
[0.800s] Invoked command in '/home/kuljot/Project/ball_follower/build/bot' returned '0': CMAKE_PREFIX_PATH=${CMAKE_PREFIX_PATH}:/opt/ros/iron /usr/bin/cmake --build /home/kuljot/Project/ball_follower/build/bot -- -j8 -l8
[0.934s] Invoking command in '/home/kuljot/Project/ball_follower/build/bot': CMAKE_PREFIX_PATH=${CMAKE_PREFIX_PATH}:/opt/ros/iron /usr/bin/cmake --install /home/kuljot/Project/ball_follower/build/bot
[0.964s] -- Install configuration: ""
[0.965s] -- Up-to-date: /home/kuljot/Project/ball_follower/install/bot/lib/bot/bot_node
[0.966s] -- Up-to-date: /home/kuljot/Project/ball_follower/install/bot/share/bot//launch
[0.966s] -- Installing: /home/kuljot/Project/ball_follower/install/bot/share/bot//launch/launch_sim.launch.py
[0.967s] -- Up-to-date: /home/kuljot/Project/ball_follower/install/bot/share/bot//launch/rsp.launch.py
[0.967s] -- Up-to-date: /home/kuljot/Project/ball_follower/install/bot/share/ament_index/resource_index/package_run_dependencies/bot
[0.968s] -- Up-to-date: /home/kuljot/Project/ball_follower/install/bot/share/ament_index/resource_index/parent_prefix_path/bot
[0.969s] -- Up-to-date: /home/kuljot/Project/ball_follower/install/bot/share/bot/environment/ament_prefix_path.sh
[0.969s] -- Up-to-date: /home/kuljot/Project/ball_follower/install/bot/share/bot/environment/ament_prefix_path.dsv
[0.970s] -- Up-to-date: /home/kuljot/Project/ball_follower/install/bot/share/bot/environment/path.sh
[0.970s] -- Up-to-date: /home/kuljot/Project/ball_follower/install/bot/share/bot/environment/path.dsv
[0.970s] -- Up-to-date: /home/kuljot/Project/ball_follower/install/bot/share/bot/local_setup.bash
[0.971s] -- Up-to-date: /home/kuljot/Project/ball_follower/install/bot/share/bot/local_setup.sh
[0.971s] -- Up-to-date: /home/kuljot/Project/ball_follower/install/bot/share/bot/local_setup.zsh
[0.971s] -- Up-to-date: /home/kuljot/Project/ball_follower/install/bot/share/bot/local_setup.dsv
[0.972s] -- Installing: /home/kuljot/Project/ball_follower/install/bot/share/bot/package.dsv
[0.972s] -- Up-to-date: /home/kuljot/Project/ball_follower/install/bot/share/ament_index/resource_index/packages/bot
[0.972s] -- Up-to-date: /home/kuljot/Project/ball_follower/install/bot/share/bot/cmake/botConfig.cmake
[0.973s] -- Up-to-date: /home/kuljot/Project/ball_follower/install/bot/share/bot/cmake/botConfig-version.cmake
[0.973s] -- Up-to-date: /home/kuljot/Project/ball_follower/install/bot/share/bot/package.xml
[0.978s] Invoked command in '/home/kuljot/Project/ball_follower/build/bot' returned '0': CMAKE_PREFIX_PATH=${CMAKE_PREFIX_PATH}:/opt/ros/iron /usr/bin/cmake --install /home/kuljot/Project/ball_follower/build/bot
