[8.172s] DEBUG:colcon:Command line arguments: ['/usr/bin/colcon', 'build']
[8.173s] DEBUG:colcon:Parsed command line arguments: Namespace(log_base=None, log_level=None, verb_name='build', build_base='build', install_base='install', merge_install=False, symlink_install=False, test_result_base=None, continue_on_error=False, executor='parallel', parallel_workers=8, event_handlers=None, ignore_user_meta=False, metas=['./colcon.meta'], base_paths=['.'], packages_ignore=None, packages_ignore_regex=None, paths=None, packages_up_to=None, packages_up_to_regex=None, packages_above=None, packages_above_and_dependencies=None, packages_above_depth=None, packages_select_by_dep=None, packages_skip_by_dep=None, packages_skip_up_to=None, packages_select_build_failed=False, packages_skip_build_finished=False, packages_select_test_failures=False, packages_skip_test_passed=False, packages_select=None, packages_skip=None, packages_select_regex=None, packages_skip_regex=None, packages_start=None, packages_end=None, allow_overriding=[], cmake_args=None, cmake_target=None, cmake_target_skip_unavailable=False, cmake_clean_cache=False, cmake_clean_first=False, cmake_force_configure=False, ament_cmake_args=None, catkin_cmake_args=None, catkin_skip_building_tests=False, verb_parser=<colcon_defaults.argument_parser.defaults.DefaultArgumentsDecorator object at 0x7f7aaa171090>, verb_extension=<colcon_core.verb.build.BuildVerb object at 0x7f7aaa67e260>, main=<bound method BuildVerb.main of <colcon_core.verb.build.BuildVerb object at 0x7f7aaa67e260>>)
[8.440s] Level 1:colcon.colcon_core.package_discovery:discover_packages(colcon_meta) check parameters
[8.440s] Level 1:colcon.colcon_core.package_discovery:discover_packages(recursive) check parameters
[8.440s] Level 1:colcon.colcon_core.package_discovery:discover_packages(ignore) check parameters
[8.441s] Level 1:colcon.colcon_core.package_discovery:discover_packages(path) check parameters
[8.441s] Level 1:colcon.colcon_core.package_discovery:discover_packages(colcon_meta) discover
[8.441s] Level 1:colcon.colcon_core.package_discovery:discover_packages(recursive) discover
[8.441s] INFO:colcon.colcon_core.package_discovery:Crawling recursively for packages in '/home/kuljot/Project/ball_follower'
[8.441s] Level 1:colcon.colcon_core.package_identification:_identify(.) by extensions ['ignore', 'ignore_ament_install']
[8.442s] Level 1:colcon.colcon_core.package_identification:_identify(.) by extension 'ignore'
[8.442s] Level 1:colcon.colcon_core.package_identification:_identify(.) by extension 'ignore_ament_install'
[8.442s] Level 1:colcon.colcon_core.package_identification:_identify(.) by extensions ['colcon_pkg']
[8.442s] Level 1:colcon.colcon_core.package_identification:_identify(.) by extension 'colcon_pkg'
[8.443s] Level 1:colcon.colcon_core.package_identification:_identify(.) by extensions ['colcon_meta']
[8.443s] Level 1:colcon.colcon_core.package_identification:_identify(.) by extension 'colcon_meta'
[8.443s] Level 1:colcon.colcon_core.package_identification:_identify(.) by extensions ['ros']
[8.443s] Level 1:colcon.colcon_core.package_identification:_identify(.) by extension 'ros'
[8.483s] Level 1:colcon.colcon_core.package_identification:_identify(.) by extensions ['cmake', 'python']
[8.484s] Level 1:colcon.colcon_core.package_identification:_identify(.) by extension 'cmake'
[8.484s] Level 1:colcon.colcon_core.package_identification:_identify(.) by extension 'python'
[8.484s] Level 1:colcon.colcon_core.package_identification:_identify(.) by extensions ['python_setup_py']
[8.484s] Level 1:colcon.colcon_core.package_identification:_identify(.) by extension 'python_setup_py'
[8.485s] Level 1:colcon.colcon_core.package_identification:_identify(build) by extensions ['ignore', 'ignore_ament_install']
[8.485s] Level 1:colcon.colcon_core.package_identification:_identify(build) by extension 'ignore'
[8.485s] Level 1:colcon.colcon_core.package_identification:_identify(build) ignored
[8.486s] Level 1:colcon.colcon_core.package_identification:_identify(install) by extensions ['ignore', 'ignore_ament_install']
[8.486s] Level 1:colcon.colcon_core.package_identification:_identify(install) by extension 'ignore'
[8.486s] Level 1:colcon.colcon_core.package_identification:_identify(install) ignored
[8.487s] Level 1:colcon.colcon_core.package_identification:_identify(log) by extensions ['ignore', 'ignore_ament_install']
[8.487s] Level 1:colcon.colcon_core.package_identification:_identify(log) by extension 'ignore'
[8.487s] Level 1:colcon.colcon_core.package_identification:_identify(log) ignored
[8.487s] Level 1:colcon.colcon_core.package_identification:_identify(src) by extensions ['ignore', 'ignore_ament_install']
[8.488s] Level 1:colcon.colcon_core.package_identification:_identify(src) by extension 'ignore'
[8.488s] Level 1:colcon.colcon_core.package_identification:_identify(src) by extension 'ignore_ament_install'
[8.488s] Level 1:colcon.colcon_core.package_identification:_identify(src) by extensions ['colcon_pkg']
[8.488s] Level 1:colcon.colcon_core.package_identification:_identify(src) by extension 'colcon_pkg'
[8.488s] Level 1:colcon.colcon_core.package_identification:_identify(src) by extensions ['colcon_meta']
[8.489s] Level 1:colcon.colcon_core.package_identification:_identify(src) by extension 'colcon_meta'
[8.489s] Level 1:colcon.colcon_core.package_identification:_identify(src) by extensions ['ros']
[8.489s] Level 1:colcon.colcon_core.package_identification:_identify(src) by extension 'ros'
[8.489s] Level 1:colcon.colcon_core.package_identification:_identify(src) by extensions ['cmake', 'python']
[8.489s] Level 1:colcon.colcon_core.package_identification:_identify(src) by extension 'cmake'
[8.490s] Level 1:colcon.colcon_core.package_identification:_identify(src) by extension 'python'
[8.490s] Level 1:colcon.colcon_core.package_identification:_identify(src) by extensions ['python_setup_py']
[8.490s] Level 1:colcon.colcon_core.package_identification:_identify(src) by extension 'python_setup_py'
[8.490s] Level 1:colcon.colcon_core.package_identification:_identify(src/bot) by extensions ['ignore', 'ignore_ament_install']
[8.491s] Level 1:colcon.colcon_core.package_identification:_identify(src/bot) by extension 'ignore'
[8.491s] Level 1:colcon.colcon_core.package_identification:_identify(src/bot) by extension 'ignore_ament_install'
[8.491s] Level 1:colcon.colcon_core.package_identification:_identify(src/bot) by extensions ['colcon_pkg']
[8.491s] Level 1:colcon.colcon_core.package_identification:_identify(src/bot) by extension 'colcon_pkg'
[8.492s] Level 1:colcon.colcon_core.package_identification:_identify(src/bot) by extensions ['colcon_meta']
[8.492s] Level 1:colcon.colcon_core.package_identification:_identify(src/bot) by extension 'colcon_meta'
[8.492s] Level 1:colcon.colcon_core.package_identification:_identify(src/bot) by extensions ['ros']
[8.492s] Level 1:colcon.colcon_core.package_identification:_identify(src/bot) by extension 'ros'
[8.501s] DEBUG:colcon.colcon_core.package_identification:Package 'src/bot' with type 'ros.ament_cmake' and name 'bot'
[8.502s] Level 1:colcon.colcon_core.package_discovery:discover_packages(recursive) using defaults
[8.502s] Level 1:colcon.colcon_core.package_discovery:discover_packages(ignore) discover
[8.502s] Level 1:colcon.colcon_core.package_discovery:discover_packages(ignore) using defaults
[8.502s] Level 1:colcon.colcon_core.package_discovery:discover_packages(path) discover
[8.502s] Level 1:colcon.colcon_core.package_discovery:discover_packages(path) using defaults
[9.234s] Level 1:colcon.colcon_core.package_discovery:discover_packages(prefix_path) check parameters
[9.235s] Level 1:colcon.colcon_core.package_discovery:discover_packages(prefix_path) discover
[9.471s] DEBUG:colcon.colcon_installed_package_information.package_discovery:Found 1 installed packages in /home/kuljot/Project/articubot_ws/install
[9.581s] DEBUG:colcon.colcon_installed_package_information.package_discovery:Found 336 installed packages in /opt/ros/iron
[9.588s] Level 1:colcon.colcon_core.package_discovery:discover_packages(prefix_path) using defaults
[10.073s] Level 5:colcon.colcon_core.verb:set package 'bot' build argument 'cmake_args' from command line to 'None'
[10.074s] Level 5:colcon.colcon_core.verb:set package 'bot' build argument 'cmake_target' from command line to 'None'
[10.074s] Level 5:colcon.colcon_core.verb:set package 'bot' build argument 'cmake_target_skip_unavailable' from command line to 'False'
[10.074s] Level 5:colcon.colcon_core.verb:set package 'bot' build argument 'cmake_clean_cache' from command line to 'False'
[10.074s] Level 5:colcon.colcon_core.verb:set package 'bot' build argument 'cmake_clean_first' from command line to 'False'
[10.074s] Level 5:colcon.colcon_core.verb:set package 'bot' build argument 'cmake_force_configure' from command line to 'False'
[10.074s] Level 5:colcon.colcon_core.verb:set package 'bot' build argument 'ament_cmake_args' from command line to 'None'
[10.074s] Level 5:colcon.colcon_core.verb:set package 'bot' build argument 'catkin_cmake_args' from command line to 'None'
[10.075s] Level 5:colcon.colcon_core.verb:set package 'bot' build argument 'catkin_skip_building_tests' from command line to 'False'
[10.075s] DEBUG:colcon.colcon_core.verb:Building package 'bot' with the following arguments: {'ament_cmake_args': None, 'build_base': '/home/kuljot/Project/ball_follower/build/bot', 'catkin_cmake_args': None, 'catkin_skip_building_tests': False, 'cmake_args': None, 'cmake_clean_cache': False, 'cmake_clean_first': False, 'cmake_force_configure': False, 'cmake_target': None, 'cmake_target_skip_unavailable': False, 'install_base': '/home/kuljot/Project/ball_follower/install/bot', 'merge_install': False, 'path': '/home/kuljot/Project/ball_follower/src/bot', 'symlink_install': False, 'test_result_base': None}
[10.188s] INFO:colcon.colcon_core.executor:Executing jobs using 'parallel' executor
[10.303s] DEBUG:colcon.colcon_parallel_executor.executor.parallel:run_until_complete
[10.304s] INFO:colcon.colcon_ros.task.ament_cmake.build:Building ROS package in '/home/kuljot/Project/ball_follower/src/bot' with build type 'ament_cmake'
[10.305s] INFO:colcon.colcon_cmake.task.cmake.build:Building CMake package in '/home/kuljot/Project/ball_follower/src/bot'
[10.434s] INFO:colcon.colcon_core.plugin_system:Skipping extension 'colcon_core.shell.bat': Not used on non-Windows systems
[10.435s] INFO:colcon.colcon_core.shell:Skip shell extension 'powershell' for command environment: Not usable outside of PowerShell
[10.435s] DEBUG:colcon.colcon_core.shell:Skip shell extension 'dsv' for command environment
[10.835s] DEBUG:colcon.colcon_core.event_handler.log_command:Invoking command in '/home/kuljot/Project/ball_follower/build/bot': CMAKE_PREFIX_PATH=${CMAKE_PREFIX_PATH}:/opt/ros/iron /usr/bin/cmake --build /home/kuljot/Project/ball_follower/build/bot -- -j8 -l8
[11.255s] DEBUG:colcon.colcon_core.event_handler.log_command:Invoked command in '/home/kuljot/Project/ball_follower/build/bot' returned '2': CMAKE_PREFIX_PATH=${CMAKE_PREFIX_PATH}:/opt/ros/iron /usr/bin/cmake --build /home/kuljot/Project/ball_follower/build/bot -- -j8 -l8
[11.472s] Level 1:colcon.colcon_core.environment:create_environment_scripts_only(bot)
[11.610s] Level 1:colcon.colcon_core.environment:checking '/home/kuljot/Project/ball_follower/install/bot' for CMake module files
[11.611s] Level 1:colcon.colcon_core.environment:checking '/home/kuljot/Project/ball_follower/install/bot' for CMake config files
[11.613s] Level 1:colcon.colcon_core.environment:checking '/home/kuljot/Project/ball_follower/install/bot/bin'
[11.613s] Level 1:colcon.colcon_core.environment:checking '/home/kuljot/Project/ball_follower/install/bot/lib/pkgconfig/bot.pc'
[11.614s] Level 1:colcon.colcon_core.environment:checking '/home/kuljot/Project/ball_follower/install/bot/lib/python3.10/site-packages'
[11.615s] Level 1:colcon.colcon_core.environment:checking '/home/kuljot/Project/ball_follower/install/bot/bin'
[11.742s] INFO:colcon.colcon_core.shell:Creating package script '/home/kuljot/Project/ball_follower/install/bot/share/bot/package.ps1'
[11.746s] INFO:colcon.colcon_core.shell:Creating package descriptor '/home/kuljot/Project/ball_follower/install/bot/share/bot/package.dsv'
[11.748s] INFO:colcon.colcon_core.shell:Creating package script '/home/kuljot/Project/ball_follower/install/bot/share/bot/package.sh'
[11.753s] INFO:colcon.colcon_core.shell:Creating package script '/home/kuljot/Project/ball_follower/install/bot/share/bot/package.bash'
[11.757s] INFO:colcon.colcon_core.shell:Creating package script '/home/kuljot/Project/ball_follower/install/bot/share/bot/package.zsh'
[11.759s] Level 1:colcon.colcon_core.environment:create_file_with_runtime_dependencies(/home/kuljot/Project/ball_follower/install/bot/share/colcon-core/packages/bot)
[11.771s] DEBUG:colcon.colcon_parallel_executor.executor.parallel:closing loop
[11.771s] DEBUG:colcon.colcon_parallel_executor.executor.parallel:loop closed
[11.772s] DEBUG:colcon.colcon_parallel_executor.executor.parallel:run_until_complete finished with '2'
[11.772s] DEBUG:colcon.colcon_core.event_reactor:joining thread
[11.982s] INFO:colcon.colcon_core.plugin_system:Skipping extension 'colcon_notification.desktop_notification.terminal_notifier': Not used on non-Darwin systems
[11.983s] INFO:colcon.colcon_core.plugin_system:Skipping extension 'colcon_notification.desktop_notification.win32': Not used on non-Windows systems
[11.983s] INFO:colcon.colcon_notification.desktop_notification:Sending desktop notification using 'notify2'
[12.034s] DEBUG:colcon.colcon_core.event_reactor:joined thread
[12.187s] INFO:colcon.colcon_core.shell:Creating prefix script '/home/kuljot/Project/ball_follower/install/local_setup.ps1'
[12.191s] INFO:colcon.colcon_core.shell:Creating prefix util module '/home/kuljot/Project/ball_follower/install/_local_setup_util_ps1.py'
[12.197s] INFO:colcon.colcon_core.shell:Creating prefix chain script '/home/kuljot/Project/ball_follower/install/setup.ps1'
[12.330s] INFO:colcon.colcon_core.shell:Creating prefix script '/home/kuljot/Project/ball_follower/install/local_setup.sh'
[12.333s] INFO:colcon.colcon_core.shell:Creating prefix util module '/home/kuljot/Project/ball_follower/install/_local_setup_util_sh.py'
[12.335s] INFO:colcon.colcon_core.shell:Creating prefix chain script '/home/kuljot/Project/ball_follower/install/setup.sh'
[12.459s] INFO:colcon.colcon_core.shell:Creating prefix script '/home/kuljot/Project/ball_follower/install/local_setup.bash'
[12.461s] INFO:colcon.colcon_core.shell:Creating prefix chain script '/home/kuljot/Project/ball_follower/install/setup.bash'
[12.578s] INFO:colcon.colcon_core.shell:Creating prefix script '/home/kuljot/Project/ball_follower/install/local_setup.zsh'
[12.581s] INFO:colcon.colcon_core.shell:Creating prefix chain script '/home/kuljot/Project/ball_follower/install/setup.zsh'
