[0.571s] Invoking command in '/home/kuljot/Project/ball_follower/build/ball_follower': CMAKE_PREFIX_PATH=${CMAKE_PREFIX_PATH}:/opt/ros/iron /usr/bin/cmake /home/kuljot/Project/ball_follower/src/bot -DCMAKE_INSTALL_PREFIX=/home/kuljot/Project/ball_follower/install/ball_follower
[6.442s] -- The C compiler identification is GNU 11.4.0
[7.731s] -- The CXX compiler identification is GNU 11.4.0
[7.806s] -- Detecting C compiler ABI info
[8.297s] -- Detecting C compiler ABI info - done
[8.340s] -- Check for working C compiler: /usr/bin/cc - skipped
[8.342s] -- Detecting C compile features
[8.382s] -- Detecting C compile features - done
[8.400s] -- Detecting CXX compiler ABI info
[8.865s] -- Detecting CXX compiler ABI info - done
[8.935s] -- Check for working CXX compiler: /usr/bin/c++ - skipped
[8.937s] -- Detecting CXX compile features
[8.940s] -- Detecting CXX compile features - done
[9.305s] -- Found ament_cmake: 2.0.3 (/opt/ros/iron/share/ament_cmake/cmake)
[10.569s] -- Found Python3: /usr/bin/python3.10 (found version "3.10.12") found components: Interpreter 
[11.514s] -- Found ament_lint_auto: 0.14.2 (/opt/ros/iron/share/ament_lint_auto/cmake)
[13.092s] -- Added test 'cppcheck' to perform static code analysis on C / C++ code
[13.092s] -- Configured cppcheck include dirs: $<BUILD_INTERFACE:/home/kuljot/Project/ball_follower/src/bot/include>
[13.093s] -- Configured cppcheck exclude dirs and/or files: 
[13.129s] -- Added test 'flake8' to check Python code syntax and style conventions
[13.129s] -- Configured 'flake8' exclude dirs and/or files: 
[13.134s] -- Added test 'lint_cmake' to check CMake code style
[13.145s] -- Added test 'pep257' to check Python code against some of the docstring style conventions in PEP 257
[13.153s] -- Added test 'uncrustify' to check C / C++ code style
[13.154s] -- Configured uncrustify additional arguments: 
[13.156s] -- Added test 'xmllint' to check XML markup files
[13.164s] -- Configuring done
[13.210s] -- Generating done
[13.214s] -- Build files have been written to: /home/kuljot/Project/ball_follower/build/ball_follower
[13.231s] Invoked command in '/home/kuljot/Project/ball_follower/build/ball_follower' returned '0': CMAKE_PREFIX_PATH=${CMAKE_PREFIX_PATH}:/opt/ros/iron /usr/bin/cmake /home/kuljot/Project/ball_follower/src/bot -DCMAKE_INSTALL_PREFIX=/home/kuljot/Project/ball_follower/install/ball_follower
[13.241s] Invoking command in '/home/kuljot/Project/ball_follower/build/ball_follower': CMAKE_PREFIX_PATH=${CMAKE_PREFIX_PATH}:/opt/ros/iron /usr/bin/cmake --build /home/kuljot/Project/ball_follower/build/ball_follower -- -j8 -l8
[13.467s] [ 50%] [32mBuilding CXX object CMakeFiles/bot_node.dir/src/bot_node.cpp.o[0m
[15.808s] [01m[K/home/kuljot/Project/ball_follower/src/bot/src/bot_node.cpp:[m[K In function ‘[01m[Kint main(int, char**)[m[K’:
[15.809s] [01m[K/home/kuljot/Project/ball_follower/src/bot/src/bot_node.cpp:15:14:[m[K [01;35m[Kwarning: [m[Kunused parameter ‘[01m[Kargc[m[K’ [[01;35m[K]8;;https://gcc.gnu.org/onlinedocs/gcc/Warning-Options.html#index-Wunused-parameter-Wunused-parameter]8;;[m[K]
[15.809s]    15 | int main([01;35m[Kint argc[m[K, char** argv)
[15.810s]       |          [01;35m[K~~~~^~~~[m[K
[15.810s] [01m[K/home/kuljot/Project/ball_follower/src/bot/src/bot_node.cpp:15:27:[m[K [01;35m[Kwarning: [m[Kunused parameter ‘[01m[Kargv[m[K’ [[01;35m[K]8;;https://gcc.gnu.org/onlinedocs/gcc/Warning-Options.html#index-Wunused-parameter-Wunused-parameter]8;;[m[K]
[15.810s]    15 | int main(int argc, [01;35m[Kchar** argv[m[K)
[15.810s]       |                    [01;35m[K~~~~~~~^~~~[m[K
[16.093s] [100%] [32m[1mLinking CXX executable bot_node[0m
[16.428s] [100%] Built target bot_node
[16.474s] Invoked command in '/home/kuljot/Project/ball_follower/build/ball_follower' returned '0': CMAKE_PREFIX_PATH=${CMAKE_PREFIX_PATH}:/opt/ros/iron /usr/bin/cmake --build /home/kuljot/Project/ball_follower/build/ball_follower -- -j8 -l8
[16.628s] Invoking command in '/home/kuljot/Project/ball_follower/build/ball_follower': CMAKE_PREFIX_PATH=${CMAKE_PREFIX_PATH}:/opt/ros/iron /usr/bin/cmake --install /home/kuljot/Project/ball_follower/build/ball_follower
[16.659s] -- Install configuration: ""
[16.660s] -- Installing: /home/kuljot/Project/ball_follower/install/ball_follower/lib/ball_follower/bot_node
[16.662s] -- Up-to-date: /home/kuljot/Project/ball_follower/install/ball_follower/share/ball_follower/config
[16.663s] -- Up-to-date: /home/kuljot/Project/ball_follower/install/ball_follower/share/ball_follower/description
[16.664s] -- Installing: /home/kuljot/Project/ball_follower/install/ball_follower/share/ball_follower/description/robot_core.xacro
[16.665s] -- Up-to-date: /home/kuljot/Project/ball_follower/install/ball_follower/share/ball_follower/description/inertial_macros.xacro
[16.665s] -- Up-to-date: /home/kuljot/Project/ball_follower/install/ball_follower/share/ball_follower/description/visual_macros.xacro
[16.666s] -- Up-to-date: /home/kuljot/Project/ball_follower/install/ball_follower/share/ball_follower/description/robot.urdf.xacro
[16.666s] -- Up-to-date: /home/kuljot/Project/ball_follower/install/ball_follower/share/ball_follower/launch
[16.667s] -- Up-to-date: /home/kuljot/Project/ball_follower/install/ball_follower/share/ball_follower/launch/launch_sim.launch.py
[16.667s] -- Up-to-date: /home/kuljot/Project/ball_follower/install/ball_follower/share/ball_follower/launch/rsp.launch.py
[16.667s] -- Up-to-date: /home/kuljot/Project/ball_follower/install/ball_follower/share/ball_follower/worlds
[16.668s] -- Installing: /home/kuljot/Project/ball_follower/install/ball_follower/share/ament_index/resource_index/package_run_dependencies/ball_follower
[16.668s] -- Installing: /home/kuljot/Project/ball_follower/install/ball_follower/share/ament_index/resource_index/parent_prefix_path/ball_follower
[16.669s] -- Up-to-date: /home/kuljot/Project/ball_follower/install/ball_follower/share/ball_follower/environment/ament_prefix_path.sh
[16.669s] -- Installing: /home/kuljot/Project/ball_follower/install/ball_follower/share/ball_follower/environment/ament_prefix_path.dsv
[16.669s] -- Up-to-date: /home/kuljot/Project/ball_follower/install/ball_follower/share/ball_follower/environment/path.sh
[16.670s] -- Installing: /home/kuljot/Project/ball_follower/install/ball_follower/share/ball_follower/environment/path.dsv
[16.670s] -- Installing: /home/kuljot/Project/ball_follower/install/ball_follower/share/ball_follower/local_setup.bash
[16.671s] -- Installing: /home/kuljot/Project/ball_follower/install/ball_follower/share/ball_follower/local_setup.sh
[16.671s] -- Installing: /home/kuljot/Project/ball_follower/install/ball_follower/share/ball_follower/local_setup.zsh
[16.672s] -- Installing: /home/kuljot/Project/ball_follower/install/ball_follower/share/ball_follower/local_setup.dsv
[16.673s] -- Installing: /home/kuljot/Project/ball_follower/install/ball_follower/share/ball_follower/package.dsv
[16.674s] -- Installing: /home/kuljot/Project/ball_follower/install/ball_follower/share/ament_index/resource_index/packages/ball_follower
[16.675s] -- Installing: /home/kuljot/Project/ball_follower/install/ball_follower/share/ball_follower/cmake/ball_followerConfig.cmake
[16.676s] -- Installing: /home/kuljot/Project/ball_follower/install/ball_follower/share/ball_follower/cmake/ball_followerConfig-version.cmake
[16.677s] -- Up-to-date: /home/kuljot/Project/ball_follower/install/ball_follower/share/ball_follower/package.xml
[16.683s] Invoked command in '/home/kuljot/Project/ball_follower/build/ball_follower' returned '0': CMAKE_PREFIX_PATH=${CMAKE_PREFIX_PATH}:/opt/ros/iron /usr/bin/cmake --install /home/kuljot/Project/ball_follower/build/ball_follower
