[0.595s] Invoking command in '/home/kuljot/Project/ball_follower/build/ball_follower': CMAKE_PREFIX_PATH=${CMAKE_PREFIX_PATH}:/opt/ros/iron /usr/bin/cmake /home/kuljot/Project/ball_follower/src/bot -DCMAKE_INSTALL_PREFIX=/home/kuljot/Project/ball_follower/install/ball_follower
[0.799s] -- The C compiler identification is GNU 11.4.0
[1.073s] -- The CXX compiler identification is GNU 11.4.0
[1.112s] -- Detecting C compiler ABI info
[1.420s] -- Detecting C compiler ABI info - done
[1.468s] -- Check for working C compiler: /usr/bin/cc - skipped
[1.469s] -- Detecting C compile features
[1.471s] -- Detecting C compile features - done
[1.487s] -- Detecting CXX compiler ABI info
[1.816s] -- Detecting CXX compiler ABI info - done
[1.858s] -- Check for working CXX compiler: /usr/bin/c++ - skipped
[1.859s] -- Detecting CXX compile features
[1.861s] -- Detecting CXX compile features - done
[1.874s] -- Found ament_cmake: 2.0.3 (/opt/ros/iron/share/ament_cmake/cmake)
[2.628s] -- Found Python3: /usr/bin/python3.10 (found version "3.10.12") found components: Interpreter 
[3.050s] -- Found ament_lint_auto: 0.14.2 (/opt/ros/iron/share/ament_lint_auto/cmake)
[3.333s] [31mCMake Error at /opt/ros/iron/share/ament_cmake_core/cmake/core/ament_package_xml.cmake:53 (message):
[3.333s]   ament_package_xml() package name 'ball_follower' in '/package.xml' does not
[3.333s]   match current PROJECT_NAME 'bot'.  You must call project() with the same
[3.334s]   package name before.
[3.334s] Call Stack (most recent call first):
[3.334s]   /opt/ros/iron/share/ament_lint_auto/cmake/ament_lint_auto_find_test_dependencies.cmake:31 (ament_package_xml)
[3.335s]   CMakeLists.txt:32 (ament_lint_auto_find_test_dependencies)
[3.335s] 
[3.335s] [0m
[3.336s] -- Configuring incomplete, errors occurred!
[3.336s] See also "/home/kuljot/Project/ball_follower/build/ball_follower/CMakeFiles/CMakeOutput.log".
[3.352s] Invoked command in '/home/kuljot/Project/ball_follower/build/ball_follower' returned '1': CMAKE_PREFIX_PATH=${CMAKE_PREFIX_PATH}:/opt/ros/iron /usr/bin/cmake /home/kuljot/Project/ball_follower/src/bot -DCMAKE_INSTALL_PREFIX=/home/kuljot/Project/ball_follower/install/ball_follower
