[7.266s] DEBUG:colcon:Command line arguments: ['/usr/bin/colcon', 'build']
[7.266s] DEBUG:colcon:Parsed command line arguments: Namespace(log_base=None, log_level=None, verb_name='build', build_base='build', install_base='install', merge_install=False, symlink_install=False, test_result_base=None, continue_on_error=False, executor='parallel', parallel_workers=8, event_handlers=None, ignore_user_meta=False, metas=['./colcon.meta'], base_paths=['.'], packages_ignore=None, packages_ignore_regex=None, paths=None, packages_up_to=None, packages_up_to_regex=None, packages_above=None, packages_above_and_dependencies=None, packages_above_depth=None, packages_select_by_dep=None, packages_skip_by_dep=None, packages_skip_up_to=None, packages_select_build_failed=False, packages_skip_build_finished=False, packages_select_test_failures=False, packages_skip_test_passed=False, packages_select=None, packages_skip=None, packages_select_regex=None, packages_skip_regex=None, packages_start=None, packages_end=None, allow_overriding=[], cmake_args=None, cmake_target=None, cmake_target_skip_unavailable=False, cmake_clean_cache=False, cmake_clean_first=False, cmake_force_configure=False, ament_cmake_args=None, catkin_cmake_args=None, catkin_skip_building_tests=False, verb_parser=<colcon_defaults.argument_parser.defaults.DefaultArgumentsDecorator object at 0x7f3faa73d060>, verb_extension=<colcon_core.verb.build.BuildVerb object at 0x7f3faac8a260>, main=<bound method BuildVerb.main of <colcon_core.verb.build.BuildVerb object at 0x7f3faac8a260>>)
[7.503s] Level 1:colcon.colcon_core.package_discovery:discover_packages(colcon_meta) check parameters
[7.504s] Level 1:colcon.colcon_core.package_discovery:discover_packages(recursive) check parameters
[7.504s] Level 1:colcon.colcon_core.package_discovery:discover_packages(ignore) check parameters
[7.504s] Level 1:colcon.colcon_core.package_discovery:discover_packages(path) check parameters
[7.504s] Level 1:colcon.colcon_core.package_discovery:discover_packages(colcon_meta) discover
[7.504s] Level 1:colcon.colcon_core.package_discovery:discover_packages(recursive) discover
[7.505s] INFO:colcon.colcon_core.package_discovery:Crawling recursively for packages in '/home/kuljot/Project/ball_follower'
[7.505s] Level 1:colcon.colcon_core.package_identification:_identify(.) by extensions ['ignore', 'ignore_ament_install']
[7.505s] Level 1:colcon.colcon_core.package_identification:_identify(.) by extension 'ignore'
[7.506s] Level 1:colcon.colcon_core.package_identification:_identify(.) by extension 'ignore_ament_install'
[7.506s] Level 1:colcon.colcon_core.package_identification:_identify(.) by extensions ['colcon_pkg']
[7.506s] Level 1:colcon.colcon_core.package_identification:_identify(.) by extension 'colcon_pkg'
[7.506s] Level 1:colcon.colcon_core.package_identification:_identify(.) by extensions ['colcon_meta']
[7.506s] Level 1:colcon.colcon_core.package_identification:_identify(.) by extension 'colcon_meta'
[7.507s] Level 1:colcon.colcon_core.package_identification:_identify(.) by extensions ['ros']
[7.507s] Level 1:colcon.colcon_core.package_identification:_identify(.) by extension 'ros'
[7.541s] Level 1:colcon.colcon_core.package_identification:_identify(.) by extensions ['cmake', 'python']
[7.542s] Level 1:colcon.colcon_core.package_identification:_identify(.) by extension 'cmake'
[7.542s] Level 1:colcon.colcon_core.package_identification:_identify(.) by extension 'python'
[7.542s] Level 1:colcon.colcon_core.package_identification:_identify(.) by extensions ['python_setup_py']
[7.542s] Level 1:colcon.colcon_core.package_identification:_identify(.) by extension 'python_setup_py'
[7.543s] Level 1:colcon.colcon_core.package_identification:_identify(build) by extensions ['ignore', 'ignore_ament_install']
[7.543s] Level 1:colcon.colcon_core.package_identification:_identify(build) by extension 'ignore'
[7.543s] Level 1:colcon.colcon_core.package_identification:_identify(build) ignored
[7.544s] Level 1:colcon.colcon_core.package_identification:_identify(install) by extensions ['ignore', 'ignore_ament_install']
[7.544s] Level 1:colcon.colcon_core.package_identification:_identify(install) by extension 'ignore'
[7.545s] Level 1:colcon.colcon_core.package_identification:_identify(install) ignored
[7.545s] Level 1:colcon.colcon_core.package_identification:_identify(log) by extensions ['ignore', 'ignore_ament_install']
[7.546s] Level 1:colcon.colcon_core.package_identification:_identify(log) by extension 'ignore'
[7.546s] Level 1:colcon.colcon_core.package_identification:_identify(log) ignored
[7.546s] Level 1:colcon.colcon_core.package_identification:_identify(src) by extensions ['ignore', 'ignore_ament_install']
[7.546s] Level 1:colcon.colcon_core.package_identification:_identify(src) by extension 'ignore'
[7.547s] Level 1:colcon.colcon_core.package_identification:_identify(src) by extension 'ignore_ament_install'
[7.547s] Level 1:colcon.colcon_core.package_identification:_identify(src) by extensions ['colcon_pkg']
[7.547s] Level 1:colcon.colcon_core.package_identification:_identify(src) by extension 'colcon_pkg'
[7.547s] Level 1:colcon.colcon_core.package_identification:_identify(src) by extensions ['colcon_meta']
[7.548s] Level 1:colcon.colcon_core.package_identification:_identify(src) by extension 'colcon_meta'
[7.548s] Level 1:colcon.colcon_core.package_identification:_identify(src) by extensions ['ros']
[7.548s] Level 1:colcon.colcon_core.package_identification:_identify(src) by extension 'ros'
[7.548s] Level 1:colcon.colcon_core.package_identification:_identify(src) by extensions ['cmake', 'python']
[7.548s] Level 1:colcon.colcon_core.package_identification:_identify(src) by extension 'cmake'
[7.549s] Level 1:colcon.colcon_core.package_identification:_identify(src) by extension 'python'
[7.549s] Level 1:colcon.colcon_core.package_identification:_identify(src) by extensions ['python_setup_py']
[7.549s] Level 1:colcon.colcon_core.package_identification:_identify(src) by extension 'python_setup_py'
[7.549s] Level 1:colcon.colcon_core.package_identification:_identify(src/bot) by extensions ['ignore', 'ignore_ament_install']
[7.550s] Level 1:colcon.colcon_core.package_identification:_identify(src/bot) by extension 'ignore'
[7.550s] Level 1:colcon.colcon_core.package_identification:_identify(src/bot) by extension 'ignore_ament_install'
[7.550s] Level 1:colcon.colcon_core.package_identification:_identify(src/bot) by extensions ['colcon_pkg']
[7.551s] Level 1:colcon.colcon_core.package_identification:_identify(src/bot) by extension 'colcon_pkg'
[7.551s] Level 1:colcon.colcon_core.package_identification:_identify(src/bot) by extensions ['colcon_meta']
[7.551s] Level 1:colcon.colcon_core.package_identification:_identify(src/bot) by extension 'colcon_meta'
[7.551s] Level 1:colcon.colcon_core.package_identification:_identify(src/bot) by extensions ['ros']
[7.551s] Level 1:colcon.colcon_core.package_identification:_identify(src/bot) by extension 'ros'
[7.562s] DEBUG:colcon.colcon_core.package_identification:Package 'src/bot' with type 'ros.ament_cmake' and name 'bot'
[7.562s] Level 1:colcon.colcon_core.package_discovery:discover_packages(recursive) using defaults
[7.562s] Level 1:colcon.colcon_core.package_discovery:discover_packages(ignore) discover
[7.562s] Level 1:colcon.colcon_core.package_discovery:discover_packages(ignore) using defaults
[7.562s] Level 1:colcon.colcon_core.package_discovery:discover_packages(path) discover
[7.563s] Level 1:colcon.colcon_core.package_discovery:discover_packages(path) using defaults
[8.124s] Level 1:colcon.colcon_core.package_discovery:discover_packages(prefix_path) check parameters
[8.124s] Level 1:colcon.colcon_core.package_discovery:discover_packages(prefix_path) discover
[8.334s] DEBUG:colcon.colcon_installed_package_information.package_discovery:Found 1 installed packages in /home/kuljot/Project/articubot_ws/install
[8.446s] DEBUG:colcon.colcon_installed_package_information.package_discovery:Found 336 installed packages in /opt/ros/iron
[8.454s] Level 1:colcon.colcon_core.package_discovery:discover_packages(prefix_path) using defaults
[8.925s] Level 5:colcon.colcon_core.verb:set package 'bot' build argument 'cmake_args' from command line to 'None'
[8.926s] Level 5:colcon.colcon_core.verb:set package 'bot' build argument 'cmake_target' from command line to 'None'
[8.926s] Level 5:colcon.colcon_core.verb:set package 'bot' build argument 'cmake_target_skip_unavailable' from command line to 'False'
[8.926s] Level 5:colcon.colcon_core.verb:set package 'bot' build argument 'cmake_clean_cache' from command line to 'False'
[8.926s] Level 5:colcon.colcon_core.verb:set package 'bot' build argument 'cmake_clean_first' from command line to 'False'
[8.926s] Level 5:colcon.colcon_core.verb:set package 'bot' build argument 'cmake_force_configure' from command line to 'False'
[8.926s] Level 5:colcon.colcon_core.verb:set package 'bot' build argument 'ament_cmake_args' from command line to 'None'
[8.927s] Level 5:colcon.colcon_core.verb:set package 'bot' build argument 'catkin_cmake_args' from command line to 'None'
[8.927s] Level 5:colcon.colcon_core.verb:set package 'bot' build argument 'catkin_skip_building_tests' from command line to 'False'
[8.927s] DEBUG:colcon.colcon_core.verb:Building package 'bot' with the following arguments: {'ament_cmake_args': None, 'build_base': '/home/kuljot/Project/ball_follower/build/bot', 'catkin_cmake_args': None, 'catkin_skip_building_tests': False, 'cmake_args': None, 'cmake_clean_cache': False, 'cmake_clean_first': False, 'cmake_force_configure': False, 'cmake_target': None, 'cmake_target_skip_unavailable': False, 'install_base': '/home/kuljot/Project/ball_follower/install/bot', 'merge_install': False, 'path': '/home/kuljot/Project/ball_follower/src/bot', 'symlink_install': False, 'test_result_base': None}
[9.040s] INFO:colcon.colcon_core.executor:Executing jobs using 'parallel' executor
[9.157s] DEBUG:colcon.colcon_parallel_executor.executor.parallel:run_until_complete
[9.158s] INFO:colcon.colcon_ros.task.ament_cmake.build:Building ROS package in '/home/kuljot/Project/ball_follower/src/bot' with build type 'ament_cmake'
[9.158s] INFO:colcon.colcon_cmake.task.cmake.build:Building CMake package in '/home/kuljot/Project/ball_follower/src/bot'
[9.297s] INFO:colcon.colcon_core.plugin_system:Skipping extension 'colcon_core.shell.bat': Not used on non-Windows systems
[9.298s] INFO:colcon.colcon_core.shell:Skip shell extension 'powershell' for command environment: Not usable outside of PowerShell
[9.298s] DEBUG:colcon.colcon_core.shell:Skip shell extension 'dsv' for command environment
[9.731s] DEBUG:colcon.colcon_core.event_handler.log_command:Invoking command in '/home/kuljot/Project/ball_follower/build/bot': CMAKE_PREFIX_PATH=${CMAKE_PREFIX_PATH}:/opt/ros/iron /usr/bin/cmake --build /home/kuljot/Project/ball_follower/build/bot -- -j8 -l8
[10.154s] DEBUG:colcon.colcon_core.event_handler.log_command:Invoked command in '/home/kuljot/Project/ball_follower/build/bot' returned '2': CMAKE_PREFIX_PATH=${CMAKE_PREFIX_PATH}:/opt/ros/iron /usr/bin/cmake --build /home/kuljot/Project/ball_follower/build/bot -- -j8 -l8
[10.404s] Level 1:colcon.colcon_core.environment:create_environment_scripts_only(bot)
[10.550s] Level 1:colcon.colcon_core.environment:checking '/home/kuljot/Project/ball_follower/install/bot' for CMake module files
[10.552s] Level 1:colcon.colcon_core.environment:checking '/home/kuljot/Project/ball_follower/install/bot' for CMake config files
[10.554s] Level 1:colcon.colcon_core.environment:checking '/home/kuljot/Project/ball_follower/install/bot/bin'
[10.554s] Level 1:colcon.colcon_core.environment:checking '/home/kuljot/Project/ball_follower/install/bot/lib/pkgconfig/bot.pc'
[10.555s] Level 1:colcon.colcon_core.environment:checking '/home/kuljot/Project/ball_follower/install/bot/lib/python3.10/site-packages'
[10.556s] Level 1:colcon.colcon_core.environment:checking '/home/kuljot/Project/ball_follower/install/bot/bin'
[10.688s] INFO:colcon.colcon_core.shell:Creating package script '/home/kuljot/Project/ball_follower/install/bot/share/bot/package.ps1'
[10.692s] INFO:colcon.colcon_core.shell:Creating package descriptor '/home/kuljot/Project/ball_follower/install/bot/share/bot/package.dsv'
[10.694s] INFO:colcon.colcon_core.shell:Creating package script '/home/kuljot/Project/ball_follower/install/bot/share/bot/package.sh'
[10.697s] INFO:colcon.colcon_core.shell:Creating package script '/home/kuljot/Project/ball_follower/install/bot/share/bot/package.bash'
[10.701s] INFO:colcon.colcon_core.shell:Creating package script '/home/kuljot/Project/ball_follower/install/bot/share/bot/package.zsh'
[10.704s] Level 1:colcon.colcon_core.environment:create_file_with_runtime_dependencies(/home/kuljot/Project/ball_follower/install/bot/share/colcon-core/packages/bot)
[10.716s] DEBUG:colcon.colcon_parallel_executor.executor.parallel:closing loop
[10.716s] DEBUG:colcon.colcon_parallel_executor.executor.parallel:loop closed
[10.717s] DEBUG:colcon.colcon_parallel_executor.executor.parallel:run_until_complete finished with '2'
[10.717s] DEBUG:colcon.colcon_core.event_reactor:joining thread
[10.917s] INFO:colcon.colcon_core.plugin_system:Skipping extension 'colcon_notification.desktop_notification.terminal_notifier': Not used on non-Darwin systems
[10.917s] INFO:colcon.colcon_core.plugin_system:Skipping extension 'colcon_notification.desktop_notification.win32': Not used on non-Windows systems
[10.918s] INFO:colcon.colcon_notification.desktop_notification:Sending desktop notification using 'notify2'
[10.965s] DEBUG:colcon.colcon_core.event_reactor:joined thread
[11.118s] INFO:colcon.colcon_core.shell:Creating prefix script '/home/kuljot/Project/ball_follower/install/local_setup.ps1'
[11.122s] INFO:colcon.colcon_core.shell:Creating prefix util module '/home/kuljot/Project/ball_follower/install/_local_setup_util_ps1.py'
[11.129s] INFO:colcon.colcon_core.shell:Creating prefix chain script '/home/kuljot/Project/ball_follower/install/setup.ps1'
[11.264s] INFO:colcon.colcon_core.shell:Creating prefix script '/home/kuljot/Project/ball_follower/install/local_setup.sh'
[11.266s] INFO:colcon.colcon_core.shell:Creating prefix util module '/home/kuljot/Project/ball_follower/install/_local_setup_util_sh.py'
[11.269s] INFO:colcon.colcon_core.shell:Creating prefix chain script '/home/kuljot/Project/ball_follower/install/setup.sh'
[11.406s] INFO:colcon.colcon_core.shell:Creating prefix script '/home/kuljot/Project/ball_follower/install/local_setup.bash'
[11.408s] INFO:colcon.colcon_core.shell:Creating prefix chain script '/home/kuljot/Project/ball_follower/install/setup.bash'
[11.540s] INFO:colcon.colcon_core.shell:Creating prefix script '/home/kuljot/Project/ball_follower/install/local_setup.zsh'
[11.542s] INFO:colcon.colcon_core.shell:Creating prefix chain script '/home/kuljot/Project/ball_follower/install/setup.zsh'
