[0.585s] Invoking command in '/home/kuljot/Project/ball_follower/build/ball_follower': CMAKE_PREFIX_PATH=${CMAKE_PREFIX_PATH}:/opt/ros/iron /usr/bin/cmake --build /home/kuljot/Project/ball_follower/build/ball_follower -- -j8 -l8
[0.770s] [100%] Built target bot_node
[0.814s] Invoked command in '/home/kuljot/Project/ball_follower/build/ball_follower' returned '0': CMAKE_PREFIX_PATH=${CMAKE_PREFIX_PATH}:/opt/ros/iron /usr/bin/cmake --build /home/kuljot/Project/ball_follower/build/ball_follower -- -j8 -l8
[0.952s] Invoking command in '/home/kuljot/Project/ball_follower/build/ball_follower': CMAKE_PREFIX_PATH=${CMAKE_PREFIX_PATH}:/opt/ros/iron /usr/bin/cmake --install /home/kuljot/Project/ball_follower/build/ball_follower
[0.979s] -- Install configuration: ""
[0.980s] -- Up-to-date: /home/kuljot/Project/ball_follower/install/ball_follower/lib/ball_follower/bot_node
[0.980s] -- Installing: /home/kuljot/Project/ball_follower/install/ball_follower/share/ball_follower/config
[0.981s] -- Installing: /home/kuljot/Project/ball_follower/install/ball_follower/share/ball_follower/description
[0.981s] -- Installing: /home/kuljot/Project/ball_follower/install/ball_follower/share/ball_follower/description/robot_core.xacro
[0.982s] -- Installing: /home/kuljot/Project/ball_follower/install/ball_follower/share/ball_follower/description/inertial_macros.xacro
[0.982s] -- Installing: /home/kuljot/Project/ball_follower/install/ball_follower/share/ball_follower/description/robot.urdf.xacro
[0.983s] -- Up-to-date: /home/kuljot/Project/ball_follower/install/ball_follower/share/ball_follower/launch
[0.983s] -- Up-to-date: /home/kuljot/Project/ball_follower/install/ball_follower/share/ball_follower/launch/launch_sim.launch.py
[0.984s] -- Up-to-date: /home/kuljot/Project/ball_follower/install/ball_follower/share/ball_follower/launch/rsp.launch.py
[0.984s] [31mCMake Error at cmake_install.cmake:62 (file):
[0.984s]   file INSTALL cannot find
[0.985s]   "/home/kuljot/Project/ball_follower/src/bot/worlds": No such file or
[0.985s]   directory.
[0.985s] 
[0.985s] [0m
[0.990s] Invoked command in '/home/kuljot/Project/ball_follower/build/ball_follower' returned '1': CMAKE_PREFIX_PATH=${CMAKE_PREFIX_PATH}:/opt/ros/iron /usr/bin/cmake --install /home/kuljot/Project/ball_follower/build/ball_follower
