[5.942s] DEBUG:colcon:Command line arguments: ['/usr/bin/colcon', 'build']
[5.942s] DEBUG:colcon:Parsed command line arguments: Namespace(log_base=None, log_level=None, verb_name='build', build_base='build', install_base='install', merge_install=False, symlink_install=False, test_result_base=None, continue_on_error=False, executor='parallel', parallel_workers=8, event_handlers=None, ignore_user_meta=False, metas=['./colcon.meta'], base_paths=['.'], packages_ignore=None, packages_ignore_regex=None, paths=None, packages_up_to=None, packages_up_to_regex=None, packages_above=None, packages_above_and_dependencies=None, packages_above_depth=None, packages_select_by_dep=None, packages_skip_by_dep=None, packages_skip_up_to=None, packages_select_build_failed=False, packages_skip_build_finished=False, packages_select_test_failures=False, packages_skip_test_passed=False, packages_select=None, packages_skip=None, packages_select_regex=None, packages_skip_regex=None, packages_start=None, packages_end=None, allow_overriding=[], cmake_args=None, cmake_target=None, cmake_target_skip_unavailable=False, cmake_clean_cache=False, cmake_clean_first=False, cmake_force_configure=False, ament_cmake_args=None, catkin_cmake_args=None, catkin_skip_building_tests=False, verb_parser=<colcon_defaults.argument_parser.defaults.DefaultArgumentsDecorator object at 0x7fb8052ed090>, verb_extension=<colcon_core.verb.build.BuildVerb object at 0x7fb80588a260>, main=<bound method BuildVerb.main of <colcon_core.verb.build.BuildVerb object at 0x7fb80588a260>>)
[6.155s] Level 1:colcon.colcon_core.package_discovery:discover_packages(colcon_meta) check parameters
[6.155s] Level 1:colcon.colcon_core.package_discovery:discover_packages(recursive) check parameters
[6.156s] Level 1:colcon.colcon_core.package_discovery:discover_packages(ignore) check parameters
[6.156s] Level 1:colcon.colcon_core.package_discovery:discover_packages(path) check parameters
[6.156s] Level 1:colcon.colcon_core.package_discovery:discover_packages(colcon_meta) discover
[6.156s] Level 1:colcon.colcon_core.package_discovery:discover_packages(recursive) discover
[6.156s] INFO:colcon.colcon_core.package_discovery:Crawling recursively for packages in '/home/kuljot/Project/ball_follower'
[6.156s] Level 1:colcon.colcon_core.package_identification:_identify(.) by extensions ['ignore', 'ignore_ament_install']
[6.157s] Level 1:colcon.colcon_core.package_identification:_identify(.) by extension 'ignore'
[6.157s] Level 1:colcon.colcon_core.package_identification:_identify(.) by extension 'ignore_ament_install'
[6.157s] Level 1:colcon.colcon_core.package_identification:_identify(.) by extensions ['colcon_pkg']
[6.157s] Level 1:colcon.colcon_core.package_identification:_identify(.) by extension 'colcon_pkg'
[6.158s] Level 1:colcon.colcon_core.package_identification:_identify(.) by extensions ['colcon_meta']
[6.158s] Level 1:colcon.colcon_core.package_identification:_identify(.) by extension 'colcon_meta'
[6.158s] Level 1:colcon.colcon_core.package_identification:_identify(.) by extensions ['ros']
[6.158s] Level 1:colcon.colcon_core.package_identification:_identify(.) by extension 'ros'
[6.200s] Level 1:colcon.colcon_core.package_identification:_identify(.) by extensions ['cmake', 'python']
[6.200s] Level 1:colcon.colcon_core.package_identification:_identify(.) by extension 'cmake'
[6.201s] Level 1:colcon.colcon_core.package_identification:_identify(.) by extension 'python'
[6.201s] Level 1:colcon.colcon_core.package_identification:_identify(.) by extensions ['python_setup_py']
[6.201s] Level 1:colcon.colcon_core.package_identification:_identify(.) by extension 'python_setup_py'
[6.201s] Level 1:colcon.colcon_core.package_identification:_identify(build) by extensions ['ignore', 'ignore_ament_install']
[6.202s] Level 1:colcon.colcon_core.package_identification:_identify(build) by extension 'ignore'
[6.202s] Level 1:colcon.colcon_core.package_identification:_identify(build) ignored
[6.202s] Level 1:colcon.colcon_core.package_identification:_identify(install) by extensions ['ignore', 'ignore_ament_install']
[6.203s] Level 1:colcon.colcon_core.package_identification:_identify(install) by extension 'ignore'
[6.203s] Level 1:colcon.colcon_core.package_identification:_identify(install) ignored
[6.203s] Level 1:colcon.colcon_core.package_identification:_identify(log) by extensions ['ignore', 'ignore_ament_install']
[6.204s] Level 1:colcon.colcon_core.package_identification:_identify(log) by extension 'ignore'
[6.204s] Level 1:colcon.colcon_core.package_identification:_identify(log) ignored
[6.204s] Level 1:colcon.colcon_core.package_identification:_identify(src) by extensions ['ignore', 'ignore_ament_install']
[6.205s] Level 1:colcon.colcon_core.package_identification:_identify(src) by extension 'ignore'
[6.205s] Level 1:colcon.colcon_core.package_identification:_identify(src) by extension 'ignore_ament_install'
[6.205s] Level 1:colcon.colcon_core.package_identification:_identify(src) by extensions ['colcon_pkg']
[6.205s] Level 1:colcon.colcon_core.package_identification:_identify(src) by extension 'colcon_pkg'
[6.206s] Level 1:colcon.colcon_core.package_identification:_identify(src) by extensions ['colcon_meta']
[6.206s] Level 1:colcon.colcon_core.package_identification:_identify(src) by extension 'colcon_meta'
[6.206s] Level 1:colcon.colcon_core.package_identification:_identify(src) by extensions ['ros']
[6.206s] Level 1:colcon.colcon_core.package_identification:_identify(src) by extension 'ros'
[6.206s] Level 1:colcon.colcon_core.package_identification:_identify(src) by extensions ['cmake', 'python']
[6.207s] Level 1:colcon.colcon_core.package_identification:_identify(src) by extension 'cmake'
[6.207s] Level 1:colcon.colcon_core.package_identification:_identify(src) by extension 'python'
[6.207s] Level 1:colcon.colcon_core.package_identification:_identify(src) by extensions ['python_setup_py']
[6.207s] Level 1:colcon.colcon_core.package_identification:_identify(src) by extension 'python_setup_py'
[6.207s] Level 1:colcon.colcon_core.package_identification:_identify(src/bot) by extensions ['ignore', 'ignore_ament_install']
[6.208s] Level 1:colcon.colcon_core.package_identification:_identify(src/bot) by extension 'ignore'
[6.208s] Level 1:colcon.colcon_core.package_identification:_identify(src/bot) by extension 'ignore_ament_install'
[6.208s] Level 1:colcon.colcon_core.package_identification:_identify(src/bot) by extensions ['colcon_pkg']
[6.208s] Level 1:colcon.colcon_core.package_identification:_identify(src/bot) by extension 'colcon_pkg'
[6.209s] Level 1:colcon.colcon_core.package_identification:_identify(src/bot) by extensions ['colcon_meta']
[6.209s] Level 1:colcon.colcon_core.package_identification:_identify(src/bot) by extension 'colcon_meta'
[6.209s] Level 1:colcon.colcon_core.package_identification:_identify(src/bot) by extensions ['ros']
[6.209s] Level 1:colcon.colcon_core.package_identification:_identify(src/bot) by extension 'ros'
[6.213s] DEBUG:colcon.colcon_core.package_identification:Failed to parse potential ROS package manifest in'src/bot': Error(s) in package 'src/bot/package.xml':
The manifest contains invalid XML:
mismatched tag: line 20, column 2
[6.214s] Level 1:colcon.colcon_core.package_identification:_identify(src/bot) by extensions ['cmake', 'python']
[6.214s] Level 1:colcon.colcon_core.package_identification:_identify(src/bot) by extension 'cmake'
[6.219s] Level 1:colcon.colcon_core.package_identification:_identify(src/bot) by extension 'python'
[6.220s] DEBUG:colcon.colcon_core.package_identification:Package 'src/bot' with type 'cmake' and name 'bot'
[6.220s] Level 1:colcon.colcon_core.package_discovery:discover_packages(recursive) using defaults
[6.220s] Level 1:colcon.colcon_core.package_discovery:discover_packages(ignore) discover
[6.220s] Level 1:colcon.colcon_core.package_discovery:discover_packages(ignore) using defaults
[6.220s] Level 1:colcon.colcon_core.package_discovery:discover_packages(path) discover
[6.220s] Level 1:colcon.colcon_core.package_discovery:discover_packages(path) using defaults
[6.804s] Level 1:colcon.colcon_core.package_discovery:discover_packages(prefix_path) check parameters
[6.805s] Level 1:colcon.colcon_core.package_discovery:discover_packages(prefix_path) discover
[6.961s] DEBUG:colcon.colcon_installed_package_information.package_discovery:Found 1 installed packages in /home/kuljot/Project/articubot_ws/install
[7.040s] DEBUG:colcon.colcon_installed_package_information.package_discovery:Found 336 installed packages in /opt/ros/iron
[7.043s] Level 1:colcon.colcon_core.package_discovery:discover_packages(prefix_path) using defaults
[7.431s] Level 5:colcon.colcon_core.verb:set package 'bot' build argument 'cmake_args' from command line to 'None'
[7.431s] Level 5:colcon.colcon_core.verb:set package 'bot' build argument 'cmake_target' from command line to 'None'
[7.431s] Level 5:colcon.colcon_core.verb:set package 'bot' build argument 'cmake_target_skip_unavailable' from command line to 'False'
[7.431s] Level 5:colcon.colcon_core.verb:set package 'bot' build argument 'cmake_clean_cache' from command line to 'False'
[7.431s] Level 5:colcon.colcon_core.verb:set package 'bot' build argument 'cmake_clean_first' from command line to 'False'
[7.431s] Level 5:colcon.colcon_core.verb:set package 'bot' build argument 'cmake_force_configure' from command line to 'False'
[7.431s] Level 5:colcon.colcon_core.verb:set package 'bot' build argument 'ament_cmake_args' from command line to 'None'
[7.431s] Level 5:colcon.colcon_core.verb:set package 'bot' build argument 'catkin_cmake_args' from command line to 'None'
[7.431s] Level 5:colcon.colcon_core.verb:set package 'bot' build argument 'catkin_skip_building_tests' from command line to 'False'
[7.432s] DEBUG:colcon.colcon_core.verb:Building package 'bot' with the following arguments: {'ament_cmake_args': None, 'build_base': '/home/kuljot/Project/ball_follower/build/bot', 'catkin_cmake_args': None, 'catkin_skip_building_tests': False, 'cmake_args': None, 'cmake_clean_cache': False, 'cmake_clean_first': False, 'cmake_force_configure': False, 'cmake_target': None, 'cmake_target_skip_unavailable': False, 'install_base': '/home/kuljot/Project/ball_follower/install/bot', 'merge_install': False, 'path': '/home/kuljot/Project/ball_follower/src/bot', 'symlink_install': False, 'test_result_base': None}
[7.520s] INFO:colcon.colcon_core.executor:Executing jobs using 'parallel' executor
[7.611s] DEBUG:colcon.colcon_parallel_executor.executor.parallel:run_until_complete
[7.612s] INFO:colcon.colcon_cmake.task.cmake.build:Building CMake package in '/home/kuljot/Project/ball_follower/src/bot'
[7.721s] INFO:colcon.colcon_core.plugin_system:Skipping extension 'colcon_core.shell.bat': Not used on non-Windows systems
[7.722s] INFO:colcon.colcon_core.shell:Skip shell extension 'powershell' for command environment: Not usable outside of PowerShell
[7.722s] DEBUG:colcon.colcon_core.shell:Skip shell extension 'dsv' for command environment
[8.099s] DEBUG:colcon.colcon_core.event_handler.log_command:Invoking command in '/home/kuljot/Project/ball_follower/build/bot': /usr/bin/cmake /home/kuljot/Project/ball_follower/src/bot -DCMAKE_INSTALL_PREFIX=/home/kuljot/Project/ball_follower/install/bot
[9.218s] DEBUG:colcon.colcon_core.event_handler.log_command:Invoked command in '/home/kuljot/Project/ball_follower/build/bot' returned '1': /usr/bin/cmake /home/kuljot/Project/ball_follower/src/bot -DCMAKE_INSTALL_PREFIX=/home/kuljot/Project/ball_follower/install/bot
[9.228s] DEBUG:colcon.colcon_parallel_executor.executor.parallel:closing loop
[9.228s] DEBUG:colcon.colcon_parallel_executor.executor.parallel:loop closed
[9.229s] DEBUG:colcon.colcon_parallel_executor.executor.parallel:run_until_complete finished with '1'
[9.229s] DEBUG:colcon.colcon_core.event_reactor:joining thread
[9.375s] INFO:colcon.colcon_core.plugin_system:Skipping extension 'colcon_notification.desktop_notification.terminal_notifier': Not used on non-Darwin systems
[9.375s] INFO:colcon.colcon_core.plugin_system:Skipping extension 'colcon_notification.desktop_notification.win32': Not used on non-Windows systems
[9.375s] INFO:colcon.colcon_notification.desktop_notification:Sending desktop notification using 'notify2'
[9.419s] DEBUG:colcon.colcon_core.event_reactor:joined thread
[9.539s] INFO:colcon.colcon_core.shell:Creating prefix script '/home/kuljot/Project/ball_follower/install/local_setup.ps1'
[9.543s] INFO:colcon.colcon_core.shell:Creating prefix util module '/home/kuljot/Project/ball_follower/install/_local_setup_util_ps1.py'
[9.549s] INFO:colcon.colcon_core.shell:Creating prefix chain script '/home/kuljot/Project/ball_follower/install/setup.ps1'
[9.664s] INFO:colcon.colcon_core.shell:Creating prefix script '/home/kuljot/Project/ball_follower/install/local_setup.sh'
[9.666s] INFO:colcon.colcon_core.shell:Creating prefix util module '/home/kuljot/Project/ball_follower/install/_local_setup_util_sh.py'
[9.667s] INFO:colcon.colcon_core.shell:Creating prefix chain script '/home/kuljot/Project/ball_follower/install/setup.sh'
[9.817s] INFO:colcon.colcon_core.shell:Creating prefix script '/home/kuljot/Project/ball_follower/install/local_setup.bash'
[9.819s] INFO:colcon.colcon_core.shell:Creating prefix chain script '/home/kuljot/Project/ball_follower/install/setup.bash'
[9.937s] INFO:colcon.colcon_core.shell:Creating prefix script '/home/kuljot/Project/ball_follower/install/local_setup.zsh'
[9.939s] INFO:colcon.colcon_core.shell:Creating prefix chain script '/home/kuljot/Project/ball_follower/install/setup.zsh'
