[0.562s] Invoking command in '/home/kuljot/Project/ball_follower/build/bot': CMAKE_PREFIX_PATH=${CMAKE_PREFIX_PATH}:/opt/ros/iron /usr/bin/cmake --build /home/kuljot/Project/ball_follower/build/bot -- -j8 -l8
[0.713s] [35m[1mConsolidate compiler generated dependencies of target bot_node[0m
[0.764s] [ 50%] [32mBuilding CXX object CMakeFiles/bot_node.dir/src/bot_node.cpp.o[0m
[1.715s] [01m[K/home/kuljot/Project/ball_follower/src/bot/src/bot_node.cpp:[m[K In function ‘[01m[Kint main(int, char**)[m[K’:
[1.716s] [01m[K/home/kuljot/Project/ball_follower/src/bot/src/bot_node.cpp:15:14:[m[K [01;35m[Kwarning: [m[Kunused parameter ‘[01m[Kargc[m[K’ [[01;35m[K]8;;https://gcc.gnu.org/onlinedocs/gcc/Warning-Options.html#index-Wunused-parameter-Wunused-parameter]8;;[m[K]
[1.716s]    15 | int main([01;35m[Kint argc[m[K, char** argv)
[1.717s]       |          [01;35m[K~~~~^~~~[m[K
[1.718s] [01m[K/home/kuljot/Project/ball_follower/src/bot/src/bot_node.cpp:15:27:[m[K [01;35m[Kwarning: [m[Kunused parameter ‘[01m[Kargv[m[K’ [[01;35m[K]8;;https://gcc.gnu.org/onlinedocs/gcc/Warning-Options.html#index-Wunused-parameter-Wunused-parameter]8;;[m[K]
[1.718s]    15 | int main(int argc, [01;35m[Kchar** argv[m[K)
[1.719s]       |                    [01;35m[K~~~~~~~^~~~[m[K
[1.978s] [100%] [32m[1mLinking CXX executable bot_node[0m
[2.308s] [100%] Built target bot_node
[2.355s] Invoked command in '/home/kuljot/Project/ball_follower/build/bot' returned '0': CMAKE_PREFIX_PATH=${CMAKE_PREFIX_PATH}:/opt/ros/iron /usr/bin/cmake --build /home/kuljot/Project/ball_follower/build/bot -- -j8 -l8
[2.492s] Invoking command in '/home/kuljot/Project/ball_follower/build/bot': CMAKE_PREFIX_PATH=${CMAKE_PREFIX_PATH}:/opt/ros/iron /usr/bin/cmake --install /home/kuljot/Project/ball_follower/build/bot
[2.522s] -- Install configuration: ""
[2.523s] -- Installing: /home/kuljot/Project/ball_follower/install/bot/lib/bot/bot_node
[2.524s] -- Installing: /home/kuljot/Project/ball_follower/install/bot/share/bot//launch
[2.524s] -- Installing: /home/kuljot/Project/ball_follower/install/bot/share/bot//launch/launch_sim.launch.py
[2.554s] -- Installing: /home/kuljot/Project/ball_follower/install/bot/share/bot//launch/rsp.launch.py
[2.555s] -- Installing: /home/kuljot/Project/ball_follower/install/bot/share/ament_index/resource_index/package_run_dependencies/bot
[2.556s] -- Installing: /home/kuljot/Project/ball_follower/install/bot/share/ament_index/resource_index/parent_prefix_path/bot
[2.557s] -- Installing: /home/kuljot/Project/ball_follower/install/bot/share/bot/environment/ament_prefix_path.sh
[2.558s] -- Installing: /home/kuljot/Project/ball_follower/install/bot/share/bot/environment/ament_prefix_path.dsv
[2.558s] -- Installing: /home/kuljot/Project/ball_follower/install/bot/share/bot/environment/path.sh
[2.559s] -- Installing: /home/kuljot/Project/ball_follower/install/bot/share/bot/environment/path.dsv
[2.560s] -- Installing: /home/kuljot/Project/ball_follower/install/bot/share/bot/local_setup.bash
[2.562s] -- Installing: /home/kuljot/Project/ball_follower/install/bot/share/bot/local_setup.sh
[2.563s] -- Installing: /home/kuljot/Project/ball_follower/install/bot/share/bot/local_setup.zsh
[2.564s] -- Installing: /home/kuljot/Project/ball_follower/install/bot/share/bot/local_setup.dsv
[2.564s] -- Installing: /home/kuljot/Project/ball_follower/install/bot/share/bot/package.dsv
[2.565s] -- Installing: /home/kuljot/Project/ball_follower/install/bot/share/ament_index/resource_index/packages/bot
[2.566s] -- Installing: /home/kuljot/Project/ball_follower/install/bot/share/bot/cmake/botConfig.cmake
[2.567s] -- Installing: /home/kuljot/Project/ball_follower/install/bot/share/bot/cmake/botConfig-version.cmake
[2.568s] -- Installing: /home/kuljot/Project/ball_follower/install/bot/share/bot/package.xml
[2.575s] Invoked command in '/home/kuljot/Project/ball_follower/build/bot' returned '0': CMAKE_PREFIX_PATH=${CMAKE_PREFIX_PATH}:/opt/ros/iron /usr/bin/cmake --install /home/kuljot/Project/ball_follower/build/bot
