[7.324s] DEBUG:colcon:Command line arguments: ['/usr/bin/colcon', 'build']
[7.324s] DEBUG:colcon:Parsed command line arguments: Namespace(log_base=None, log_level=None, verb_name='build', build_base='build', install_base='install', merge_install=False, symlink_install=False, test_result_base=None, continue_on_error=False, executor='parallel', parallel_workers=8, event_handlers=None, ignore_user_meta=False, metas=['./colcon.meta'], base_paths=['.'], packages_ignore=None, packages_ignore_regex=None, paths=None, packages_up_to=None, packages_up_to_regex=None, packages_above=None, packages_above_and_dependencies=None, packages_above_depth=None, packages_select_by_dep=None, packages_skip_by_dep=None, packages_skip_up_to=None, packages_select_build_failed=False, packages_skip_build_finished=False, packages_select_test_failures=False, packages_skip_test_passed=False, packages_select=None, packages_skip=None, packages_select_regex=None, packages_skip_regex=None, packages_start=None, packages_end=None, allow_overriding=[], cmake_args=None, cmake_target=None, cmake_target_skip_unavailable=False, cmake_clean_cache=False, cmake_clean_first=False, cmake_force_configure=False, ament_cmake_args=None, catkin_cmake_args=None, catkin_skip_building_tests=False, verb_parser=<colcon_defaults.argument_parser.defaults.DefaultArgumentsDecorator object at 0x7f8c88145060>, verb_extension=<colcon_core.verb.build.BuildVerb object at 0x7f8c8867e260>, main=<bound method BuildVerb.main of <colcon_core.verb.build.BuildVerb object at 0x7f8c8867e260>>)
[7.571s] Level 1:colcon.colcon_core.package_discovery:discover_packages(colcon_meta) check parameters
[7.571s] Level 1:colcon.colcon_core.package_discovery:discover_packages(recursive) check parameters
[7.571s] Level 1:colcon.colcon_core.package_discovery:discover_packages(ignore) check parameters
[7.571s] Level 1:colcon.colcon_core.package_discovery:discover_packages(path) check parameters
[7.571s] Level 1:colcon.colcon_core.package_discovery:discover_packages(colcon_meta) discover
[7.571s] Level 1:colcon.colcon_core.package_discovery:discover_packages(recursive) discover
[7.572s] INFO:colcon.colcon_core.package_discovery:Crawling recursively for packages in '/home/kuljot/Project/ball_follower'
[7.572s] Level 1:colcon.colcon_core.package_identification:_identify(.) by extensions ['ignore', 'ignore_ament_install']
[7.572s] Level 1:colcon.colcon_core.package_identification:_identify(.) by extension 'ignore'
[7.572s] Level 1:colcon.colcon_core.package_identification:_identify(.) by extension 'ignore_ament_install'
[7.573s] Level 1:colcon.colcon_core.package_identification:_identify(.) by extensions ['colcon_pkg']
[7.573s] Level 1:colcon.colcon_core.package_identification:_identify(.) by extension 'colcon_pkg'
[7.573s] Level 1:colcon.colcon_core.package_identification:_identify(.) by extensions ['colcon_meta']
[7.573s] Level 1:colcon.colcon_core.package_identification:_identify(.) by extension 'colcon_meta'
[7.573s] Level 1:colcon.colcon_core.package_identification:_identify(.) by extensions ['ros']
[7.573s] Level 1:colcon.colcon_core.package_identification:_identify(.) by extension 'ros'
[7.609s] Level 1:colcon.colcon_core.package_identification:_identify(.) by extensions ['cmake', 'python']
[7.609s] Level 1:colcon.colcon_core.package_identification:_identify(.) by extension 'cmake'
[7.609s] Level 1:colcon.colcon_core.package_identification:_identify(.) by extension 'python'
[7.609s] Level 1:colcon.colcon_core.package_identification:_identify(.) by extensions ['python_setup_py']
[7.609s] Level 1:colcon.colcon_core.package_identification:_identify(.) by extension 'python_setup_py'
[7.610s] Level 1:colcon.colcon_core.package_identification:_identify(build) by extensions ['ignore', 'ignore_ament_install']
[7.610s] Level 1:colcon.colcon_core.package_identification:_identify(build) by extension 'ignore'
[7.610s] Level 1:colcon.colcon_core.package_identification:_identify(build) ignored
[7.611s] Level 1:colcon.colcon_core.package_identification:_identify(install) by extensions ['ignore', 'ignore_ament_install']
[7.611s] Level 1:colcon.colcon_core.package_identification:_identify(install) by extension 'ignore'
[7.611s] Level 1:colcon.colcon_core.package_identification:_identify(install) ignored
[7.612s] Level 1:colcon.colcon_core.package_identification:_identify(log) by extensions ['ignore', 'ignore_ament_install']
[7.612s] Level 1:colcon.colcon_core.package_identification:_identify(log) by extension 'ignore'
[7.612s] Level 1:colcon.colcon_core.package_identification:_identify(log) ignored
[7.612s] Level 1:colcon.colcon_core.package_identification:_identify(src) by extensions ['ignore', 'ignore_ament_install']
[7.613s] Level 1:colcon.colcon_core.package_identification:_identify(src) by extension 'ignore'
[7.613s] Level 1:colcon.colcon_core.package_identification:_identify(src) by extension 'ignore_ament_install'
[7.613s] Level 1:colcon.colcon_core.package_identification:_identify(src) by extensions ['colcon_pkg']
[7.613s] Level 1:colcon.colcon_core.package_identification:_identify(src) by extension 'colcon_pkg'
[7.613s] Level 1:colcon.colcon_core.package_identification:_identify(src) by extensions ['colcon_meta']
[7.613s] Level 1:colcon.colcon_core.package_identification:_identify(src) by extension 'colcon_meta'
[7.614s] Level 1:colcon.colcon_core.package_identification:_identify(src) by extensions ['ros']
[7.614s] Level 1:colcon.colcon_core.package_identification:_identify(src) by extension 'ros'
[7.614s] Level 1:colcon.colcon_core.package_identification:_identify(src) by extensions ['cmake', 'python']
[7.614s] Level 1:colcon.colcon_core.package_identification:_identify(src) by extension 'cmake'
[7.614s] Level 1:colcon.colcon_core.package_identification:_identify(src) by extension 'python'
[7.614s] Level 1:colcon.colcon_core.package_identification:_identify(src) by extensions ['python_setup_py']
[7.614s] Level 1:colcon.colcon_core.package_identification:_identify(src) by extension 'python_setup_py'
[7.615s] Level 1:colcon.colcon_core.package_identification:_identify(src/bot) by extensions ['ignore', 'ignore_ament_install']
[7.615s] Level 1:colcon.colcon_core.package_identification:_identify(src/bot) by extension 'ignore'
[7.615s] Level 1:colcon.colcon_core.package_identification:_identify(src/bot) by extension 'ignore_ament_install'
[7.615s] Level 1:colcon.colcon_core.package_identification:_identify(src/bot) by extensions ['colcon_pkg']
[7.616s] Level 1:colcon.colcon_core.package_identification:_identify(src/bot) by extension 'colcon_pkg'
[7.616s] Level 1:colcon.colcon_core.package_identification:_identify(src/bot) by extensions ['colcon_meta']
[7.616s] Level 1:colcon.colcon_core.package_identification:_identify(src/bot) by extension 'colcon_meta'
[7.616s] Level 1:colcon.colcon_core.package_identification:_identify(src/bot) by extensions ['ros']
[7.616s] Level 1:colcon.colcon_core.package_identification:_identify(src/bot) by extension 'ros'
[7.623s] DEBUG:colcon.colcon_core.package_identification:Package 'src/bot' with type 'ros.ament_cmake' and name 'ball_follower'
[7.624s] Level 1:colcon.colcon_core.package_discovery:discover_packages(recursive) using defaults
[7.624s] Level 1:colcon.colcon_core.package_discovery:discover_packages(ignore) discover
[7.624s] Level 1:colcon.colcon_core.package_discovery:discover_packages(ignore) using defaults
[7.624s] Level 1:colcon.colcon_core.package_discovery:discover_packages(path) discover
[7.624s] Level 1:colcon.colcon_core.package_discovery:discover_packages(path) using defaults
[8.184s] Level 1:colcon.colcon_core.package_discovery:discover_packages(prefix_path) check parameters
[8.185s] Level 1:colcon.colcon_core.package_discovery:discover_packages(prefix_path) discover
[8.276s] WARNING:colcon.colcon_ros.prefix_path.ament:The path '/home/kuljot/Project/ball_follower/install/bot' in the environment variable AMENT_PREFIX_PATH doesn't exist
[8.277s] WARNING:colcon.colcon_ros.prefix_path.catkin:The path '/home/kuljot/Project/ball_follower/install/bot' in the environment variable CMAKE_PREFIX_PATH doesn't exist
[8.392s] DEBUG:colcon.colcon_installed_package_information.package_discovery:Found 1 installed packages in /home/kuljot/Project/ball_follower/install
[8.506s] DEBUG:colcon.colcon_installed_package_information.package_discovery:Found 1 installed packages in /home/kuljot/Project/articubot_ws/install
[8.612s] DEBUG:colcon.colcon_installed_package_information.package_discovery:Found 336 installed packages in /opt/ros/iron
[8.617s] Level 1:colcon.colcon_core.package_discovery:discover_packages(prefix_path) using defaults
[9.032s] Level 5:colcon.colcon_core.verb:set package 'ball_follower' build argument 'cmake_args' from command line to 'None'
[9.033s] Level 5:colcon.colcon_core.verb:set package 'ball_follower' build argument 'cmake_target' from command line to 'None'
[9.033s] Level 5:colcon.colcon_core.verb:set package 'ball_follower' build argument 'cmake_target_skip_unavailable' from command line to 'False'
[9.033s] Level 5:colcon.colcon_core.verb:set package 'ball_follower' build argument 'cmake_clean_cache' from command line to 'False'
[9.033s] Level 5:colcon.colcon_core.verb:set package 'ball_follower' build argument 'cmake_clean_first' from command line to 'False'
[9.033s] Level 5:colcon.colcon_core.verb:set package 'ball_follower' build argument 'cmake_force_configure' from command line to 'False'
[9.033s] Level 5:colcon.colcon_core.verb:set package 'ball_follower' build argument 'ament_cmake_args' from command line to 'None'
[9.033s] Level 5:colcon.colcon_core.verb:set package 'ball_follower' build argument 'catkin_cmake_args' from command line to 'None'
[9.033s] Level 5:colcon.colcon_core.verb:set package 'ball_follower' build argument 'catkin_skip_building_tests' from command line to 'False'
[9.034s] DEBUG:colcon.colcon_core.verb:Building package 'ball_follower' with the following arguments: {'ament_cmake_args': None, 'build_base': '/home/kuljot/Project/ball_follower/build/ball_follower', 'catkin_cmake_args': None, 'catkin_skip_building_tests': False, 'cmake_args': None, 'cmake_clean_cache': False, 'cmake_clean_first': False, 'cmake_force_configure': False, 'cmake_target': None, 'cmake_target_skip_unavailable': False, 'install_base': '/home/kuljot/Project/ball_follower/install/ball_follower', 'merge_install': False, 'path': '/home/kuljot/Project/ball_follower/src/bot', 'symlink_install': False, 'test_result_base': None}
[9.126s] INFO:colcon.colcon_core.executor:Executing jobs using 'parallel' executor
[9.227s] DEBUG:colcon.colcon_parallel_executor.executor.parallel:run_until_complete
[9.228s] INFO:colcon.colcon_ros.task.ament_cmake.build:Building ROS package in '/home/kuljot/Project/ball_follower/src/bot' with build type 'ament_cmake'
[9.229s] INFO:colcon.colcon_cmake.task.cmake.build:Building CMake package in '/home/kuljot/Project/ball_follower/src/bot'
[9.372s] INFO:colcon.colcon_core.plugin_system:Skipping extension 'colcon_core.shell.bat': Not used on non-Windows systems
[9.373s] INFO:colcon.colcon_core.shell:Skip shell extension 'powershell' for command environment: Not usable outside of PowerShell
[9.374s] DEBUG:colcon.colcon_core.shell:Skip shell extension 'dsv' for command environment
[9.855s] DEBUG:colcon.colcon_core.event_handler.log_command:Invoking command in '/home/kuljot/Project/ball_follower/build/ball_follower': CMAKE_PREFIX_PATH=${CMAKE_PREFIX_PATH}:/opt/ros/iron /usr/bin/cmake --build /home/kuljot/Project/ball_follower/build/ball_follower -- -j8 -l8
[10.087s] DEBUG:colcon.colcon_core.event_handler.log_command:Invoked command in '/home/kuljot/Project/ball_follower/build/ball_follower' returned '0': CMAKE_PREFIX_PATH=${CMAKE_PREFIX_PATH}:/opt/ros/iron /usr/bin/cmake --build /home/kuljot/Project/ball_follower/build/ball_follower -- -j8 -l8
[10.222s] DEBUG:colcon.colcon_core.event_handler.log_command:Invoking command in '/home/kuljot/Project/ball_follower/build/ball_follower': CMAKE_PREFIX_PATH=${CMAKE_PREFIX_PATH}:/opt/ros/iron /usr/bin/cmake --install /home/kuljot/Project/ball_follower/build/ball_follower
[10.262s] Level 1:colcon.colcon_core.environment:create_environment_scripts_only(ball_follower)
[10.266s] DEBUG:colcon.colcon_core.event_handler.log_command:Invoked command in '/home/kuljot/Project/ball_follower/build/ball_follower' returned '0': CMAKE_PREFIX_PATH=${CMAKE_PREFIX_PATH}:/opt/ros/iron /usr/bin/cmake --install /home/kuljot/Project/ball_follower/build/ball_follower
[10.405s] Level 1:colcon.colcon_core.environment:checking '/home/kuljot/Project/ball_follower/install/ball_follower' for CMake module files
[10.407s] Level 1:colcon.colcon_core.environment:checking '/home/kuljot/Project/ball_follower/install/ball_follower' for CMake config files
[10.408s] Level 1:colcon.colcon_core.shell:create_environment_hook('ball_follower', 'cmake_prefix_path')
[10.533s] INFO:colcon.colcon_core.shell:Creating environment hook '/home/kuljot/Project/ball_follower/install/ball_follower/share/ball_follower/hook/cmake_prefix_path.ps1'
[10.536s] INFO:colcon.colcon_core.shell:Creating environment descriptor '/home/kuljot/Project/ball_follower/install/ball_follower/share/ball_follower/hook/cmake_prefix_path.dsv'
[10.538s] INFO:colcon.colcon_core.shell:Creating environment hook '/home/kuljot/Project/ball_follower/install/ball_follower/share/ball_follower/hook/cmake_prefix_path.sh'
[10.541s] Level 1:colcon.colcon_core.environment:checking '/home/kuljot/Project/ball_follower/install/ball_follower/lib'
[10.542s] Level 1:colcon.colcon_core.environment:checking '/home/kuljot/Project/ball_follower/install/ball_follower/bin'
[10.542s] Level 1:colcon.colcon_core.environment:checking '/home/kuljot/Project/ball_follower/install/ball_follower/lib/pkgconfig/ball_follower.pc'
[10.543s] Level 1:colcon.colcon_core.environment:checking '/home/kuljot/Project/ball_follower/install/ball_follower/lib/python3.10/site-packages'
[10.544s] Level 1:colcon.colcon_core.environment:checking '/home/kuljot/Project/ball_follower/install/ball_follower/bin'
[10.700s] INFO:colcon.colcon_core.shell:Creating package script '/home/kuljot/Project/ball_follower/install/ball_follower/share/ball_follower/package.ps1'
[10.703s] INFO:colcon.colcon_core.shell:Creating package descriptor '/home/kuljot/Project/ball_follower/install/ball_follower/share/ball_follower/package.dsv'
[10.705s] INFO:colcon.colcon_core.shell:Creating package script '/home/kuljot/Project/ball_follower/install/ball_follower/share/ball_follower/package.sh'
[10.708s] INFO:colcon.colcon_core.shell:Creating package script '/home/kuljot/Project/ball_follower/install/ball_follower/share/ball_follower/package.bash'
[10.711s] INFO:colcon.colcon_core.shell:Creating package script '/home/kuljot/Project/ball_follower/install/ball_follower/share/ball_follower/package.zsh'
[10.713s] Level 1:colcon.colcon_core.environment:create_file_with_runtime_dependencies(/home/kuljot/Project/ball_follower/install/ball_follower/share/colcon-core/packages/ball_follower)
[10.941s] Level 1:colcon.colcon_core.environment:create_environment_scripts_only(ball_follower)
[11.062s] Level 1:colcon.colcon_core.environment:checking '/home/kuljot/Project/ball_follower/install/ball_follower' for CMake module files
[11.064s] Level 1:colcon.colcon_core.environment:checking '/home/kuljot/Project/ball_follower/install/ball_follower' for CMake config files
[11.065s] Level 1:colcon.colcon_core.shell:create_environment_hook('ball_follower', 'cmake_prefix_path')
[11.184s] INFO:colcon.colcon_core.shell:Creating environment hook '/home/kuljot/Project/ball_follower/install/ball_follower/share/ball_follower/hook/cmake_prefix_path.ps1'
[11.185s] INFO:colcon.colcon_core.shell:Creating environment descriptor '/home/kuljot/Project/ball_follower/install/ball_follower/share/ball_follower/hook/cmake_prefix_path.dsv'
[11.187s] INFO:colcon.colcon_core.shell:Creating environment hook '/home/kuljot/Project/ball_follower/install/ball_follower/share/ball_follower/hook/cmake_prefix_path.sh'
[11.189s] Level 1:colcon.colcon_core.environment:checking '/home/kuljot/Project/ball_follower/install/ball_follower/lib'
[11.190s] Level 1:colcon.colcon_core.environment:checking '/home/kuljot/Project/ball_follower/install/ball_follower/bin'
[11.190s] Level 1:colcon.colcon_core.environment:checking '/home/kuljot/Project/ball_follower/install/ball_follower/lib/pkgconfig/ball_follower.pc'
[11.191s] Level 1:colcon.colcon_core.environment:checking '/home/kuljot/Project/ball_follower/install/ball_follower/lib/python3.10/site-packages'
[11.193s] Level 1:colcon.colcon_core.environment:checking '/home/kuljot/Project/ball_follower/install/ball_follower/bin'
[11.316s] INFO:colcon.colcon_core.shell:Creating package script '/home/kuljot/Project/ball_follower/install/ball_follower/share/ball_follower/package.ps1'
[11.318s] INFO:colcon.colcon_core.shell:Creating package descriptor '/home/kuljot/Project/ball_follower/install/ball_follower/share/ball_follower/package.dsv'
[11.320s] INFO:colcon.colcon_core.shell:Creating package script '/home/kuljot/Project/ball_follower/install/ball_follower/share/ball_follower/package.sh'
[11.322s] INFO:colcon.colcon_core.shell:Creating package script '/home/kuljot/Project/ball_follower/install/ball_follower/share/ball_follower/package.bash'
[11.325s] INFO:colcon.colcon_core.shell:Creating package script '/home/kuljot/Project/ball_follower/install/ball_follower/share/ball_follower/package.zsh'
[11.326s] Level 1:colcon.colcon_core.environment:create_file_with_runtime_dependencies(/home/kuljot/Project/ball_follower/install/ball_follower/share/colcon-core/packages/ball_follower)
[11.328s] DEBUG:colcon.colcon_parallel_executor.executor.parallel:closing loop
[11.329s] DEBUG:colcon.colcon_parallel_executor.executor.parallel:loop closed
[11.330s] DEBUG:colcon.colcon_parallel_executor.executor.parallel:run_until_complete finished with '0'
[11.330s] DEBUG:colcon.colcon_core.event_reactor:joining thread
[11.509s] INFO:colcon.colcon_core.plugin_system:Skipping extension 'colcon_notification.desktop_notification.terminal_notifier': Not used on non-Darwin systems
[11.510s] INFO:colcon.colcon_core.plugin_system:Skipping extension 'colcon_notification.desktop_notification.win32': Not used on non-Windows systems
[11.510s] INFO:colcon.colcon_notification.desktop_notification:Sending desktop notification using 'notify2'
[11.554s] DEBUG:colcon.colcon_core.event_reactor:joined thread
[11.699s] INFO:colcon.colcon_core.shell:Creating prefix script '/home/kuljot/Project/ball_follower/install/local_setup.ps1'
[11.703s] INFO:colcon.colcon_core.shell:Creating prefix util module '/home/kuljot/Project/ball_follower/install/_local_setup_util_ps1.py'
[11.709s] INFO:colcon.colcon_core.shell:Creating prefix chain script '/home/kuljot/Project/ball_follower/install/setup.ps1'
[11.845s] INFO:colcon.colcon_core.shell:Creating prefix script '/home/kuljot/Project/ball_follower/install/local_setup.sh'
[11.847s] INFO:colcon.colcon_core.shell:Creating prefix util module '/home/kuljot/Project/ball_follower/install/_local_setup_util_sh.py'
[11.849s] INFO:colcon.colcon_core.shell:Creating prefix chain script '/home/kuljot/Project/ball_follower/install/setup.sh'
[11.974s] INFO:colcon.colcon_core.shell:Creating prefix script '/home/kuljot/Project/ball_follower/install/local_setup.bash'
[11.976s] INFO:colcon.colcon_core.shell:Creating prefix chain script '/home/kuljot/Project/ball_follower/install/setup.bash'
[12.095s] INFO:colcon.colcon_core.shell:Creating prefix script '/home/kuljot/Project/ball_follower/install/local_setup.zsh'
[12.097s] INFO:colcon.colcon_core.shell:Creating prefix chain script '/home/kuljot/Project/ball_follower/install/setup.zsh'
