[9.391s] DEBUG:colcon:Command line arguments: ['/usr/bin/colcon', 'build']
[9.391s] DEBUG:colcon:Parsed command line arguments: Namespace(log_base=None, log_level=None, verb_name='build', build_base='build', install_base='install', merge_install=False, symlink_install=False, test_result_base=None, continue_on_error=False, executor='parallel', parallel_workers=8, event_handlers=None, ignore_user_meta=False, metas=['./colcon.meta'], base_paths=['.'], packages_ignore=None, packages_ignore_regex=None, paths=None, packages_up_to=None, packages_up_to_regex=None, packages_above=None, packages_above_and_dependencies=None, packages_above_depth=None, packages_select_by_dep=None, packages_skip_by_dep=None, packages_skip_up_to=None, packages_select_build_failed=False, packages_skip_build_finished=False, packages_select_test_failures=False, packages_skip_test_passed=False, packages_select=None, packages_skip=None, packages_select_regex=None, packages_skip_regex=None, packages_start=None, packages_end=None, allow_overriding=[], cmake_args=None, cmake_target=None, cmake_target_skip_unavailable=False, cmake_clean_cache=False, cmake_clean_first=False, cmake_force_configure=False, ament_cmake_args=None, catkin_cmake_args=None, catkin_skip_building_tests=False, verb_parser=<colcon_defaults.argument_parser.defaults.DefaultArgumentsDecorator object at 0x7f2353385090>, verb_extension=<colcon_core.verb.build.BuildVerb object at 0x7f235387c730>, main=<bound method BuildVerb.main of <colcon_core.verb.build.BuildVerb object at 0x7f235387c730>>)
[9.767s] Level 1:colcon.colcon_core.package_discovery:discover_packages(colcon_meta) check parameters
[9.767s] Level 1:colcon.colcon_core.package_discovery:discover_packages(recursive) check parameters
[9.768s] Level 1:colcon.colcon_core.package_discovery:discover_packages(ignore) check parameters
[9.768s] Level 1:colcon.colcon_core.package_discovery:discover_packages(path) check parameters
[9.768s] Level 1:colcon.colcon_core.package_discovery:discover_packages(colcon_meta) discover
[9.768s] Level 1:colcon.colcon_core.package_discovery:discover_packages(recursive) discover
[9.768s] INFO:colcon.colcon_core.package_discovery:Crawling recursively for packages in '/home/kuljot/Project/ball_follower'
[9.769s] Level 1:colcon.colcon_core.package_identification:_identify(.) by extensions ['ignore', 'ignore_ament_install']
[9.769s] Level 1:colcon.colcon_core.package_identification:_identify(.) by extension 'ignore'
[9.769s] Level 1:colcon.colcon_core.package_identification:_identify(.) by extension 'ignore_ament_install'
[9.770s] Level 1:colcon.colcon_core.package_identification:_identify(.) by extensions ['colcon_pkg']
[9.770s] Level 1:colcon.colcon_core.package_identification:_identify(.) by extension 'colcon_pkg'
[9.770s] Level 1:colcon.colcon_core.package_identification:_identify(.) by extensions ['colcon_meta']
[9.770s] Level 1:colcon.colcon_core.package_identification:_identify(.) by extension 'colcon_meta'
[9.771s] Level 1:colcon.colcon_core.package_identification:_identify(.) by extensions ['ros']
[9.771s] Level 1:colcon.colcon_core.package_identification:_identify(.) by extension 'ros'
[9.843s] Level 1:colcon.colcon_core.package_identification:_identify(.) by extensions ['cmake', 'python']
[9.843s] Level 1:colcon.colcon_core.package_identification:_identify(.) by extension 'cmake'
[9.843s] Level 1:colcon.colcon_core.package_identification:_identify(.) by extension 'python'
[9.844s] Level 1:colcon.colcon_core.package_identification:_identify(.) by extensions ['python_setup_py']
[9.844s] Level 1:colcon.colcon_core.package_identification:_identify(.) by extension 'python_setup_py'
[9.844s] Level 1:colcon.colcon_core.package_identification:_identify(build) by extensions ['ignore', 'ignore_ament_install']
[9.845s] Level 1:colcon.colcon_core.package_identification:_identify(build) by extension 'ignore'
[9.846s] Level 1:colcon.colcon_core.package_identification:_identify(build) ignored
[9.847s] Level 1:colcon.colcon_core.package_identification:_identify(install) by extensions ['ignore', 'ignore_ament_install']
[9.847s] Level 1:colcon.colcon_core.package_identification:_identify(install) by extension 'ignore'
[9.848s] Level 1:colcon.colcon_core.package_identification:_identify(install) ignored
[9.849s] Level 1:colcon.colcon_core.package_identification:_identify(log) by extensions ['ignore', 'ignore_ament_install']
[9.849s] Level 1:colcon.colcon_core.package_identification:_identify(log) by extension 'ignore'
[9.849s] Level 1:colcon.colcon_core.package_identification:_identify(log) ignored
[9.850s] Level 1:colcon.colcon_core.package_identification:_identify(src) by extensions ['ignore', 'ignore_ament_install']
[9.850s] Level 1:colcon.colcon_core.package_identification:_identify(src) by extension 'ignore'
[9.850s] Level 1:colcon.colcon_core.package_identification:_identify(src) by extension 'ignore_ament_install'
[9.851s] Level 1:colcon.colcon_core.package_identification:_identify(src) by extensions ['colcon_pkg']
[9.851s] Level 1:colcon.colcon_core.package_identification:_identify(src) by extension 'colcon_pkg'
[9.851s] Level 1:colcon.colcon_core.package_identification:_identify(src) by extensions ['colcon_meta']
[9.851s] Level 1:colcon.colcon_core.package_identification:_identify(src) by extension 'colcon_meta'
[9.852s] Level 1:colcon.colcon_core.package_identification:_identify(src) by extensions ['ros']
[9.852s] Level 1:colcon.colcon_core.package_identification:_identify(src) by extension 'ros'
[9.852s] Level 1:colcon.colcon_core.package_identification:_identify(src) by extensions ['cmake', 'python']
[9.852s] Level 1:colcon.colcon_core.package_identification:_identify(src) by extension 'cmake'
[9.852s] Level 1:colcon.colcon_core.package_identification:_identify(src) by extension 'python'
[9.853s] Level 1:colcon.colcon_core.package_identification:_identify(src) by extensions ['python_setup_py']
[9.853s] Level 1:colcon.colcon_core.package_identification:_identify(src) by extension 'python_setup_py'
[9.853s] Level 1:colcon.colcon_core.package_identification:_identify(src/bot) by extensions ['ignore', 'ignore_ament_install']
[9.854s] Level 1:colcon.colcon_core.package_identification:_identify(src/bot) by extension 'ignore'
[9.854s] Level 1:colcon.colcon_core.package_identification:_identify(src/bot) by extension 'ignore_ament_install'
[9.854s] Level 1:colcon.colcon_core.package_identification:_identify(src/bot) by extensions ['colcon_pkg']
[9.854s] Level 1:colcon.colcon_core.package_identification:_identify(src/bot) by extension 'colcon_pkg'
[9.854s] Level 1:colcon.colcon_core.package_identification:_identify(src/bot) by extensions ['colcon_meta']
[9.855s] Level 1:colcon.colcon_core.package_identification:_identify(src/bot) by extension 'colcon_meta'
[9.855s] Level 1:colcon.colcon_core.package_identification:_identify(src/bot) by extensions ['ros']
[9.855s] Level 1:colcon.colcon_core.package_identification:_identify(src/bot) by extension 'ros'
[9.865s] DEBUG:colcon.colcon_core.package_identification:Package 'src/bot' with type 'ros.ament_cmake' and name 'ball_follower'
[9.866s] Level 1:colcon.colcon_core.package_discovery:discover_packages(recursive) using defaults
[9.866s] Level 1:colcon.colcon_core.package_discovery:discover_packages(ignore) discover
[9.866s] Level 1:colcon.colcon_core.package_discovery:discover_packages(ignore) using defaults
[9.866s] Level 1:colcon.colcon_core.package_discovery:discover_packages(path) discover
[9.866s] Level 1:colcon.colcon_core.package_discovery:discover_packages(path) using defaults
[10.614s] Level 1:colcon.colcon_core.package_discovery:discover_packages(prefix_path) check parameters
[10.615s] Level 1:colcon.colcon_core.package_discovery:discover_packages(prefix_path) discover
[10.878s] DEBUG:colcon.colcon_installed_package_information.package_discovery:Found 1 installed packages in /home/kuljot/Project/ball_follower/install
[11.013s] DEBUG:colcon.colcon_installed_package_information.package_discovery:Found 336 installed packages in /opt/ros/iron
[11.021s] Level 1:colcon.colcon_core.package_discovery:discover_packages(prefix_path) using defaults
[11.624s] Level 5:colcon.colcon_core.verb:set package 'ball_follower' build argument 'cmake_args' from command line to 'None'
[11.624s] Level 5:colcon.colcon_core.verb:set package 'ball_follower' build argument 'cmake_target' from command line to 'None'
[11.624s] Level 5:colcon.colcon_core.verb:set package 'ball_follower' build argument 'cmake_target_skip_unavailable' from command line to 'False'
[11.624s] Level 5:colcon.colcon_core.verb:set package 'ball_follower' build argument 'cmake_clean_cache' from command line to 'False'
[11.624s] Level 5:colcon.colcon_core.verb:set package 'ball_follower' build argument 'cmake_clean_first' from command line to 'False'
[11.625s] Level 5:colcon.colcon_core.verb:set package 'ball_follower' build argument 'cmake_force_configure' from command line to 'False'
[11.625s] Level 5:colcon.colcon_core.verb:set package 'ball_follower' build argument 'ament_cmake_args' from command line to 'None'
[11.625s] Level 5:colcon.colcon_core.verb:set package 'ball_follower' build argument 'catkin_cmake_args' from command line to 'None'
[11.625s] Level 5:colcon.colcon_core.verb:set package 'ball_follower' build argument 'catkin_skip_building_tests' from command line to 'False'
[11.625s] DEBUG:colcon.colcon_core.verb:Building package 'ball_follower' with the following arguments: {'ament_cmake_args': None, 'build_base': '/home/kuljot/Project/ball_follower/build/ball_follower', 'catkin_cmake_args': None, 'catkin_skip_building_tests': False, 'cmake_args': None, 'cmake_clean_cache': False, 'cmake_clean_first': False, 'cmake_force_configure': False, 'cmake_target': None, 'cmake_target_skip_unavailable': False, 'install_base': '/home/kuljot/Project/ball_follower/install/ball_follower', 'merge_install': False, 'path': '/home/kuljot/Project/ball_follower/src/bot', 'symlink_install': False, 'test_result_base': None}
[11.759s] INFO:colcon.colcon_core.executor:Executing jobs using 'parallel' executor
[11.934s] DEBUG:colcon.colcon_parallel_executor.executor.parallel:run_until_complete
[11.935s] INFO:colcon.colcon_ros.task.ament_cmake.build:Building ROS package in '/home/kuljot/Project/ball_follower/src/bot' with build type 'ament_cmake'
[11.936s] INFO:colcon.colcon_cmake.task.cmake.build:Building CMake package in '/home/kuljot/Project/ball_follower/src/bot'
[12.083s] INFO:colcon.colcon_core.plugin_system:Skipping extension 'colcon_core.shell.bat': Not used on non-Windows systems
[12.085s] INFO:colcon.colcon_core.shell:Skip shell extension 'powershell' for command environment: Not usable outside of PowerShell
[12.085s] DEBUG:colcon.colcon_core.shell:Skip shell extension 'dsv' for command environment
[12.532s] DEBUG:colcon.colcon_core.event_handler.log_command:Invoking command in '/home/kuljot/Project/ball_follower/build/ball_follower': CMAKE_PREFIX_PATH=${CMAKE_PREFIX_PATH}:/opt/ros/iron /usr/bin/cmake --build /home/kuljot/Project/ball_follower/build/ball_follower -- -j8 -l8
[12.785s] DEBUG:colcon.colcon_core.event_handler.log_command:Invoked command in '/home/kuljot/Project/ball_follower/build/ball_follower' returned '0': CMAKE_PREFIX_PATH=${CMAKE_PREFIX_PATH}:/opt/ros/iron /usr/bin/cmake --build /home/kuljot/Project/ball_follower/build/ball_follower -- -j8 -l8
[12.934s] DEBUG:colcon.colcon_core.event_handler.log_command:Invoking command in '/home/kuljot/Project/ball_follower/build/ball_follower': CMAKE_PREFIX_PATH=${CMAKE_PREFIX_PATH}:/opt/ros/iron /usr/bin/cmake --install /home/kuljot/Project/ball_follower/build/ball_follower
[12.975s] Level 1:colcon.colcon_core.environment:create_environment_scripts_only(ball_follower)
[12.979s] DEBUG:colcon.colcon_core.event_handler.log_command:Invoked command in '/home/kuljot/Project/ball_follower/build/ball_follower' returned '0': CMAKE_PREFIX_PATH=${CMAKE_PREFIX_PATH}:/opt/ros/iron /usr/bin/cmake --install /home/kuljot/Project/ball_follower/build/ball_follower
[13.127s] Level 1:colcon.colcon_core.environment:checking '/home/kuljot/Project/ball_follower/install/ball_follower' for CMake module files
[13.130s] Level 1:colcon.colcon_core.environment:checking '/home/kuljot/Project/ball_follower/install/ball_follower' for CMake config files
[13.131s] Level 1:colcon.colcon_core.shell:create_environment_hook('ball_follower', 'cmake_prefix_path')
[13.264s] INFO:colcon.colcon_core.shell:Creating environment hook '/home/kuljot/Project/ball_follower/install/ball_follower/share/ball_follower/hook/cmake_prefix_path.ps1'
[13.267s] INFO:colcon.colcon_core.shell:Creating environment descriptor '/home/kuljot/Project/ball_follower/install/ball_follower/share/ball_follower/hook/cmake_prefix_path.dsv'
[13.269s] INFO:colcon.colcon_core.shell:Creating environment hook '/home/kuljot/Project/ball_follower/install/ball_follower/share/ball_follower/hook/cmake_prefix_path.sh'
[13.274s] Level 1:colcon.colcon_core.environment:checking '/home/kuljot/Project/ball_follower/install/ball_follower/lib'
[13.275s] Level 1:colcon.colcon_core.environment:checking '/home/kuljot/Project/ball_follower/install/ball_follower/bin'
[13.276s] Level 1:colcon.colcon_core.environment:checking '/home/kuljot/Project/ball_follower/install/ball_follower/lib/pkgconfig/ball_follower.pc'
[13.278s] Level 1:colcon.colcon_core.environment:checking '/home/kuljot/Project/ball_follower/install/ball_follower/lib/python3.10/site-packages'
[13.280s] Level 1:colcon.colcon_core.environment:checking '/home/kuljot/Project/ball_follower/install/ball_follower/bin'
[13.402s] INFO:colcon.colcon_core.shell:Creating package script '/home/kuljot/Project/ball_follower/install/ball_follower/share/ball_follower/package.ps1'
[13.405s] INFO:colcon.colcon_core.shell:Creating package descriptor '/home/kuljot/Project/ball_follower/install/ball_follower/share/ball_follower/package.dsv'
[13.408s] INFO:colcon.colcon_core.shell:Creating package script '/home/kuljot/Project/ball_follower/install/ball_follower/share/ball_follower/package.sh'
[13.412s] INFO:colcon.colcon_core.shell:Creating package script '/home/kuljot/Project/ball_follower/install/ball_follower/share/ball_follower/package.bash'
[13.415s] INFO:colcon.colcon_core.shell:Creating package script '/home/kuljot/Project/ball_follower/install/ball_follower/share/ball_follower/package.zsh'
[13.418s] Level 1:colcon.colcon_core.environment:create_file_with_runtime_dependencies(/home/kuljot/Project/ball_follower/install/ball_follower/share/colcon-core/packages/ball_follower)
[13.658s] Level 1:colcon.colcon_core.environment:create_environment_scripts_only(ball_follower)
[13.828s] Level 1:colcon.colcon_core.environment:checking '/home/kuljot/Project/ball_follower/install/ball_follower' for CMake module files
[13.830s] Level 1:colcon.colcon_core.environment:checking '/home/kuljot/Project/ball_follower/install/ball_follower' for CMake config files
[13.830s] Level 1:colcon.colcon_core.shell:create_environment_hook('ball_follower', 'cmake_prefix_path')
[13.955s] INFO:colcon.colcon_core.shell:Creating environment hook '/home/kuljot/Project/ball_follower/install/ball_follower/share/ball_follower/hook/cmake_prefix_path.ps1'
[13.958s] INFO:colcon.colcon_core.shell:Creating environment descriptor '/home/kuljot/Project/ball_follower/install/ball_follower/share/ball_follower/hook/cmake_prefix_path.dsv'
[13.959s] INFO:colcon.colcon_core.shell:Creating environment hook '/home/kuljot/Project/ball_follower/install/ball_follower/share/ball_follower/hook/cmake_prefix_path.sh'
[13.962s] Level 1:colcon.colcon_core.environment:checking '/home/kuljot/Project/ball_follower/install/ball_follower/lib'
[13.962s] Level 1:colcon.colcon_core.environment:checking '/home/kuljot/Project/ball_follower/install/ball_follower/bin'
[13.963s] Level 1:colcon.colcon_core.environment:checking '/home/kuljot/Project/ball_follower/install/ball_follower/lib/pkgconfig/ball_follower.pc'
[13.964s] Level 1:colcon.colcon_core.environment:checking '/home/kuljot/Project/ball_follower/install/ball_follower/lib/python3.10/site-packages'
[13.965s] Level 1:colcon.colcon_core.environment:checking '/home/kuljot/Project/ball_follower/install/ball_follower/bin'
[14.090s] INFO:colcon.colcon_core.shell:Creating package script '/home/kuljot/Project/ball_follower/install/ball_follower/share/ball_follower/package.ps1'
[14.092s] INFO:colcon.colcon_core.shell:Creating package descriptor '/home/kuljot/Project/ball_follower/install/ball_follower/share/ball_follower/package.dsv'
[14.095s] INFO:colcon.colcon_core.shell:Creating package script '/home/kuljot/Project/ball_follower/install/ball_follower/share/ball_follower/package.sh'
[14.098s] INFO:colcon.colcon_core.shell:Creating package script '/home/kuljot/Project/ball_follower/install/ball_follower/share/ball_follower/package.bash'
[14.101s] INFO:colcon.colcon_core.shell:Creating package script '/home/kuljot/Project/ball_follower/install/ball_follower/share/ball_follower/package.zsh'
[14.102s] Level 1:colcon.colcon_core.environment:create_file_with_runtime_dependencies(/home/kuljot/Project/ball_follower/install/ball_follower/share/colcon-core/packages/ball_follower)
[14.103s] DEBUG:colcon.colcon_parallel_executor.executor.parallel:closing loop
[14.105s] DEBUG:colcon.colcon_parallel_executor.executor.parallel:loop closed
[14.105s] DEBUG:colcon.colcon_parallel_executor.executor.parallel:run_until_complete finished with '0'
[14.106s] DEBUG:colcon.colcon_core.event_reactor:joining thread
[14.276s] INFO:colcon.colcon_core.plugin_system:Skipping extension 'colcon_notification.desktop_notification.terminal_notifier': Not used on non-Darwin systems
[14.277s] INFO:colcon.colcon_core.plugin_system:Skipping extension 'colcon_notification.desktop_notification.win32': Not used on non-Windows systems
[14.277s] INFO:colcon.colcon_notification.desktop_notification:Sending desktop notification using 'notify2'
[14.318s] DEBUG:colcon.colcon_core.event_reactor:joined thread
[14.443s] INFO:colcon.colcon_core.shell:Creating prefix script '/home/kuljot/Project/ball_follower/install/local_setup.ps1'
[14.447s] INFO:colcon.colcon_core.shell:Creating prefix util module '/home/kuljot/Project/ball_follower/install/_local_setup_util_ps1.py'
[14.453s] INFO:colcon.colcon_core.shell:Creating prefix chain script '/home/kuljot/Project/ball_follower/install/setup.ps1'
[14.596s] INFO:colcon.colcon_core.shell:Creating prefix script '/home/kuljot/Project/ball_follower/install/local_setup.sh'
[14.598s] INFO:colcon.colcon_core.shell:Creating prefix util module '/home/kuljot/Project/ball_follower/install/_local_setup_util_sh.py'
[14.600s] INFO:colcon.colcon_core.shell:Creating prefix chain script '/home/kuljot/Project/ball_follower/install/setup.sh'
[14.740s] INFO:colcon.colcon_core.shell:Creating prefix script '/home/kuljot/Project/ball_follower/install/local_setup.bash'
[14.743s] INFO:colcon.colcon_core.shell:Creating prefix chain script '/home/kuljot/Project/ball_follower/install/setup.bash'
[14.871s] INFO:colcon.colcon_core.shell:Creating prefix script '/home/kuljot/Project/ball_follower/install/local_setup.zsh'
[14.874s] INFO:colcon.colcon_core.shell:Creating prefix chain script '/home/kuljot/Project/ball_follower/install/setup.zsh'
