[28.591s] DEBUG:colcon:Command line arguments: ['/usr/bin/colcon', 'build']
[28.591s] DEBUG:colcon:Parsed command line arguments: Namespace(log_base=None, log_level=None, verb_name='build', build_base='build', install_base='install', merge_install=False, symlink_install=False, test_result_base=None, continue_on_error=False, executor='parallel', parallel_workers=8, event_handlers=None, ignore_user_meta=False, metas=['./colcon.meta'], base_paths=['.'], packages_ignore=None, packages_ignore_regex=None, paths=None, packages_up_to=None, packages_up_to_regex=None, packages_above=None, packages_above_and_dependencies=None, packages_above_depth=None, packages_select_by_dep=None, packages_skip_by_dep=None, packages_skip_up_to=None, packages_select_build_failed=False, packages_skip_build_finished=False, packages_select_test_failures=False, packages_skip_test_passed=False, packages_select=None, packages_skip=None, packages_select_regex=None, packages_skip_regex=None, packages_start=None, packages_end=None, allow_overriding=[], cmake_args=None, cmake_target=None, cmake_target_skip_unavailable=False, cmake_clean_cache=False, cmake_clean_first=False, cmake_force_configure=False, ament_cmake_args=None, catkin_cmake_args=None, catkin_skip_building_tests=False, verb_parser=<colcon_defaults.argument_parser.defaults.DefaultArgumentsDecorator object at 0x7f2388b99060>, verb_extension=<colcon_core.verb.build.BuildVerb object at 0x7f2389086260>, main=<bound method BuildVerb.main of <colcon_core.verb.build.BuildVerb object at 0x7f2389086260>>)
[29.385s] Level 1:colcon.colcon_core.package_discovery:discover_packages(colcon_meta) check parameters
[29.385s] Level 1:colcon.colcon_core.package_discovery:discover_packages(recursive) check parameters
[29.385s] Level 1:colcon.colcon_core.package_discovery:discover_packages(ignore) check parameters
[29.385s] Level 1:colcon.colcon_core.package_discovery:discover_packages(path) check parameters
[29.385s] Level 1:colcon.colcon_core.package_discovery:discover_packages(colcon_meta) discover
[29.385s] Level 1:colcon.colcon_core.package_discovery:discover_packages(recursive) discover
[29.385s] INFO:colcon.colcon_core.package_discovery:Crawling recursively for packages in '/home/kuljot/Project/ball_follower'
[29.385s] Level 1:colcon.colcon_core.package_identification:_identify(.) by extensions ['ignore', 'ignore_ament_install']
[29.386s] Level 1:colcon.colcon_core.package_identification:_identify(.) by extension 'ignore'
[29.386s] Level 1:colcon.colcon_core.package_identification:_identify(.) by extension 'ignore_ament_install'
[29.386s] Level 1:colcon.colcon_core.package_identification:_identify(.) by extensions ['colcon_pkg']
[29.386s] Level 1:colcon.colcon_core.package_identification:_identify(.) by extension 'colcon_pkg'
[29.386s] Level 1:colcon.colcon_core.package_identification:_identify(.) by extensions ['colcon_meta']
[29.386s] Level 1:colcon.colcon_core.package_identification:_identify(.) by extension 'colcon_meta'
[29.386s] Level 1:colcon.colcon_core.package_identification:_identify(.) by extensions ['ros']
[29.386s] Level 1:colcon.colcon_core.package_identification:_identify(.) by extension 'ros'
[29.568s] Level 1:colcon.colcon_core.package_identification:_identify(.) by extensions ['cmake', 'python']
[29.568s] Level 1:colcon.colcon_core.package_identification:_identify(.) by extension 'cmake'
[29.568s] Level 1:colcon.colcon_core.package_identification:_identify(.) by extension 'python'
[29.568s] Level 1:colcon.colcon_core.package_identification:_identify(.) by extensions ['python_setup_py']
[29.569s] Level 1:colcon.colcon_core.package_identification:_identify(.) by extension 'python_setup_py'
[29.569s] Level 1:colcon.colcon_core.package_identification:_identify(build) by extensions ['ignore', 'ignore_ament_install']
[29.569s] Level 1:colcon.colcon_core.package_identification:_identify(build) by extension 'ignore'
[29.569s] Level 1:colcon.colcon_core.package_identification:_identify(build) ignored
[29.569s] Level 1:colcon.colcon_core.package_identification:_identify(install) by extensions ['ignore', 'ignore_ament_install']
[29.569s] Level 1:colcon.colcon_core.package_identification:_identify(install) by extension 'ignore'
[29.569s] Level 1:colcon.colcon_core.package_identification:_identify(install) ignored
[29.569s] Level 1:colcon.colcon_core.package_identification:_identify(log) by extensions ['ignore', 'ignore_ament_install']
[29.569s] Level 1:colcon.colcon_core.package_identification:_identify(log) by extension 'ignore'
[29.569s] Level 1:colcon.colcon_core.package_identification:_identify(log) ignored
[29.569s] Level 1:colcon.colcon_core.package_identification:_identify(src) by extensions ['ignore', 'ignore_ament_install']
[29.569s] Level 1:colcon.colcon_core.package_identification:_identify(src) by extension 'ignore'
[29.570s] Level 1:colcon.colcon_core.package_identification:_identify(src) by extension 'ignore_ament_install'
[29.570s] Level 1:colcon.colcon_core.package_identification:_identify(src) by extensions ['colcon_pkg']
[29.570s] Level 1:colcon.colcon_core.package_identification:_identify(src) by extension 'colcon_pkg'
[29.570s] Level 1:colcon.colcon_core.package_identification:_identify(src) by extensions ['colcon_meta']
[29.570s] Level 1:colcon.colcon_core.package_identification:_identify(src) by extension 'colcon_meta'
[29.570s] Level 1:colcon.colcon_core.package_identification:_identify(src) by extensions ['ros']
[29.570s] Level 1:colcon.colcon_core.package_identification:_identify(src) by extension 'ros'
[29.570s] Level 1:colcon.colcon_core.package_identification:_identify(src) by extensions ['cmake', 'python']
[29.570s] Level 1:colcon.colcon_core.package_identification:_identify(src) by extension 'cmake'
[29.570s] Level 1:colcon.colcon_core.package_identification:_identify(src) by extension 'python'
[29.570s] Level 1:colcon.colcon_core.package_identification:_identify(src) by extensions ['python_setup_py']
[29.570s] Level 1:colcon.colcon_core.package_identification:_identify(src) by extension 'python_setup_py'
[29.570s] Level 1:colcon.colcon_core.package_discovery:discover_packages(recursive) using defaults
[29.570s] Level 1:colcon.colcon_core.package_discovery:discover_packages(ignore) discover
[29.570s] Level 1:colcon.colcon_core.package_discovery:discover_packages(ignore) using defaults
[29.570s] Level 1:colcon.colcon_core.package_discovery:discover_packages(path) discover
[29.570s] Level 1:colcon.colcon_core.package_discovery:discover_packages(path) using defaults
[30.077s] Level 1:colcon.colcon_core.package_discovery:discover_packages(prefix_path) check parameters
[30.077s] Level 1:colcon.colcon_core.package_discovery:discover_packages(prefix_path) discover
[30.402s] DEBUG:colcon.colcon_installed_package_information.package_discovery:Found 1 installed packages in /home/kuljot/Project/articubot_ws/install
[30.573s] DEBUG:colcon.colcon_installed_package_information.package_discovery:Found 336 installed packages in /opt/ros/iron
[30.575s] Level 1:colcon.colcon_core.package_discovery:discover_packages(prefix_path) using defaults
[36.387s] INFO:colcon.colcon_core.executor:Executing jobs using 'parallel' executor
[36.417s] DEBUG:colcon.colcon_parallel_executor.executor.parallel:run_until_complete
[36.418s] DEBUG:colcon.colcon_parallel_executor.executor.parallel:closing loop
[36.418s] DEBUG:colcon.colcon_parallel_executor.executor.parallel:loop closed
[36.418s] DEBUG:colcon.colcon_parallel_executor.executor.parallel:run_until_complete finished with '0'
[36.418s] DEBUG:colcon.colcon_core.event_reactor:joining thread
[36.620s] INFO:colcon.colcon_core.plugin_system:Skipping extension 'colcon_notification.desktop_notification.terminal_notifier': Not used on non-Darwin systems
[36.620s] INFO:colcon.colcon_core.plugin_system:Skipping extension 'colcon_notification.desktop_notification.win32': Not used on non-Windows systems
[36.620s] INFO:colcon.colcon_notification.desktop_notification:Sending desktop notification using 'notify2'
[36.635s] DEBUG:colcon.colcon_core.event_reactor:joined thread
[37.407s] INFO:colcon.colcon_core.plugin_system:Skipping extension 'colcon_core.shell.bat': Not used on non-Windows systems
[37.407s] INFO:colcon.colcon_core.shell:Creating prefix script '/home/kuljot/Project/ball_follower/install/local_setup.ps1'
[38.059s] INFO:colcon.colcon_core.shell:Creating prefix util module '/home/kuljot/Project/ball_follower/install/_local_setup_util_ps1.py'
[38.142s] INFO:colcon.colcon_core.shell:Creating prefix chain script '/home/kuljot/Project/ball_follower/install/setup.ps1'
[38.172s] INFO:colcon.colcon_core.shell:Creating prefix script '/home/kuljot/Project/ball_follower/install/local_setup.sh'
[38.173s] INFO:colcon.colcon_core.shell:Creating prefix util module '/home/kuljot/Project/ball_follower/install/_local_setup_util_sh.py'
[38.173s] INFO:colcon.colcon_core.shell:Creating prefix chain script '/home/kuljot/Project/ball_follower/install/setup.sh'
[38.203s] INFO:colcon.colcon_core.shell:Creating prefix script '/home/kuljot/Project/ball_follower/install/local_setup.bash'
[38.776s] INFO:colcon.colcon_core.shell:Creating prefix chain script '/home/kuljot/Project/ball_follower/install/setup.bash'
[38.806s] INFO:colcon.colcon_core.shell:Creating prefix script '/home/kuljot/Project/ball_follower/install/local_setup.zsh'
[38.826s] INFO:colcon.colcon_core.shell:Creating prefix chain script '/home/kuljot/Project/ball_follower/install/setup.zsh'
