[0.447s] Invoking command in '/home/kuljot/Project/ball_follower/build/ball_follower': CMAKE_PREFIX_PATH=${CMAKE_PREFIX_PATH}:/opt/ros/iron /usr/bin/cmake --build /home/kuljot/Project/ball_follower/build/ball_follower -- -j8 -l8
[0.613s] [100%] Built target bot_node
[0.653s] Invoked command in '/home/kuljot/Project/ball_follower/build/ball_follower' returned '0': CMAKE_PREFIX_PATH=${CMAKE_PREFIX_PATH}:/opt/ros/iron /usr/bin/cmake --build /home/kuljot/Project/ball_follower/build/ball_follower -- -j8 -l8
[0.777s] Invoking command in '/home/kuljot/Project/ball_follower/build/ball_follower': CMAKE_PREFIX_PATH=${CMAKE_PREFIX_PATH}:/opt/ros/iron /usr/bin/cmake --install /home/kuljot/Project/ball_follower/build/ball_follower
[0.804s] -- Install configuration: ""
[0.805s] -- Up-to-date: /home/kuljot/Project/ball_follower/install/ball_follower/lib/ball_follower/bot_node
[0.805s] -- Up-to-date: /home/kuljot/Project/ball_follower/install/ball_follower/share/ball_follower/config
[0.806s] -- Up-to-date: /home/kuljot/Project/ball_follower/install/ball_follower/share/ball_follower/description
[0.807s] -- Installing: /home/kuljot/Project/ball_follower/install/ball_follower/share/ball_follower/description/robot_core.xacro
[0.807s] -- Up-to-date: /home/kuljot/Project/ball_follower/install/ball_follower/share/ball_follower/description/inertial_macros.xacro
[0.808s] -- Up-to-date: /home/kuljot/Project/ball_follower/install/ball_follower/share/ball_follower/description/visual_macros.xacro
[0.808s] -- Up-to-date: /home/kuljot/Project/ball_follower/install/ball_follower/share/ball_follower/description/robot.urdf.xacro
[0.809s] -- Up-to-date: /home/kuljot/Project/ball_follower/install/ball_follower/share/ball_follower/launch
[0.809s] -- Up-to-date: /home/kuljot/Project/ball_follower/install/ball_follower/share/ball_follower/launch/launch_sim.launch.py
[0.810s] -- Up-to-date: /home/kuljot/Project/ball_follower/install/ball_follower/share/ball_follower/launch/rsp.launch.py
[0.810s] -- Up-to-date: /home/kuljot/Project/ball_follower/install/ball_follower/share/ball_follower/worlds
[0.811s] -- Up-to-date: /home/kuljot/Project/ball_follower/install/ball_follower/share/ament_index/resource_index/package_run_dependencies/ball_follower
[0.811s] -- Up-to-date: /home/kuljot/Project/ball_follower/install/ball_follower/share/ament_index/resource_index/parent_prefix_path/ball_follower
[0.812s] -- Up-to-date: /home/kuljot/Project/ball_follower/install/ball_follower/share/ball_follower/environment/ament_prefix_path.sh
[0.812s] -- Up-to-date: /home/kuljot/Project/ball_follower/install/ball_follower/share/ball_follower/environment/ament_prefix_path.dsv
[0.813s] -- Up-to-date: /home/kuljot/Project/ball_follower/install/ball_follower/share/ball_follower/environment/path.sh
[0.813s] -- Up-to-date: /home/kuljot/Project/ball_follower/install/ball_follower/share/ball_follower/environment/path.dsv
[0.813s] -- Up-to-date: /home/kuljot/Project/ball_follower/install/ball_follower/share/ball_follower/local_setup.bash
[0.815s] -- Up-to-date: /home/kuljot/Project/ball_follower/install/ball_follower/share/ball_follower/local_setup.sh
[0.818s] -- Up-to-date: /home/kuljot/Project/ball_follower/install/ball_follower/share/ball_follower/local_setup.zsh
[0.818s] -- Up-to-date: /home/kuljot/Project/ball_follower/install/ball_follower/share/ball_follower/local_setup.dsv
[0.820s] -- Installing: /home/kuljot/Project/ball_follower/install/ball_follower/share/ball_follower/package.dsv
[0.821s] -- Up-to-date: /home/kuljot/Project/ball_follower/install/ball_follower/share/ament_index/resource_index/packages/ball_follower
[0.822s] -- Up-to-date: /home/kuljot/Project/ball_follower/install/ball_follower/share/ball_follower/cmake/ball_followerConfig.cmake
[0.823s] -- Up-to-date: /home/kuljot/Project/ball_follower/install/ball_follower/share/ball_follower/cmake/ball_followerConfig-version.cmake
[0.824s] -- Up-to-date: /home/kuljot/Project/ball_follower/install/ball_follower/share/ball_follower/package.xml
[0.826s] Invoked command in '/home/kuljot/Project/ball_follower/build/ball_follower' returned '0': CMAKE_PREFIX_PATH=${CMAKE_PREFIX_PATH}:/opt/ros/iron /usr/bin/cmake --install /home/kuljot/Project/ball_follower/build/ball_follower
