[6.569s] DEBUG:colcon:Command line arguments: ['/usr/bin/colcon', 'build']
[6.569s] DEBUG:colcon:Parsed command line arguments: Namespace(log_base=None, log_level=None, verb_name='build', build_base='build', install_base='install', merge_install=False, symlink_install=False, test_result_base=None, continue_on_error=False, executor='parallel', parallel_workers=8, event_handlers=None, ignore_user_meta=False, metas=['./colcon.meta'], base_paths=['.'], packages_ignore=None, packages_ignore_regex=None, paths=None, packages_up_to=None, packages_up_to_regex=None, packages_above=None, packages_above_and_dependencies=None, packages_above_depth=None, packages_select_by_dep=None, packages_skip_by_dep=None, packages_skip_up_to=None, packages_select_build_failed=False, packages_skip_build_finished=False, packages_select_test_failures=False, packages_skip_test_passed=False, packages_select=None, packages_skip=None, packages_select_regex=None, packages_skip_regex=None, packages_start=None, packages_end=None, allow_overriding=[], cmake_args=None, cmake_target=None, cmake_target_skip_unavailable=False, cmake_clean_cache=False, cmake_clean_first=False, cmake_force_configure=False, ament_cmake_args=None, catkin_cmake_args=None, catkin_skip_building_tests=False, verb_parser=<colcon_defaults.argument_parser.defaults.DefaultArgumentsDecorator object at 0x7f04eb6ed060>, verb_extension=<colcon_core.verb.build.BuildVerb object at 0x7f04ebc8a260>, main=<bound method BuildVerb.main of <colcon_core.verb.build.BuildVerb object at 0x7f04ebc8a260>>)
[6.790s] Level 1:colcon.colcon_core.package_discovery:discover_packages(colcon_meta) check parameters
[6.790s] Level 1:colcon.colcon_core.package_discovery:discover_packages(recursive) check parameters
[6.790s] Level 1:colcon.colcon_core.package_discovery:discover_packages(ignore) check parameters
[6.790s] Level 1:colcon.colcon_core.package_discovery:discover_packages(path) check parameters
[6.790s] Level 1:colcon.colcon_core.package_discovery:discover_packages(colcon_meta) discover
[6.790s] Level 1:colcon.colcon_core.package_discovery:discover_packages(recursive) discover
[6.791s] INFO:colcon.colcon_core.package_discovery:Crawling recursively for packages in '/home/kuljot/Project/ball_follower'
[6.791s] Level 1:colcon.colcon_core.package_identification:_identify(.) by extensions ['ignore', 'ignore_ament_install']
[6.791s] Level 1:colcon.colcon_core.package_identification:_identify(.) by extension 'ignore'
[6.791s] Level 1:colcon.colcon_core.package_identification:_identify(.) by extension 'ignore_ament_install'
[6.792s] Level 1:colcon.colcon_core.package_identification:_identify(.) by extensions ['colcon_pkg']
[6.792s] Level 1:colcon.colcon_core.package_identification:_identify(.) by extension 'colcon_pkg'
[6.792s] Level 1:colcon.colcon_core.package_identification:_identify(.) by extensions ['colcon_meta']
[6.792s] Level 1:colcon.colcon_core.package_identification:_identify(.) by extension 'colcon_meta'
[6.792s] Level 1:colcon.colcon_core.package_identification:_identify(.) by extensions ['ros']
[6.792s] Level 1:colcon.colcon_core.package_identification:_identify(.) by extension 'ros'
[6.824s] Level 1:colcon.colcon_core.package_identification:_identify(.) by extensions ['cmake', 'python']
[6.824s] Level 1:colcon.colcon_core.package_identification:_identify(.) by extension 'cmake'
[6.825s] Level 1:colcon.colcon_core.package_identification:_identify(.) by extension 'python'
[6.825s] Level 1:colcon.colcon_core.package_identification:_identify(.) by extensions ['python_setup_py']
[6.825s] Level 1:colcon.colcon_core.package_identification:_identify(.) by extension 'python_setup_py'
[6.825s] Level 1:colcon.colcon_core.package_identification:_identify(build) by extensions ['ignore', 'ignore_ament_install']
[6.826s] Level 1:colcon.colcon_core.package_identification:_identify(build) by extension 'ignore'
[6.826s] Level 1:colcon.colcon_core.package_identification:_identify(build) ignored
[6.826s] Level 1:colcon.colcon_core.package_identification:_identify(install) by extensions ['ignore', 'ignore_ament_install']
[6.826s] Level 1:colcon.colcon_core.package_identification:_identify(install) by extension 'ignore'
[6.826s] Level 1:colcon.colcon_core.package_identification:_identify(install) ignored
[6.827s] Level 1:colcon.colcon_core.package_identification:_identify(log) by extensions ['ignore', 'ignore_ament_install']
[6.827s] Level 1:colcon.colcon_core.package_identification:_identify(log) by extension 'ignore'
[6.827s] Level 1:colcon.colcon_core.package_identification:_identify(log) ignored
[6.827s] Level 1:colcon.colcon_core.package_identification:_identify(src) by extensions ['ignore', 'ignore_ament_install']
[6.828s] Level 1:colcon.colcon_core.package_identification:_identify(src) by extension 'ignore'
[6.828s] Level 1:colcon.colcon_core.package_identification:_identify(src) by extension 'ignore_ament_install'
[6.828s] Level 1:colcon.colcon_core.package_identification:_identify(src) by extensions ['colcon_pkg']
[6.828s] Level 1:colcon.colcon_core.package_identification:_identify(src) by extension 'colcon_pkg'
[6.828s] Level 1:colcon.colcon_core.package_identification:_identify(src) by extensions ['colcon_meta']
[6.828s] Level 1:colcon.colcon_core.package_identification:_identify(src) by extension 'colcon_meta'
[6.829s] Level 1:colcon.colcon_core.package_identification:_identify(src) by extensions ['ros']
[6.829s] Level 1:colcon.colcon_core.package_identification:_identify(src) by extension 'ros'
[6.829s] Level 1:colcon.colcon_core.package_identification:_identify(src) by extensions ['cmake', 'python']
[6.829s] Level 1:colcon.colcon_core.package_identification:_identify(src) by extension 'cmake'
[6.829s] Level 1:colcon.colcon_core.package_identification:_identify(src) by extension 'python'
[6.829s] Level 1:colcon.colcon_core.package_identification:_identify(src) by extensions ['python_setup_py']
[6.829s] Level 1:colcon.colcon_core.package_identification:_identify(src) by extension 'python_setup_py'
[6.830s] Level 1:colcon.colcon_core.package_identification:_identify(src/bot) by extensions ['ignore', 'ignore_ament_install']
[6.830s] Level 1:colcon.colcon_core.package_identification:_identify(src/bot) by extension 'ignore'
[6.830s] Level 1:colcon.colcon_core.package_identification:_identify(src/bot) by extension 'ignore_ament_install'
[6.830s] Level 1:colcon.colcon_core.package_identification:_identify(src/bot) by extensions ['colcon_pkg']
[6.831s] Level 1:colcon.colcon_core.package_identification:_identify(src/bot) by extension 'colcon_pkg'
[6.831s] Level 1:colcon.colcon_core.package_identification:_identify(src/bot) by extensions ['colcon_meta']
[6.831s] Level 1:colcon.colcon_core.package_identification:_identify(src/bot) by extension 'colcon_meta'
[6.831s] Level 1:colcon.colcon_core.package_identification:_identify(src/bot) by extensions ['ros']
[6.831s] Level 1:colcon.colcon_core.package_identification:_identify(src/bot) by extension 'ros'
[6.838s] DEBUG:colcon.colcon_core.package_identification:Package 'src/bot' with type 'ros.ament_cmake' and name 'bot'
[6.838s] Level 1:colcon.colcon_core.package_discovery:discover_packages(recursive) using defaults
[6.838s] Level 1:colcon.colcon_core.package_discovery:discover_packages(ignore) discover
[6.838s] Level 1:colcon.colcon_core.package_discovery:discover_packages(ignore) using defaults
[6.838s] Level 1:colcon.colcon_core.package_discovery:discover_packages(path) discover
[6.838s] Level 1:colcon.colcon_core.package_discovery:discover_packages(path) using defaults
[7.364s] Level 1:colcon.colcon_core.package_discovery:discover_packages(prefix_path) check parameters
[7.365s] Level 1:colcon.colcon_core.package_discovery:discover_packages(prefix_path) discover
[7.568s] DEBUG:colcon.colcon_installed_package_information.package_discovery:Found 1 installed packages in /home/kuljot/Project/ball_follower/install
[7.661s] DEBUG:colcon.colcon_installed_package_information.package_discovery:Found 1 installed packages in /home/kuljot/Project/articubot_ws/install
[7.757s] DEBUG:colcon.colcon_installed_package_information.package_discovery:Found 336 installed packages in /opt/ros/iron
[7.762s] Level 1:colcon.colcon_core.package_discovery:discover_packages(prefix_path) using defaults
[8.125s] Level 5:colcon.colcon_core.verb:set package 'bot' build argument 'cmake_args' from command line to 'None'
[8.125s] Level 5:colcon.colcon_core.verb:set package 'bot' build argument 'cmake_target' from command line to 'None'
[8.125s] Level 5:colcon.colcon_core.verb:set package 'bot' build argument 'cmake_target_skip_unavailable' from command line to 'False'
[8.125s] Level 5:colcon.colcon_core.verb:set package 'bot' build argument 'cmake_clean_cache' from command line to 'False'
[8.125s] Level 5:colcon.colcon_core.verb:set package 'bot' build argument 'cmake_clean_first' from command line to 'False'
[8.125s] Level 5:colcon.colcon_core.verb:set package 'bot' build argument 'cmake_force_configure' from command line to 'False'
[8.125s] Level 5:colcon.colcon_core.verb:set package 'bot' build argument 'ament_cmake_args' from command line to 'None'
[8.125s] Level 5:colcon.colcon_core.verb:set package 'bot' build argument 'catkin_cmake_args' from command line to 'None'
[8.126s] Level 5:colcon.colcon_core.verb:set package 'bot' build argument 'catkin_skip_building_tests' from command line to 'False'
[8.126s] DEBUG:colcon.colcon_core.verb:Building package 'bot' with the following arguments: {'ament_cmake_args': None, 'build_base': '/home/kuljot/Project/ball_follower/build/bot', 'catkin_cmake_args': None, 'catkin_skip_building_tests': False, 'cmake_args': None, 'cmake_clean_cache': False, 'cmake_clean_first': False, 'cmake_force_configure': False, 'cmake_target': None, 'cmake_target_skip_unavailable': False, 'install_base': '/home/kuljot/Project/ball_follower/install/bot', 'merge_install': False, 'path': '/home/kuljot/Project/ball_follower/src/bot', 'symlink_install': False, 'test_result_base': None}
[8.213s] INFO:colcon.colcon_core.executor:Executing jobs using 'parallel' executor
[8.300s] DEBUG:colcon.colcon_parallel_executor.executor.parallel:run_until_complete
[8.301s] INFO:colcon.colcon_ros.task.ament_cmake.build:Building ROS package in '/home/kuljot/Project/ball_follower/src/bot' with build type 'ament_cmake'
[8.301s] INFO:colcon.colcon_cmake.task.cmake.build:Building CMake package in '/home/kuljot/Project/ball_follower/src/bot'
[8.421s] INFO:colcon.colcon_core.plugin_system:Skipping extension 'colcon_core.shell.bat': Not used on non-Windows systems
[8.422s] INFO:colcon.colcon_core.shell:Skip shell extension 'powershell' for command environment: Not usable outside of PowerShell
[8.422s] DEBUG:colcon.colcon_core.shell:Skip shell extension 'dsv' for command environment
[8.839s] DEBUG:colcon.colcon_core.event_handler.log_command:Invoking command in '/home/kuljot/Project/ball_follower/build/bot': CMAKE_PREFIX_PATH=${CMAKE_PREFIX_PATH}:/opt/ros/iron /usr/bin/cmake --build /home/kuljot/Project/ball_follower/build/bot -- -j8 -l8
[9.102s] DEBUG:colcon.colcon_core.event_handler.log_command:Invoked command in '/home/kuljot/Project/ball_follower/build/bot' returned '0': CMAKE_PREFIX_PATH=${CMAKE_PREFIX_PATH}:/opt/ros/iron /usr/bin/cmake --build /home/kuljot/Project/ball_follower/build/bot -- -j8 -l8
[9.237s] DEBUG:colcon.colcon_core.event_handler.log_command:Invoking command in '/home/kuljot/Project/ball_follower/build/bot': CMAKE_PREFIX_PATH=${CMAKE_PREFIX_PATH}:/opt/ros/iron /usr/bin/cmake --install /home/kuljot/Project/ball_follower/build/bot
[9.280s] Level 1:colcon.colcon_core.environment:create_environment_scripts_only(bot)
[9.282s] DEBUG:colcon.colcon_core.event_handler.log_command:Invoked command in '/home/kuljot/Project/ball_follower/build/bot' returned '0': CMAKE_PREFIX_PATH=${CMAKE_PREFIX_PATH}:/opt/ros/iron /usr/bin/cmake --install /home/kuljot/Project/ball_follower/build/bot
[9.417s] Level 1:colcon.colcon_core.environment:checking '/home/kuljot/Project/ball_follower/install/bot' for CMake module files
[9.419s] Level 1:colcon.colcon_core.environment:checking '/home/kuljot/Project/ball_follower/install/bot' for CMake config files
[9.420s] Level 1:colcon.colcon_core.shell:create_environment_hook('bot', 'cmake_prefix_path')
[9.541s] INFO:colcon.colcon_core.shell:Creating environment hook '/home/kuljot/Project/ball_follower/install/bot/share/bot/hook/cmake_prefix_path.ps1'
[9.544s] INFO:colcon.colcon_core.shell:Creating environment descriptor '/home/kuljot/Project/ball_follower/install/bot/share/bot/hook/cmake_prefix_path.dsv'
[9.546s] INFO:colcon.colcon_core.shell:Creating environment hook '/home/kuljot/Project/ball_follower/install/bot/share/bot/hook/cmake_prefix_path.sh'
[9.551s] Level 1:colcon.colcon_core.environment:checking '/home/kuljot/Project/ball_follower/install/bot/lib'
[9.552s] Level 1:colcon.colcon_core.environment:checking '/home/kuljot/Project/ball_follower/install/bot/bin'
[9.552s] Level 1:colcon.colcon_core.environment:checking '/home/kuljot/Project/ball_follower/install/bot/lib/pkgconfig/bot.pc'
[9.553s] Level 1:colcon.colcon_core.environment:checking '/home/kuljot/Project/ball_follower/install/bot/lib/python3.10/site-packages'
[9.555s] Level 1:colcon.colcon_core.environment:checking '/home/kuljot/Project/ball_follower/install/bot/bin'
[9.705s] INFO:colcon.colcon_core.shell:Creating package script '/home/kuljot/Project/ball_follower/install/bot/share/bot/package.ps1'
[9.709s] INFO:colcon.colcon_core.shell:Creating package descriptor '/home/kuljot/Project/ball_follower/install/bot/share/bot/package.dsv'
[9.711s] INFO:colcon.colcon_core.shell:Creating package script '/home/kuljot/Project/ball_follower/install/bot/share/bot/package.sh'
[9.714s] INFO:colcon.colcon_core.shell:Creating package script '/home/kuljot/Project/ball_follower/install/bot/share/bot/package.bash'
[9.717s] INFO:colcon.colcon_core.shell:Creating package script '/home/kuljot/Project/ball_follower/install/bot/share/bot/package.zsh'
[9.719s] Level 1:colcon.colcon_core.environment:create_file_with_runtime_dependencies(/home/kuljot/Project/ball_follower/install/bot/share/colcon-core/packages/bot)
[9.940s] Level 1:colcon.colcon_core.environment:create_environment_scripts_only(bot)
[10.071s] Level 1:colcon.colcon_core.environment:checking '/home/kuljot/Project/ball_follower/install/bot' for CMake module files
[10.075s] Level 1:colcon.colcon_core.environment:checking '/home/kuljot/Project/ball_follower/install/bot' for CMake config files
[10.076s] Level 1:colcon.colcon_core.shell:create_environment_hook('bot', 'cmake_prefix_path')
[10.204s] INFO:colcon.colcon_core.shell:Creating environment hook '/home/kuljot/Project/ball_follower/install/bot/share/bot/hook/cmake_prefix_path.ps1'
[10.206s] INFO:colcon.colcon_core.shell:Creating environment descriptor '/home/kuljot/Project/ball_follower/install/bot/share/bot/hook/cmake_prefix_path.dsv'
[10.207s] INFO:colcon.colcon_core.shell:Creating environment hook '/home/kuljot/Project/ball_follower/install/bot/share/bot/hook/cmake_prefix_path.sh'
[10.209s] Level 1:colcon.colcon_core.environment:checking '/home/kuljot/Project/ball_follower/install/bot/lib'
[10.209s] Level 1:colcon.colcon_core.environment:checking '/home/kuljot/Project/ball_follower/install/bot/bin'
[10.209s] Level 1:colcon.colcon_core.environment:checking '/home/kuljot/Project/ball_follower/install/bot/lib/pkgconfig/bot.pc'
[10.210s] Level 1:colcon.colcon_core.environment:checking '/home/kuljot/Project/ball_follower/install/bot/lib/python3.10/site-packages'
[10.211s] Level 1:colcon.colcon_core.environment:checking '/home/kuljot/Project/ball_follower/install/bot/bin'
[10.333s] INFO:colcon.colcon_core.shell:Creating package script '/home/kuljot/Project/ball_follower/install/bot/share/bot/package.ps1'
[10.335s] INFO:colcon.colcon_core.shell:Creating package descriptor '/home/kuljot/Project/ball_follower/install/bot/share/bot/package.dsv'
[10.337s] INFO:colcon.colcon_core.shell:Creating package script '/home/kuljot/Project/ball_follower/install/bot/share/bot/package.sh'
[10.339s] INFO:colcon.colcon_core.shell:Creating package script '/home/kuljot/Project/ball_follower/install/bot/share/bot/package.bash'
[10.340s] INFO:colcon.colcon_core.shell:Creating package script '/home/kuljot/Project/ball_follower/install/bot/share/bot/package.zsh'
[10.342s] Level 1:colcon.colcon_core.environment:create_file_with_runtime_dependencies(/home/kuljot/Project/ball_follower/install/bot/share/colcon-core/packages/bot)
[10.343s] DEBUG:colcon.colcon_parallel_executor.executor.parallel:closing loop
[10.344s] DEBUG:colcon.colcon_parallel_executor.executor.parallel:loop closed
[10.344s] DEBUG:colcon.colcon_parallel_executor.executor.parallel:run_until_complete finished with '0'
[10.344s] DEBUG:colcon.colcon_core.event_reactor:joining thread
[10.514s] INFO:colcon.colcon_core.plugin_system:Skipping extension 'colcon_notification.desktop_notification.terminal_notifier': Not used on non-Darwin systems
[10.514s] INFO:colcon.colcon_core.plugin_system:Skipping extension 'colcon_notification.desktop_notification.win32': Not used on non-Windows systems
[10.514s] INFO:colcon.colcon_notification.desktop_notification:Sending desktop notification using 'notify2'
[10.557s] DEBUG:colcon.colcon_core.event_reactor:joined thread
[10.687s] INFO:colcon.colcon_core.shell:Creating prefix script '/home/kuljot/Project/ball_follower/install/local_setup.ps1'
[10.692s] INFO:colcon.colcon_core.shell:Creating prefix util module '/home/kuljot/Project/ball_follower/install/_local_setup_util_ps1.py'
[10.697s] INFO:colcon.colcon_core.shell:Creating prefix chain script '/home/kuljot/Project/ball_follower/install/setup.ps1'
[10.823s] INFO:colcon.colcon_core.shell:Creating prefix script '/home/kuljot/Project/ball_follower/install/local_setup.sh'
[10.825s] INFO:colcon.colcon_core.shell:Creating prefix util module '/home/kuljot/Project/ball_follower/install/_local_setup_util_sh.py'
[10.828s] INFO:colcon.colcon_core.shell:Creating prefix chain script '/home/kuljot/Project/ball_follower/install/setup.sh'
[10.943s] INFO:colcon.colcon_core.shell:Creating prefix script '/home/kuljot/Project/ball_follower/install/local_setup.bash'
[10.945s] INFO:colcon.colcon_core.shell:Creating prefix chain script '/home/kuljot/Project/ball_follower/install/setup.bash'
[11.061s] INFO:colcon.colcon_core.shell:Creating prefix script '/home/kuljot/Project/ball_follower/install/local_setup.zsh'
[11.063s] INFO:colcon.colcon_core.shell:Creating prefix chain script '/home/kuljot/Project/ball_follower/install/setup.zsh'
