[1.771s] Invoking command in '/home/kuljot/Project/ball_follower/build/ball_follower': CMAKE_PREFIX_PATH=${CMAKE_PREFIX_PATH}:/opt/ros/iron /usr/bin/cmake --build /home/kuljot/Project/ball_follower/build/ball_follower -- -j8 -l8
[2.143s] [100%] Built target bot_node
[2.248s] Invoked command in '/home/kuljot/Project/ball_follower/build/ball_follower' returned '0': CMAKE_PREFIX_PATH=${CMAKE_PREFIX_PATH}:/opt/ros/iron /usr/bin/cmake --build /home/kuljot/Project/ball_follower/build/ball_follower -- -j8 -l8
[2.628s] Invoking command in '/home/kuljot/Project/ball_follower/build/ball_follower': CMAKE_PREFIX_PATH=${CMAKE_PREFIX_PATH}:/opt/ros/iron /usr/bin/cmake --install /home/kuljot/Project/ball_follower/build/ball_follower
[2.752s] -- Install configuration: ""
[2.769s] -- Up-to-date: /home/kuljot/Project/ball_follower/install/ball_follower/lib/ball_follower/bot_node
[2.794s] -- Up-to-date: /home/kuljot/Project/ball_follower/install/ball_follower/share/ball_follower/config
[2.799s] -- Up-to-date: /home/kuljot/Project/ball_follower/install/ball_follower/share/ball_follower/description
[2.802s] -- Up-to-date: /home/kuljot/Project/ball_follower/install/ball_follower/share/ball_follower/description/robot_core.xacro
[2.814s] -- Up-to-date: /home/kuljot/Project/ball_follower/install/ball_follower/share/ball_follower/description/inertial_macros.xacro
[2.822s] -- Up-to-date: /home/kuljot/Project/ball_follower/install/ball_follower/share/ball_follower/description/visual_macros.xacro
[2.829s] -- Up-to-date: /home/kuljot/Project/ball_follower/install/ball_follower/share/ball_follower/description/robot.urdf.xacro
[2.840s] -- Up-to-date: /home/kuljot/Project/ball_follower/install/ball_follower/share/ball_follower/launch
[2.857s] -- Up-to-date: /home/kuljot/Project/ball_follower/install/ball_follower/share/ball_follower/launch/launch_sim.launch.py
[2.878s] -- Up-to-date: /home/kuljot/Project/ball_follower/install/ball_follower/share/ball_follower/launch/rsp.launch.py
[2.879s] -- Up-to-date: /home/kuljot/Project/ball_follower/install/ball_follower/share/ball_follower/worlds
[2.880s] -- Up-to-date: /home/kuljot/Project/ball_follower/install/ball_follower/share/ament_index/resource_index/package_run_dependencies/ball_follower
[2.892s] -- Up-to-date: /home/kuljot/Project/ball_follower/install/ball_follower/share/ament_index/resource_index/parent_prefix_path/ball_follower
[2.895s] -- Up-to-date: /home/kuljot/Project/ball_follower/install/ball_follower/share/ball_follower/environment/ament_prefix_path.sh
[2.905s] -- Up-to-date: /home/kuljot/Project/ball_follower/install/ball_follower/share/ball_follower/environment/ament_prefix_path.dsv
[2.912s] -- Up-to-date: /home/kuljot/Project/ball_follower/install/ball_follower/share/ball_follower/environment/path.sh
[2.931s] -- Up-to-date: /home/kuljot/Project/ball_follower/install/ball_follower/share/ball_follower/environment/path.dsv
[2.934s] -- Up-to-date: /home/kuljot/Project/ball_follower/install/ball_follower/share/ball_follower/local_setup.bash
[2.939s] -- Up-to-date: /home/kuljot/Project/ball_follower/install/ball_follower/share/ball_follower/local_setup.sh
[2.953s] -- Up-to-date: /home/kuljot/Project/ball_follower/install/ball_follower/share/ball_follower/local_setup.zsh
[2.956s] -- Up-to-date: /home/kuljot/Project/ball_follower/install/ball_follower/share/ball_follower/local_setup.dsv
[2.958s] -- Installing: /home/kuljot/Project/ball_follower/install/ball_follower/share/ball_follower/package.dsv
[2.959s] -- Up-to-date: /home/kuljot/Project/ball_follower/install/ball_follower/share/ament_index/resource_index/packages/ball_follower
[2.961s] -- Up-to-date: /home/kuljot/Project/ball_follower/install/ball_follower/share/ball_follower/cmake/ball_followerConfig.cmake
[2.962s] -- Up-to-date: /home/kuljot/Project/ball_follower/install/ball_follower/share/ball_follower/cmake/ball_followerConfig-version.cmake
[2.965s] -- Up-to-date: /home/kuljot/Project/ball_follower/install/ball_follower/share/ball_follower/package.xml
[3.007s] Invoked command in '/home/kuljot/Project/ball_follower/build/ball_follower' returned '0': CMAKE_PREFIX_PATH=${CMAKE_PREFIX_PATH}:/opt/ros/iron /usr/bin/cmake --install /home/kuljot/Project/ball_follower/build/ball_follower
