[9.856s] DEBUG:colcon:Command line arguments: ['/usr/bin/colcon', 'build']
[9.856s] DEBUG:colcon:Parsed command line arguments: Namespace(log_base=None, log_level=None, verb_name='build', build_base='build', install_base='install', merge_install=False, symlink_install=False, test_result_base=None, continue_on_error=False, executor='parallel', parallel_workers=8, event_handlers=None, ignore_user_meta=False, metas=['./colcon.meta'], base_paths=['.'], packages_ignore=None, packages_ignore_regex=None, paths=None, packages_up_to=None, packages_up_to_regex=None, packages_above=None, packages_above_and_dependencies=None, packages_above_depth=None, packages_select_by_dep=None, packages_skip_by_dep=None, packages_skip_up_to=None, packages_select_build_failed=False, packages_skip_build_finished=False, packages_select_test_failures=False, packages_skip_test_passed=False, packages_select=None, packages_skip=None, packages_select_regex=None, packages_skip_regex=None, packages_start=None, packages_end=None, allow_overriding=[], cmake_args=None, cmake_target=None, cmake_target_skip_unavailable=False, cmake_clean_cache=False, cmake_clean_first=False, cmake_force_configure=False, ament_cmake_args=None, catkin_cmake_args=None, catkin_skip_building_tests=False, verb_parser=<colcon_defaults.argument_parser.defaults.DefaultArgumentsDecorator object at 0x7f5101e7d090>, verb_extension=<colcon_core.verb.build.BuildVerb object at 0x7f5102388730>, main=<bound method BuildVerb.main of <colcon_core.verb.build.BuildVerb object at 0x7f5102388730>>)
[10.288s] Level 1:colcon.colcon_core.package_discovery:discover_packages(colcon_meta) check parameters
[10.289s] Level 1:colcon.colcon_core.package_discovery:discover_packages(recursive) check parameters
[10.289s] Level 1:colcon.colcon_core.package_discovery:discover_packages(ignore) check parameters
[10.289s] Level 1:colcon.colcon_core.package_discovery:discover_packages(path) check parameters
[10.289s] Level 1:colcon.colcon_core.package_discovery:discover_packages(colcon_meta) discover
[10.290s] Level 1:colcon.colcon_core.package_discovery:discover_packages(recursive) discover
[10.290s] INFO:colcon.colcon_core.package_discovery:Crawling recursively for packages in '/home/kuljot/Project/ball_follower'
[10.290s] Level 1:colcon.colcon_core.package_identification:_identify(.) by extensions ['ignore', 'ignore_ament_install']
[10.291s] Level 1:colcon.colcon_core.package_identification:_identify(.) by extension 'ignore'
[10.291s] Level 1:colcon.colcon_core.package_identification:_identify(.) by extension 'ignore_ament_install'
[10.292s] Level 1:colcon.colcon_core.package_identification:_identify(.) by extensions ['colcon_pkg']
[10.292s] Level 1:colcon.colcon_core.package_identification:_identify(.) by extension 'colcon_pkg'
[10.292s] Level 1:colcon.colcon_core.package_identification:_identify(.) by extensions ['colcon_meta']
[10.292s] Level 1:colcon.colcon_core.package_identification:_identify(.) by extension 'colcon_meta'
[10.293s] Level 1:colcon.colcon_core.package_identification:_identify(.) by extensions ['ros']
[10.293s] Level 1:colcon.colcon_core.package_identification:_identify(.) by extension 'ros'
[10.346s] Level 1:colcon.colcon_core.package_identification:_identify(.) by extensions ['cmake', 'python']
[10.347s] Level 1:colcon.colcon_core.package_identification:_identify(.) by extension 'cmake'
[10.347s] Level 1:colcon.colcon_core.package_identification:_identify(.) by extension 'python'
[10.347s] Level 1:colcon.colcon_core.package_identification:_identify(.) by extensions ['python_setup_py']
[10.348s] Level 1:colcon.colcon_core.package_identification:_identify(.) by extension 'python_setup_py'
[10.348s] Level 1:colcon.colcon_core.package_identification:_identify(build) by extensions ['ignore', 'ignore_ament_install']
[10.349s] Level 1:colcon.colcon_core.package_identification:_identify(build) by extension 'ignore'
[10.349s] Level 1:colcon.colcon_core.package_identification:_identify(build) ignored
[10.350s] Level 1:colcon.colcon_core.package_identification:_identify(install) by extensions ['ignore', 'ignore_ament_install']
[10.351s] Level 1:colcon.colcon_core.package_identification:_identify(install) by extension 'ignore'
[10.351s] Level 1:colcon.colcon_core.package_identification:_identify(install) ignored
[10.352s] Level 1:colcon.colcon_core.package_identification:_identify(log) by extensions ['ignore', 'ignore_ament_install']
[10.353s] Level 1:colcon.colcon_core.package_identification:_identify(log) by extension 'ignore'
[10.353s] Level 1:colcon.colcon_core.package_identification:_identify(log) ignored
[10.354s] Level 1:colcon.colcon_core.package_identification:_identify(src) by extensions ['ignore', 'ignore_ament_install']
[10.355s] Level 1:colcon.colcon_core.package_identification:_identify(src) by extension 'ignore'
[10.355s] Level 1:colcon.colcon_core.package_identification:_identify(src) by extension 'ignore_ament_install'
[10.355s] Level 1:colcon.colcon_core.package_identification:_identify(src) by extensions ['colcon_pkg']
[10.356s] Level 1:colcon.colcon_core.package_identification:_identify(src) by extension 'colcon_pkg'
[10.356s] Level 1:colcon.colcon_core.package_identification:_identify(src) by extensions ['colcon_meta']
[10.356s] Level 1:colcon.colcon_core.package_identification:_identify(src) by extension 'colcon_meta'
[10.357s] Level 1:colcon.colcon_core.package_identification:_identify(src) by extensions ['ros']
[10.357s] Level 1:colcon.colcon_core.package_identification:_identify(src) by extension 'ros'
[10.358s] Level 1:colcon.colcon_core.package_identification:_identify(src) by extensions ['cmake', 'python']
[10.358s] Level 1:colcon.colcon_core.package_identification:_identify(src) by extension 'cmake'
[10.358s] Level 1:colcon.colcon_core.package_identification:_identify(src) by extension 'python'
[10.359s] Level 1:colcon.colcon_core.package_identification:_identify(src) by extensions ['python_setup_py']
[10.359s] Level 1:colcon.colcon_core.package_identification:_identify(src) by extension 'python_setup_py'
[10.360s] Level 1:colcon.colcon_core.package_identification:_identify(src/bot) by extensions ['ignore', 'ignore_ament_install']
[10.360s] Level 1:colcon.colcon_core.package_identification:_identify(src/bot) by extension 'ignore'
[10.361s] Level 1:colcon.colcon_core.package_identification:_identify(src/bot) by extension 'ignore_ament_install'
[10.361s] Level 1:colcon.colcon_core.package_identification:_identify(src/bot) by extensions ['colcon_pkg']
[10.361s] Level 1:colcon.colcon_core.package_identification:_identify(src/bot) by extension 'colcon_pkg'
[10.362s] Level 1:colcon.colcon_core.package_identification:_identify(src/bot) by extensions ['colcon_meta']
[10.362s] Level 1:colcon.colcon_core.package_identification:_identify(src/bot) by extension 'colcon_meta'
[10.362s] Level 1:colcon.colcon_core.package_identification:_identify(src/bot) by extensions ['ros']
[10.362s] Level 1:colcon.colcon_core.package_identification:_identify(src/bot) by extension 'ros'
[10.380s] DEBUG:colcon.colcon_core.package_identification:Package 'src/bot' with type 'ros.ament_cmake' and name 'ball_follower'
[10.380s] Level 1:colcon.colcon_core.package_discovery:discover_packages(recursive) using defaults
[10.381s] Level 1:colcon.colcon_core.package_discovery:discover_packages(ignore) discover
[10.381s] Level 1:colcon.colcon_core.package_discovery:discover_packages(ignore) using defaults
[10.381s] Level 1:colcon.colcon_core.package_discovery:discover_packages(path) discover
[10.381s] Level 1:colcon.colcon_core.package_discovery:discover_packages(path) using defaults
[11.339s] Level 1:colcon.colcon_core.package_discovery:discover_packages(prefix_path) check parameters
[11.339s] Level 1:colcon.colcon_core.package_discovery:discover_packages(prefix_path) discover
[11.635s] DEBUG:colcon.colcon_installed_package_information.package_discovery:Found 1 installed packages in /home/kuljot/Project/ball_follower/install
[11.799s] DEBUG:colcon.colcon_installed_package_information.package_discovery:Found 336 installed packages in /opt/ros/iron
[11.806s] Level 1:colcon.colcon_core.package_discovery:discover_packages(prefix_path) using defaults
[12.424s] Level 5:colcon.colcon_core.verb:set package 'ball_follower' build argument 'cmake_args' from command line to 'None'
[12.424s] Level 5:colcon.colcon_core.verb:set package 'ball_follower' build argument 'cmake_target' from command line to 'None'
[12.424s] Level 5:colcon.colcon_core.verb:set package 'ball_follower' build argument 'cmake_target_skip_unavailable' from command line to 'False'
[12.424s] Level 5:colcon.colcon_core.verb:set package 'ball_follower' build argument 'cmake_clean_cache' from command line to 'False'
[12.425s] Level 5:colcon.colcon_core.verb:set package 'ball_follower' build argument 'cmake_clean_first' from command line to 'False'
[12.425s] Level 5:colcon.colcon_core.verb:set package 'ball_follower' build argument 'cmake_force_configure' from command line to 'False'
[12.425s] Level 5:colcon.colcon_core.verb:set package 'ball_follower' build argument 'ament_cmake_args' from command line to 'None'
[12.425s] Level 5:colcon.colcon_core.verb:set package 'ball_follower' build argument 'catkin_cmake_args' from command line to 'None'
[12.425s] Level 5:colcon.colcon_core.verb:set package 'ball_follower' build argument 'catkin_skip_building_tests' from command line to 'False'
[12.425s] DEBUG:colcon.colcon_core.verb:Building package 'ball_follower' with the following arguments: {'ament_cmake_args': None, 'build_base': '/home/kuljot/Project/ball_follower/build/ball_follower', 'catkin_cmake_args': None, 'catkin_skip_building_tests': False, 'cmake_args': None, 'cmake_clean_cache': False, 'cmake_clean_first': False, 'cmake_force_configure': False, 'cmake_target': None, 'cmake_target_skip_unavailable': False, 'install_base': '/home/kuljot/Project/ball_follower/install/ball_follower', 'merge_install': False, 'path': '/home/kuljot/Project/ball_follower/src/bot', 'symlink_install': False, 'test_result_base': None}
[12.559s] INFO:colcon.colcon_core.executor:Executing jobs using 'parallel' executor
[12.717s] DEBUG:colcon.colcon_parallel_executor.executor.parallel:run_until_complete
[12.718s] INFO:colcon.colcon_ros.task.ament_cmake.build:Building ROS package in '/home/kuljot/Project/ball_follower/src/bot' with build type 'ament_cmake'
[12.719s] INFO:colcon.colcon_cmake.task.cmake.build:Building CMake package in '/home/kuljot/Project/ball_follower/src/bot'
[12.898s] INFO:colcon.colcon_core.plugin_system:Skipping extension 'colcon_core.shell.bat': Not used on non-Windows systems
[12.898s] INFO:colcon.colcon_core.shell:Skip shell extension 'powershell' for command environment: Not usable outside of PowerShell
[12.899s] DEBUG:colcon.colcon_core.shell:Skip shell extension 'dsv' for command environment
[13.567s] DEBUG:colcon.colcon_core.event_handler.log_command:Invoking command in '/home/kuljot/Project/ball_follower/build/ball_follower': CMAKE_PREFIX_PATH=${CMAKE_PREFIX_PATH}:/opt/ros/iron /usr/bin/cmake --build /home/kuljot/Project/ball_follower/build/ball_follower -- -j8 -l8
[13.831s] DEBUG:colcon.colcon_core.event_handler.log_command:Invoked command in '/home/kuljot/Project/ball_follower/build/ball_follower' returned '0': CMAKE_PREFIX_PATH=${CMAKE_PREFIX_PATH}:/opt/ros/iron /usr/bin/cmake --build /home/kuljot/Project/ball_follower/build/ball_follower -- -j8 -l8
[13.977s] DEBUG:colcon.colcon_core.event_handler.log_command:Invoking command in '/home/kuljot/Project/ball_follower/build/ball_follower': CMAKE_PREFIX_PATH=${CMAKE_PREFIX_PATH}:/opt/ros/iron /usr/bin/cmake --install /home/kuljot/Project/ball_follower/build/ball_follower
[14.049s] Level 1:colcon.colcon_core.environment:create_environment_scripts_only(ball_follower)
[14.050s] DEBUG:colcon.colcon_core.event_handler.log_command:Invoked command in '/home/kuljot/Project/ball_follower/build/ball_follower' returned '0': CMAKE_PREFIX_PATH=${CMAKE_PREFIX_PATH}:/opt/ros/iron /usr/bin/cmake --install /home/kuljot/Project/ball_follower/build/ball_follower
[14.204s] Level 1:colcon.colcon_core.environment:checking '/home/kuljot/Project/ball_follower/install/ball_follower' for CMake module files
[14.206s] Level 1:colcon.colcon_core.environment:checking '/home/kuljot/Project/ball_follower/install/ball_follower' for CMake config files
[14.207s] Level 1:colcon.colcon_core.shell:create_environment_hook('ball_follower', 'cmake_prefix_path')
[14.347s] INFO:colcon.colcon_core.shell:Creating environment hook '/home/kuljot/Project/ball_follower/install/ball_follower/share/ball_follower/hook/cmake_prefix_path.ps1'
[14.822s] INFO:colcon.colcon_core.shell:Creating environment descriptor '/home/kuljot/Project/ball_follower/install/ball_follower/share/ball_follower/hook/cmake_prefix_path.dsv'
[15.256s] INFO:colcon.colcon_core.shell:Creating environment hook '/home/kuljot/Project/ball_follower/install/ball_follower/share/ball_follower/hook/cmake_prefix_path.sh'
[15.658s] Level 1:colcon.colcon_core.environment:checking '/home/kuljot/Project/ball_follower/install/ball_follower/lib'
[15.659s] Level 1:colcon.colcon_core.environment:checking '/home/kuljot/Project/ball_follower/install/ball_follower/bin'
[15.659s] Level 1:colcon.colcon_core.environment:checking '/home/kuljot/Project/ball_follower/install/ball_follower/lib/pkgconfig/ball_follower.pc'
[15.660s] Level 1:colcon.colcon_core.environment:checking '/home/kuljot/Project/ball_follower/install/ball_follower/lib/python3.10/site-packages'
[15.661s] Level 1:colcon.colcon_core.environment:checking '/home/kuljot/Project/ball_follower/install/ball_follower/bin'
[15.793s] INFO:colcon.colcon_core.shell:Creating package script '/home/kuljot/Project/ball_follower/install/ball_follower/share/ball_follower/package.ps1'
[16.011s] INFO:colcon.colcon_core.shell:Creating package descriptor '/home/kuljot/Project/ball_follower/install/ball_follower/share/ball_follower/package.dsv'
[16.239s] INFO:colcon.colcon_core.shell:Creating package script '/home/kuljot/Project/ball_follower/install/ball_follower/share/ball_follower/package.sh'
[16.496s] INFO:colcon.colcon_core.shell:Creating package script '/home/kuljot/Project/ball_follower/install/ball_follower/share/ball_follower/package.bash'
[16.804s] INFO:colcon.colcon_core.shell:Creating package script '/home/kuljot/Project/ball_follower/install/ball_follower/share/ball_follower/package.zsh'
[17.459s] Level 1:colcon.colcon_core.environment:create_file_with_runtime_dependencies(/home/kuljot/Project/ball_follower/install/ball_follower/share/colcon-core/packages/ball_follower)
[17.817s] Level 1:colcon.colcon_core.environment:create_environment_scripts_only(ball_follower)
[18.041s] Level 1:colcon.colcon_core.environment:checking '/home/kuljot/Project/ball_follower/install/ball_follower' for CMake module files
[18.044s] Level 1:colcon.colcon_core.environment:checking '/home/kuljot/Project/ball_follower/install/ball_follower' for CMake config files
[18.045s] Level 1:colcon.colcon_core.shell:create_environment_hook('ball_follower', 'cmake_prefix_path')
[18.244s] INFO:colcon.colcon_core.shell:Creating environment hook '/home/kuljot/Project/ball_follower/install/ball_follower/share/ball_follower/hook/cmake_prefix_path.ps1'
[18.267s] INFO:colcon.colcon_core.shell:Creating environment descriptor '/home/kuljot/Project/ball_follower/install/ball_follower/share/ball_follower/hook/cmake_prefix_path.dsv'
[18.642s] INFO:colcon.colcon_core.shell:Creating environment hook '/home/kuljot/Project/ball_follower/install/ball_follower/share/ball_follower/hook/cmake_prefix_path.sh'
[19.052s] Level 1:colcon.colcon_core.environment:checking '/home/kuljot/Project/ball_follower/install/ball_follower/lib'
[19.052s] Level 1:colcon.colcon_core.environment:checking '/home/kuljot/Project/ball_follower/install/ball_follower/bin'
[19.053s] Level 1:colcon.colcon_core.environment:checking '/home/kuljot/Project/ball_follower/install/ball_follower/lib/pkgconfig/ball_follower.pc'
[19.054s] Level 1:colcon.colcon_core.environment:checking '/home/kuljot/Project/ball_follower/install/ball_follower/lib/python3.10/site-packages'
[19.055s] Level 1:colcon.colcon_core.environment:checking '/home/kuljot/Project/ball_follower/install/ball_follower/bin'
[19.264s] INFO:colcon.colcon_core.shell:Creating package script '/home/kuljot/Project/ball_follower/install/ball_follower/share/ball_follower/package.ps1'
[19.419s] INFO:colcon.colcon_core.shell:Creating package descriptor '/home/kuljot/Project/ball_follower/install/ball_follower/share/ball_follower/package.dsv'
[19.580s] INFO:colcon.colcon_core.shell:Creating package script '/home/kuljot/Project/ball_follower/install/ball_follower/share/ball_follower/package.sh'
[19.582s] INFO:colcon.colcon_core.shell:Creating package script '/home/kuljot/Project/ball_follower/install/ball_follower/share/ball_follower/package.bash'
[19.584s] INFO:colcon.colcon_core.shell:Creating package script '/home/kuljot/Project/ball_follower/install/ball_follower/share/ball_follower/package.zsh'
[19.586s] Level 1:colcon.colcon_core.environment:create_file_with_runtime_dependencies(/home/kuljot/Project/ball_follower/install/ball_follower/share/colcon-core/packages/ball_follower)
[19.587s] DEBUG:colcon.colcon_parallel_executor.executor.parallel:closing loop
[19.588s] DEBUG:colcon.colcon_parallel_executor.executor.parallel:loop closed
[19.589s] DEBUG:colcon.colcon_parallel_executor.executor.parallel:run_until_complete finished with '0'
[19.589s] DEBUG:colcon.colcon_core.event_reactor:joining thread
[19.887s] INFO:colcon.colcon_core.plugin_system:Skipping extension 'colcon_notification.desktop_notification.terminal_notifier': Not used on non-Darwin systems
[19.887s] INFO:colcon.colcon_core.plugin_system:Skipping extension 'colcon_notification.desktop_notification.win32': Not used on non-Windows systems
[19.888s] INFO:colcon.colcon_notification.desktop_notification:Sending desktop notification using 'notify2'
[19.946s] DEBUG:colcon.colcon_core.event_reactor:joined thread
[20.108s] INFO:colcon.colcon_core.shell:Creating prefix script '/home/kuljot/Project/ball_follower/install/local_setup.ps1'
[20.251s] INFO:colcon.colcon_core.shell:Creating prefix util module '/home/kuljot/Project/ball_follower/install/_local_setup_util_ps1.py'
[20.269s] INFO:colcon.colcon_core.shell:Creating prefix chain script '/home/kuljot/Project/ball_follower/install/setup.ps1'
[20.500s] INFO:colcon.colcon_core.shell:Creating prefix script '/home/kuljot/Project/ball_follower/install/local_setup.sh'
[20.671s] INFO:colcon.colcon_core.shell:Creating prefix util module '/home/kuljot/Project/ball_follower/install/_local_setup_util_sh.py'
[20.674s] INFO:colcon.colcon_core.shell:Creating prefix chain script '/home/kuljot/Project/ball_follower/install/setup.sh'
[20.849s] INFO:colcon.colcon_core.shell:Creating prefix script '/home/kuljot/Project/ball_follower/install/local_setup.bash'
[21.043s] INFO:colcon.colcon_core.shell:Creating prefix chain script '/home/kuljot/Project/ball_follower/install/setup.bash'
[21.500s] INFO:colcon.colcon_core.shell:Creating prefix script '/home/kuljot/Project/ball_follower/install/local_setup.zsh'
[21.776s] INFO:colcon.colcon_core.shell:Creating prefix chain script '/home/kuljot/Project/ball_follower/install/setup.zsh'
