[0.594s] Invoking command in '/home/kuljot/Project/ball_follower/build/ball_follower': CMAKE_PREFIX_PATH=${CMAKE_PREFIX_PATH}:/opt/ros/iron /usr/bin/cmake --build /home/kuljot/Project/ball_follower/build/ball_follower -- -j8 -l8
[0.779s] [100%] Built target bot_node
[0.823s] Invoked command in '/home/kuljot/Project/ball_follower/build/ball_follower' returned '0': CMAKE_PREFIX_PATH=${CMAKE_PREFIX_PATH}:/opt/ros/iron /usr/bin/cmake --build /home/kuljot/Project/ball_follower/build/ball_follower -- -j8 -l8
[0.964s] Invoking command in '/home/kuljot/Project/ball_follower/build/ball_follower': CMAKE_PREFIX_PATH=${CMAKE_PREFIX_PATH}:/opt/ros/iron /usr/bin/cmake --install /home/kuljot/Project/ball_follower/build/ball_follower
[0.993s] -- Install configuration: ""
[0.994s] -- Up-to-date: /home/kuljot/Project/ball_follower/install/ball_follower/lib/ball_follower/bot_node
[0.995s] -- Up-to-date: /home/kuljot/Project/ball_follower/install/ball_follower/share/ball_follower/config
[0.996s] -- Up-to-date: /home/kuljot/Project/ball_follower/install/ball_follower/share/ball_follower/description
[0.996s] -- Installing: /home/kuljot/Project/ball_follower/install/ball_follower/share/ball_follower/description/robot_core.xacro
[0.997s] -- Up-to-date: /home/kuljot/Project/ball_follower/install/ball_follower/share/ball_follower/description/inertial_macros.xacro
[0.998s] -- Up-to-date: /home/kuljot/Project/ball_follower/install/ball_follower/share/ball_follower/description/visual_macros.xacro
[0.999s] -- Up-to-date: /home/kuljot/Project/ball_follower/install/ball_follower/share/ball_follower/description/robot.urdf.xacro
[0.999s] -- Up-to-date: /home/kuljot/Project/ball_follower/install/ball_follower/share/ball_follower/launch
[1.000s] -- Up-to-date: /home/kuljot/Project/ball_follower/install/ball_follower/share/ball_follower/launch/launch_sim.launch.py
[1.000s] -- Up-to-date: /home/kuljot/Project/ball_follower/install/ball_follower/share/ball_follower/launch/rsp.launch.py
[1.000s] -- Up-to-date: /home/kuljot/Project/ball_follower/install/ball_follower/share/ball_follower/worlds
[1.001s] -- Up-to-date: /home/kuljot/Project/ball_follower/install/ball_follower/share/ament_index/resource_index/package_run_dependencies/ball_follower
[1.001s] -- Up-to-date: /home/kuljot/Project/ball_follower/install/ball_follower/share/ament_index/resource_index/parent_prefix_path/ball_follower
[1.002s] -- Up-to-date: /home/kuljot/Project/ball_follower/install/ball_follower/share/ball_follower/environment/ament_prefix_path.sh
[1.003s] -- Up-to-date: /home/kuljot/Project/ball_follower/install/ball_follower/share/ball_follower/environment/ament_prefix_path.dsv
[1.003s] -- Up-to-date: /home/kuljot/Project/ball_follower/install/ball_follower/share/ball_follower/environment/path.sh
[1.004s] -- Up-to-date: /home/kuljot/Project/ball_follower/install/ball_follower/share/ball_follower/environment/path.dsv
[1.005s] -- Up-to-date: /home/kuljot/Project/ball_follower/install/ball_follower/share/ball_follower/local_setup.bash
[1.005s] -- Up-to-date: /home/kuljot/Project/ball_follower/install/ball_follower/share/ball_follower/local_setup.sh
[1.006s] -- Up-to-date: /home/kuljot/Project/ball_follower/install/ball_follower/share/ball_follower/local_setup.zsh
[1.007s] -- Up-to-date: /home/kuljot/Project/ball_follower/install/ball_follower/share/ball_follower/local_setup.dsv
[1.008s] -- Installing: /home/kuljot/Project/ball_follower/install/ball_follower/share/ball_follower/package.dsv
[1.008s] -- Up-to-date: /home/kuljot/Project/ball_follower/install/ball_follower/share/ament_index/resource_index/packages/ball_follower
[1.009s] -- Up-to-date: /home/kuljot/Project/ball_follower/install/ball_follower/share/ball_follower/cmake/ball_followerConfig.cmake
[1.009s] -- Up-to-date: /home/kuljot/Project/ball_follower/install/ball_follower/share/ball_follower/cmake/ball_followerConfig-version.cmake
[1.010s] -- Up-to-date: /home/kuljot/Project/ball_follower/install/ball_follower/share/ball_follower/package.xml
[1.012s] Invoked command in '/home/kuljot/Project/ball_follower/build/ball_follower' returned '0': CMAKE_PREFIX_PATH=${CMAKE_PREFIX_PATH}:/opt/ros/iron /usr/bin/cmake --install /home/kuljot/Project/ball_follower/build/ball_follower
