-- Found ament_cmake: 2.0.3 (/opt/ros/iron/share/ament_cmake/cmake)
-- Found ament_lint_auto: 0.14.2 (/opt/ros/iron/share/ament_lint_auto/cmake)
-- Added test 'cppcheck' to perform static code analysis on C / C++ code
-- Configured cppcheck include dirs: $<BUILD_INTERFACE:/home/kuljot/Project/ball_follower/src/bot/include>
-- Configured cppcheck exclude dirs and/or files: 
-- Added test 'flake8' to check Python code syntax and style conventions
-- Configured 'flake8' exclude dirs and/or files: 
-- Added test 'lint_cmake' to check CMake code style
-- Added test 'pep257' to check Python code against some of the docstring style conventions in PEP 257
-- Added test 'uncrustify' to check C / C++ code style
-- Configured uncrustify additional arguments: 
-- Added test 'xmllint' to check XML markup files
-- Configuring done
-- Generating done
-- Build files have been written to: /home/kuljot/Project/ball_follower/build/ball_follower
[ 50%] [32mBuilding CXX object CMakeFiles/bot_node.dir/src/bot_node.cpp.o[0m
[01m[K/home/kuljot/Project/ball_follower/src/bot/src/bot_node.cpp:[m[K In function ‘[01m[Kint main(int, char**)[m[K’:
[01m[K/home/kuljot/Project/ball_follower/src/bot/src/bot_node.cpp:15:14:[m[K [01;35m[Kwarning: [m[Kunused parameter ‘[01m[Kargc[m[K’ [[01;35m[K]8;;https://gcc.gnu.org/onlinedocs/gcc/Warning-Options.html#index-Wunused-parameter-Wunused-parameter]8;;[m[K]
   15 | int main([01;35m[Kint argc[m[K, char** argv)
      |          [01;35m[K~~~~^~~~[m[K
[01m[K/home/kuljot/Project/ball_follower/src/bot/src/bot_node.cpp:15:27:[m[K [01;35m[Kwarning: [m[Kunused parameter ‘[01m[Kargv[m[K’ [[01;35m[K]8;;https://gcc.gnu.org/onlinedocs/gcc/Warning-Options.html#index-Wunused-parameter-Wunused-parameter]8;;[m[K]
   15 | int main(int argc, [01;35m[Kchar** argv[m[K)
      |                    [01;35m[K~~~~~~~^~~~[m[K
[100%] [32m[1mLinking CXX executable bot_node[0m
[100%] Built target bot_node
-- Install configuration: ""
-- Installing: /home/kuljot/Project/ball_follower/install/ball_follower/lib/ball_follower/bot_node
-- Installing: /home/kuljot/Project/ball_follower/install/ball_follower/share/ball_follower//launch
-- Installing: /home/kuljot/Project/ball_follower/install/ball_follower/share/ball_follower//launch/launch_sim.launch.py
-- Installing: /home/kuljot/Project/ball_follower/install/ball_follower/share/ball_follower//launch/rsp.launch.py
-- Installing: /home/kuljot/Project/ball_follower/install/ball_follower/share/ament_index/resource_index/package_run_dependencies/ball_follower
-- Installing: /home/kuljot/Project/ball_follower/install/ball_follower/share/ament_index/resource_index/parent_prefix_path/ball_follower
-- Installing: /home/kuljot/Project/ball_follower/install/ball_follower/share/ball_follower/environment/ament_prefix_path.sh
-- Installing: /home/kuljot/Project/ball_follower/install/ball_follower/share/ball_follower/environment/ament_prefix_path.dsv
-- Installing: /home/kuljot/Project/ball_follower/install/ball_follower/share/ball_follower/environment/path.sh
-- Installing: /home/kuljot/Project/ball_follower/install/ball_follower/share/ball_follower/environment/path.dsv
-- Installing: /home/kuljot/Project/ball_follower/install/ball_follower/share/ball_follower/local_setup.bash
-- Installing: /home/kuljot/Project/ball_follower/install/ball_follower/share/ball_follower/local_setup.sh
-- Installing: /home/kuljot/Project/ball_follower/install/ball_follower/share/ball_follower/local_setup.zsh
-- Installing: /home/kuljot/Project/ball_follower/install/ball_follower/share/ball_follower/local_setup.dsv
-- Installing: /home/kuljot/Project/ball_follower/install/ball_follower/share/ball_follower/package.dsv
-- Installing: /home/kuljot/Project/ball_follower/install/ball_follower/share/ament_index/resource_index/packages/ball_follower
-- Installing: /home/kuljot/Project/ball_follower/install/ball_follower/share/ball_follower/cmake/ball_followerConfig.cmake
-- Installing: /home/kuljot/Project/ball_follower/install/ball_follower/share/ball_follower/cmake/ball_followerConfig-version.cmake
-- Installing: /home/kuljot/Project/ball_follower/install/ball_follower/share/ball_follower/package.xml
