[0.534s] Invoking command in '/home/kuljot/Project/ball_follower/build/ball_follower': CMAKE_PREFIX_PATH=${CMAKE_PREFIX_PATH}:/opt/ros/iron /usr/bin/cmake /home/kuljot/Project/ball_follower/src/bot -DCMAKE_INSTALL_PREFIX=/home/kuljot/Project/ball_follower/install/ball_follower
[0.578s] -- Found ament_cmake: 2.0.3 (/opt/ros/iron/share/ament_cmake/cmake)
[1.142s] -- Found ament_lint_auto: 0.14.2 (/opt/ros/iron/share/ament_lint_auto/cmake)
[1.466s] -- Added test 'cppcheck' to perform static code analysis on C / C++ code
[1.467s] -- Configured cppcheck include dirs: $<BUILD_INTERFACE:/home/kuljot/Project/ball_follower/src/bot/include>
[1.467s] -- Configured cppcheck exclude dirs and/or files: 
[1.469s] -- Added test 'flake8' to check Python code syntax and style conventions
[1.469s] -- Configured 'flake8' exclude dirs and/or files: 
[1.472s] -- Added test 'lint_cmake' to check CMake code style
[1.475s] -- Added test 'pep257' to check Python code against some of the docstring style conventions in PEP 257
[1.482s] -- Added test 'uncrustify' to check C / C++ code style
[1.482s] -- Configured uncrustify additional arguments: 
[1.484s] -- Added test 'xmllint' to check XML markup files
[1.489s] -- Configuring done
[1.507s] -- Generating done
[1.511s] -- Build files have been written to: /home/kuljot/Project/ball_follower/build/ball_follower
[1.520s] Invoked command in '/home/kuljot/Project/ball_follower/build/ball_follower' returned '0': CMAKE_PREFIX_PATH=${CMAKE_PREFIX_PATH}:/opt/ros/iron /usr/bin/cmake /home/kuljot/Project/ball_follower/src/bot -DCMAKE_INSTALL_PREFIX=/home/kuljot/Project/ball_follower/install/ball_follower
[1.530s] Invoking command in '/home/kuljot/Project/ball_follower/build/ball_follower': CMAKE_PREFIX_PATH=${CMAKE_PREFIX_PATH}:/opt/ros/iron /usr/bin/cmake --build /home/kuljot/Project/ball_follower/build/ball_follower -- -j8 -l8
[1.759s] [ 50%] [32mBuilding CXX object CMakeFiles/bot_node.dir/src/bot_node.cpp.o[0m
[2.770s] [01m[K/home/kuljot/Project/ball_follower/src/bot/src/bot_node.cpp:[m[K In function ‘[01m[Kint main(int, char**)[m[K’:
[2.770s] [01m[K/home/kuljot/Project/ball_follower/src/bot/src/bot_node.cpp:15:14:[m[K [01;35m[Kwarning: [m[Kunused parameter ‘[01m[Kargc[m[K’ [[01;35m[K]8;;https://gcc.gnu.org/onlinedocs/gcc/Warning-Options.html#index-Wunused-parameter-Wunused-parameter]8;;[m[K]
[2.771s]    15 | int main([01;35m[Kint argc[m[K, char** argv)
[2.772s]       |          [01;35m[K~~~~^~~~[m[K
[2.773s] [01m[K/home/kuljot/Project/ball_follower/src/bot/src/bot_node.cpp:15:27:[m[K [01;35m[Kwarning: [m[Kunused parameter ‘[01m[Kargv[m[K’ [[01;35m[K]8;;https://gcc.gnu.org/onlinedocs/gcc/Warning-Options.html#index-Wunused-parameter-Wunused-parameter]8;;[m[K]
[2.774s]    15 | int main(int argc, [01;35m[Kchar** argv[m[K)
[2.774s]       |                    [01;35m[K~~~~~~~^~~~[m[K
[2.985s] [100%] [32m[1mLinking CXX executable bot_node[0m
[3.346s] [100%] Built target bot_node
[3.399s] Invoked command in '/home/kuljot/Project/ball_follower/build/ball_follower' returned '0': CMAKE_PREFIX_PATH=${CMAKE_PREFIX_PATH}:/opt/ros/iron /usr/bin/cmake --build /home/kuljot/Project/ball_follower/build/ball_follower -- -j8 -l8
[3.556s] Invoking command in '/home/kuljot/Project/ball_follower/build/ball_follower': CMAKE_PREFIX_PATH=${CMAKE_PREFIX_PATH}:/opt/ros/iron /usr/bin/cmake --install /home/kuljot/Project/ball_follower/build/ball_follower
[3.589s] -- Install configuration: ""
[3.589s] -- Installing: /home/kuljot/Project/ball_follower/install/ball_follower/lib/ball_follower/bot_node
[3.590s] -- Installing: /home/kuljot/Project/ball_follower/install/ball_follower/share/ball_follower//launch
[3.591s] -- Installing: /home/kuljot/Project/ball_follower/install/ball_follower/share/ball_follower//launch/launch_sim.launch.py
[3.591s] -- Installing: /home/kuljot/Project/ball_follower/install/ball_follower/share/ball_follower//launch/rsp.launch.py
[3.592s] -- Installing: /home/kuljot/Project/ball_follower/install/ball_follower/share/ament_index/resource_index/package_run_dependencies/ball_follower
[3.593s] -- Installing: /home/kuljot/Project/ball_follower/install/ball_follower/share/ament_index/resource_index/parent_prefix_path/ball_follower
[3.594s] -- Installing: /home/kuljot/Project/ball_follower/install/ball_follower/share/ball_follower/environment/ament_prefix_path.sh
[3.594s] -- Installing: /home/kuljot/Project/ball_follower/install/ball_follower/share/ball_follower/environment/ament_prefix_path.dsv
[3.595s] -- Installing: /home/kuljot/Project/ball_follower/install/ball_follower/share/ball_follower/environment/path.sh
[3.595s] -- Installing: /home/kuljot/Project/ball_follower/install/ball_follower/share/ball_follower/environment/path.dsv
[3.596s] -- Installing: /home/kuljot/Project/ball_follower/install/ball_follower/share/ball_follower/local_setup.bash
[3.597s] -- Installing: /home/kuljot/Project/ball_follower/install/ball_follower/share/ball_follower/local_setup.sh
[3.598s] -- Installing: /home/kuljot/Project/ball_follower/install/ball_follower/share/ball_follower/local_setup.zsh
[3.598s] -- Installing: /home/kuljot/Project/ball_follower/install/ball_follower/share/ball_follower/local_setup.dsv
[3.599s] -- Installing: /home/kuljot/Project/ball_follower/install/ball_follower/share/ball_follower/package.dsv
[3.600s] -- Installing: /home/kuljot/Project/ball_follower/install/ball_follower/share/ament_index/resource_index/packages/ball_follower
[3.601s] -- Installing: /home/kuljot/Project/ball_follower/install/ball_follower/share/ball_follower/cmake/ball_followerConfig.cmake
[3.601s] -- Installing: /home/kuljot/Project/ball_follower/install/ball_follower/share/ball_follower/cmake/ball_followerConfig-version.cmake
[3.602s] -- Installing: /home/kuljot/Project/ball_follower/install/ball_follower/share/ball_follower/package.xml
[3.610s] Invoked command in '/home/kuljot/Project/ball_follower/build/ball_follower' returned '0': CMAKE_PREFIX_PATH=${CMAKE_PREFIX_PATH}:/opt/ros/iron /usr/bin/cmake --install /home/kuljot/Project/ball_follower/build/ball_follower
