[6.080s] DEBUG:colcon:Command line arguments: ['/usr/bin/colcon', 'build']
[6.081s] DEBUG:colcon:Parsed command line arguments: Namespace(log_base=None, log_level=None, verb_name='build', build_base='build', install_base='install', merge_install=False, symlink_install=False, test_result_base=None, continue_on_error=False, executor='parallel', parallel_workers=8, event_handlers=None, ignore_user_meta=False, metas=['./colcon.meta'], base_paths=['.'], packages_ignore=None, packages_ignore_regex=None, paths=None, packages_up_to=None, packages_up_to_regex=None, packages_above=None, packages_above_and_dependencies=None, packages_above_depth=None, packages_select_by_dep=None, packages_skip_by_dep=None, packages_skip_up_to=None, packages_select_build_failed=False, packages_skip_build_finished=False, packages_select_test_failures=False, packages_skip_test_passed=False, packages_select=None, packages_skip=None, packages_select_regex=None, packages_skip_regex=None, packages_start=None, packages_end=None, allow_overriding=[], cmake_args=None, cmake_target=None, cmake_target_skip_unavailable=False, cmake_clean_cache=False, cmake_clean_first=False, cmake_force_configure=False, ament_cmake_args=None, catkin_cmake_args=None, catkin_skip_building_tests=False, verb_parser=<colcon_defaults.argument_parser.defaults.DefaultArgumentsDecorator object at 0x7f83e7655060>, verb_extension=<colcon_core.verb.build.BuildVerb object at 0x7f83e7b7e260>, main=<bound method BuildVerb.main of <colcon_core.verb.build.BuildVerb object at 0x7f83e7b7e260>>)
[6.290s] Level 1:colcon.colcon_core.package_discovery:discover_packages(colcon_meta) check parameters
[6.290s] Level 1:colcon.colcon_core.package_discovery:discover_packages(recursive) check parameters
[6.290s] Level 1:colcon.colcon_core.package_discovery:discover_packages(ignore) check parameters
[6.290s] Level 1:colcon.colcon_core.package_discovery:discover_packages(path) check parameters
[6.290s] Level 1:colcon.colcon_core.package_discovery:discover_packages(colcon_meta) discover
[6.291s] Level 1:colcon.colcon_core.package_discovery:discover_packages(recursive) discover
[6.291s] INFO:colcon.colcon_core.package_discovery:Crawling recursively for packages in '/home/kuljot/Project/ball_follower'
[6.291s] Level 1:colcon.colcon_core.package_identification:_identify(.) by extensions ['ignore', 'ignore_ament_install']
[6.291s] Level 1:colcon.colcon_core.package_identification:_identify(.) by extension 'ignore'
[6.291s] Level 1:colcon.colcon_core.package_identification:_identify(.) by extension 'ignore_ament_install'
[6.292s] Level 1:colcon.colcon_core.package_identification:_identify(.) by extensions ['colcon_pkg']
[6.292s] Level 1:colcon.colcon_core.package_identification:_identify(.) by extension 'colcon_pkg'
[6.292s] Level 1:colcon.colcon_core.package_identification:_identify(.) by extensions ['colcon_meta']
[6.292s] Level 1:colcon.colcon_core.package_identification:_identify(.) by extension 'colcon_meta'
[6.292s] Level 1:colcon.colcon_core.package_identification:_identify(.) by extensions ['ros']
[6.292s] Level 1:colcon.colcon_core.package_identification:_identify(.) by extension 'ros'
[6.324s] Level 1:colcon.colcon_core.package_identification:_identify(.) by extensions ['cmake', 'python']
[6.324s] Level 1:colcon.colcon_core.package_identification:_identify(.) by extension 'cmake'
[6.325s] Level 1:colcon.colcon_core.package_identification:_identify(.) by extension 'python'
[6.325s] Level 1:colcon.colcon_core.package_identification:_identify(.) by extensions ['python_setup_py']
[6.325s] Level 1:colcon.colcon_core.package_identification:_identify(.) by extension 'python_setup_py'
[6.325s] Level 1:colcon.colcon_core.package_identification:_identify(build) by extensions ['ignore', 'ignore_ament_install']
[6.326s] Level 1:colcon.colcon_core.package_identification:_identify(build) by extension 'ignore'
[6.326s] Level 1:colcon.colcon_core.package_identification:_identify(build) ignored
[6.326s] Level 1:colcon.colcon_core.package_identification:_identify(install) by extensions ['ignore', 'ignore_ament_install']
[6.326s] Level 1:colcon.colcon_core.package_identification:_identify(install) by extension 'ignore'
[6.327s] Level 1:colcon.colcon_core.package_identification:_identify(install) ignored
[6.327s] Level 1:colcon.colcon_core.package_identification:_identify(log) by extensions ['ignore', 'ignore_ament_install']
[6.327s] Level 1:colcon.colcon_core.package_identification:_identify(log) by extension 'ignore'
[6.327s] Level 1:colcon.colcon_core.package_identification:_identify(log) ignored
[6.328s] Level 1:colcon.colcon_core.package_identification:_identify(src) by extensions ['ignore', 'ignore_ament_install']
[6.328s] Level 1:colcon.colcon_core.package_identification:_identify(src) by extension 'ignore'
[6.328s] Level 1:colcon.colcon_core.package_identification:_identify(src) by extension 'ignore_ament_install'
[6.328s] Level 1:colcon.colcon_core.package_identification:_identify(src) by extensions ['colcon_pkg']
[6.328s] Level 1:colcon.colcon_core.package_identification:_identify(src) by extension 'colcon_pkg'
[6.328s] Level 1:colcon.colcon_core.package_identification:_identify(src) by extensions ['colcon_meta']
[6.329s] Level 1:colcon.colcon_core.package_identification:_identify(src) by extension 'colcon_meta'
[6.329s] Level 1:colcon.colcon_core.package_identification:_identify(src) by extensions ['ros']
[6.329s] Level 1:colcon.colcon_core.package_identification:_identify(src) by extension 'ros'
[6.329s] Level 1:colcon.colcon_core.package_identification:_identify(src) by extensions ['cmake', 'python']
[6.329s] Level 1:colcon.colcon_core.package_identification:_identify(src) by extension 'cmake'
[6.329s] Level 1:colcon.colcon_core.package_identification:_identify(src) by extension 'python'
[6.329s] Level 1:colcon.colcon_core.package_identification:_identify(src) by extensions ['python_setup_py']
[6.330s] Level 1:colcon.colcon_core.package_identification:_identify(src) by extension 'python_setup_py'
[6.330s] Level 1:colcon.colcon_core.package_identification:_identify(src/bot) by extensions ['ignore', 'ignore_ament_install']
[6.330s] Level 1:colcon.colcon_core.package_identification:_identify(src/bot) by extension 'ignore'
[6.330s] Level 1:colcon.colcon_core.package_identification:_identify(src/bot) by extension 'ignore_ament_install'
[6.330s] Level 1:colcon.colcon_core.package_identification:_identify(src/bot) by extensions ['colcon_pkg']
[6.331s] Level 1:colcon.colcon_core.package_identification:_identify(src/bot) by extension 'colcon_pkg'
[6.331s] Level 1:colcon.colcon_core.package_identification:_identify(src/bot) by extensions ['colcon_meta']
[6.331s] Level 1:colcon.colcon_core.package_identification:_identify(src/bot) by extension 'colcon_meta'
[6.331s] Level 1:colcon.colcon_core.package_identification:_identify(src/bot) by extensions ['ros']
[6.331s] Level 1:colcon.colcon_core.package_identification:_identify(src/bot) by extension 'ros'
[6.338s] DEBUG:colcon.colcon_core.package_identification:Package 'src/bot' with type 'ros.ament_cmake' and name 'ball_follower'
[6.338s] Level 1:colcon.colcon_core.package_discovery:discover_packages(recursive) using defaults
[6.338s] Level 1:colcon.colcon_core.package_discovery:discover_packages(ignore) discover
[6.338s] Level 1:colcon.colcon_core.package_discovery:discover_packages(ignore) using defaults
[6.338s] Level 1:colcon.colcon_core.package_discovery:discover_packages(path) discover
[6.338s] Level 1:colcon.colcon_core.package_discovery:discover_packages(path) using defaults
[6.816s] Level 1:colcon.colcon_core.package_discovery:discover_packages(prefix_path) check parameters
[6.816s] Level 1:colcon.colcon_core.package_discovery:discover_packages(prefix_path) discover
[6.898s] WARNING:colcon.colcon_ros.prefix_path.ament:The path '/home/kuljot/Project/ball_follower/install/bot' in the environment variable AMENT_PREFIX_PATH doesn't exist
[6.899s] WARNING:colcon.colcon_ros.prefix_path.catkin:The path '/home/kuljot/Project/ball_follower/install/bot' in the environment variable CMAKE_PREFIX_PATH doesn't exist
[7.019s] DEBUG:colcon.colcon_installed_package_information.package_discovery:Found 1 installed packages in /home/kuljot/Project/ball_follower/install
[7.110s] DEBUG:colcon.colcon_installed_package_information.package_discovery:Found 1 installed packages in /home/kuljot/Project/articubot_ws/install
[7.194s] DEBUG:colcon.colcon_installed_package_information.package_discovery:Found 336 installed packages in /opt/ros/iron
[7.198s] Level 1:colcon.colcon_core.package_discovery:discover_packages(prefix_path) using defaults
[7.563s] Level 5:colcon.colcon_core.verb:set package 'ball_follower' build argument 'cmake_args' from command line to 'None'
[7.563s] Level 5:colcon.colcon_core.verb:set package 'ball_follower' build argument 'cmake_target' from command line to 'None'
[7.563s] Level 5:colcon.colcon_core.verb:set package 'ball_follower' build argument 'cmake_target_skip_unavailable' from command line to 'False'
[7.563s] Level 5:colcon.colcon_core.verb:set package 'ball_follower' build argument 'cmake_clean_cache' from command line to 'False'
[7.563s] Level 5:colcon.colcon_core.verb:set package 'ball_follower' build argument 'cmake_clean_first' from command line to 'False'
[7.563s] Level 5:colcon.colcon_core.verb:set package 'ball_follower' build argument 'cmake_force_configure' from command line to 'False'
[7.563s] Level 5:colcon.colcon_core.verb:set package 'ball_follower' build argument 'ament_cmake_args' from command line to 'None'
[7.564s] Level 5:colcon.colcon_core.verb:set package 'ball_follower' build argument 'catkin_cmake_args' from command line to 'None'
[7.564s] Level 5:colcon.colcon_core.verb:set package 'ball_follower' build argument 'catkin_skip_building_tests' from command line to 'False'
[7.564s] DEBUG:colcon.colcon_core.verb:Building package 'ball_follower' with the following arguments: {'ament_cmake_args': None, 'build_base': '/home/kuljot/Project/ball_follower/build/ball_follower', 'catkin_cmake_args': None, 'catkin_skip_building_tests': False, 'cmake_args': None, 'cmake_clean_cache': False, 'cmake_clean_first': False, 'cmake_force_configure': False, 'cmake_target': None, 'cmake_target_skip_unavailable': False, 'install_base': '/home/kuljot/Project/ball_follower/install/ball_follower', 'merge_install': False, 'path': '/home/kuljot/Project/ball_follower/src/bot', 'symlink_install': False, 'test_result_base': None}
[7.665s] INFO:colcon.colcon_core.executor:Executing jobs using 'parallel' executor
[7.760s] DEBUG:colcon.colcon_parallel_executor.executor.parallel:run_until_complete
[7.760s] INFO:colcon.colcon_ros.task.ament_cmake.build:Building ROS package in '/home/kuljot/Project/ball_follower/src/bot' with build type 'ament_cmake'
[7.761s] INFO:colcon.colcon_cmake.task.cmake.build:Building CMake package in '/home/kuljot/Project/ball_follower/src/bot'
[7.876s] INFO:colcon.colcon_core.plugin_system:Skipping extension 'colcon_core.shell.bat': Not used on non-Windows systems
[7.877s] INFO:colcon.colcon_core.shell:Skip shell extension 'powershell' for command environment: Not usable outside of PowerShell
[7.877s] DEBUG:colcon.colcon_core.shell:Skip shell extension 'dsv' for command environment
[8.385s] DEBUG:colcon.colcon_core.event_handler.log_command:Invoking command in '/home/kuljot/Project/ball_follower/build/ball_follower': CMAKE_PREFIX_PATH=${CMAKE_PREFIX_PATH}:/opt/ros/iron /usr/bin/cmake --build /home/kuljot/Project/ball_follower/build/ball_follower -- -j8 -l8
[8.617s] DEBUG:colcon.colcon_core.event_handler.log_command:Invoked command in '/home/kuljot/Project/ball_follower/build/ball_follower' returned '0': CMAKE_PREFIX_PATH=${CMAKE_PREFIX_PATH}:/opt/ros/iron /usr/bin/cmake --build /home/kuljot/Project/ball_follower/build/ball_follower -- -j8 -l8
[8.751s] DEBUG:colcon.colcon_core.event_handler.log_command:Invoking command in '/home/kuljot/Project/ball_follower/build/ball_follower': CMAKE_PREFIX_PATH=${CMAKE_PREFIX_PATH}:/opt/ros/iron /usr/bin/cmake --install /home/kuljot/Project/ball_follower/build/ball_follower
[8.793s] Level 1:colcon.colcon_core.environment:create_environment_scripts_only(ball_follower)
[8.796s] DEBUG:colcon.colcon_core.event_handler.log_command:Invoked command in '/home/kuljot/Project/ball_follower/build/ball_follower' returned '0': CMAKE_PREFIX_PATH=${CMAKE_PREFIX_PATH}:/opt/ros/iron /usr/bin/cmake --install /home/kuljot/Project/ball_follower/build/ball_follower
[8.935s] Level 1:colcon.colcon_core.environment:checking '/home/kuljot/Project/ball_follower/install/ball_follower' for CMake module files
[8.936s] Level 1:colcon.colcon_core.environment:checking '/home/kuljot/Project/ball_follower/install/ball_follower' for CMake config files
[8.937s] Level 1:colcon.colcon_core.shell:create_environment_hook('ball_follower', 'cmake_prefix_path')
[9.061s] INFO:colcon.colcon_core.shell:Creating environment hook '/home/kuljot/Project/ball_follower/install/ball_follower/share/ball_follower/hook/cmake_prefix_path.ps1'
[9.063s] INFO:colcon.colcon_core.shell:Creating environment descriptor '/home/kuljot/Project/ball_follower/install/ball_follower/share/ball_follower/hook/cmake_prefix_path.dsv'
[9.064s] INFO:colcon.colcon_core.shell:Creating environment hook '/home/kuljot/Project/ball_follower/install/ball_follower/share/ball_follower/hook/cmake_prefix_path.sh'
[9.067s] Level 1:colcon.colcon_core.environment:checking '/home/kuljot/Project/ball_follower/install/ball_follower/lib'
[9.069s] Level 1:colcon.colcon_core.environment:checking '/home/kuljot/Project/ball_follower/install/ball_follower/bin'
[9.069s] Level 1:colcon.colcon_core.environment:checking '/home/kuljot/Project/ball_follower/install/ball_follower/lib/pkgconfig/ball_follower.pc'
[9.070s] Level 1:colcon.colcon_core.environment:checking '/home/kuljot/Project/ball_follower/install/ball_follower/lib/python3.10/site-packages'
[9.071s] Level 1:colcon.colcon_core.environment:checking '/home/kuljot/Project/ball_follower/install/ball_follower/bin'
[9.241s] INFO:colcon.colcon_core.shell:Creating package script '/home/kuljot/Project/ball_follower/install/ball_follower/share/ball_follower/package.ps1'
[9.244s] INFO:colcon.colcon_core.shell:Creating package descriptor '/home/kuljot/Project/ball_follower/install/ball_follower/share/ball_follower/package.dsv'
[9.246s] INFO:colcon.colcon_core.shell:Creating package script '/home/kuljot/Project/ball_follower/install/ball_follower/share/ball_follower/package.sh'
[9.250s] INFO:colcon.colcon_core.shell:Creating package script '/home/kuljot/Project/ball_follower/install/ball_follower/share/ball_follower/package.bash'
[9.253s] INFO:colcon.colcon_core.shell:Creating package script '/home/kuljot/Project/ball_follower/install/ball_follower/share/ball_follower/package.zsh'
[9.256s] Level 1:colcon.colcon_core.environment:create_file_with_runtime_dependencies(/home/kuljot/Project/ball_follower/install/ball_follower/share/colcon-core/packages/ball_follower)
[9.492s] Level 1:colcon.colcon_core.environment:create_environment_scripts_only(ball_follower)
[9.628s] Level 1:colcon.colcon_core.environment:checking '/home/kuljot/Project/ball_follower/install/ball_follower' for CMake module files
[9.632s] Level 1:colcon.colcon_core.environment:checking '/home/kuljot/Project/ball_follower/install/ball_follower' for CMake config files
[9.633s] Level 1:colcon.colcon_core.shell:create_environment_hook('ball_follower', 'cmake_prefix_path')
[9.758s] INFO:colcon.colcon_core.shell:Creating environment hook '/home/kuljot/Project/ball_follower/install/ball_follower/share/ball_follower/hook/cmake_prefix_path.ps1'
[9.759s] INFO:colcon.colcon_core.shell:Creating environment descriptor '/home/kuljot/Project/ball_follower/install/ball_follower/share/ball_follower/hook/cmake_prefix_path.dsv'
[9.760s] INFO:colcon.colcon_core.shell:Creating environment hook '/home/kuljot/Project/ball_follower/install/ball_follower/share/ball_follower/hook/cmake_prefix_path.sh'
[9.762s] Level 1:colcon.colcon_core.environment:checking '/home/kuljot/Project/ball_follower/install/ball_follower/lib'
[9.763s] Level 1:colcon.colcon_core.environment:checking '/home/kuljot/Project/ball_follower/install/ball_follower/bin'
[9.763s] Level 1:colcon.colcon_core.environment:checking '/home/kuljot/Project/ball_follower/install/ball_follower/lib/pkgconfig/ball_follower.pc'
[9.764s] Level 1:colcon.colcon_core.environment:checking '/home/kuljot/Project/ball_follower/install/ball_follower/lib/python3.10/site-packages'
[9.765s] Level 1:colcon.colcon_core.environment:checking '/home/kuljot/Project/ball_follower/install/ball_follower/bin'
[9.884s] INFO:colcon.colcon_core.shell:Creating package script '/home/kuljot/Project/ball_follower/install/ball_follower/share/ball_follower/package.ps1'
[9.885s] INFO:colcon.colcon_core.shell:Creating package descriptor '/home/kuljot/Project/ball_follower/install/ball_follower/share/ball_follower/package.dsv'
[9.887s] INFO:colcon.colcon_core.shell:Creating package script '/home/kuljot/Project/ball_follower/install/ball_follower/share/ball_follower/package.sh'
[9.889s] INFO:colcon.colcon_core.shell:Creating package script '/home/kuljot/Project/ball_follower/install/ball_follower/share/ball_follower/package.bash'
[9.890s] INFO:colcon.colcon_core.shell:Creating package script '/home/kuljot/Project/ball_follower/install/ball_follower/share/ball_follower/package.zsh'
[9.892s] Level 1:colcon.colcon_core.environment:create_file_with_runtime_dependencies(/home/kuljot/Project/ball_follower/install/ball_follower/share/colcon-core/packages/ball_follower)
[9.893s] DEBUG:colcon.colcon_parallel_executor.executor.parallel:closing loop
[9.894s] DEBUG:colcon.colcon_parallel_executor.executor.parallel:loop closed
[9.894s] DEBUG:colcon.colcon_parallel_executor.executor.parallel:run_until_complete finished with '0'
[9.894s] DEBUG:colcon.colcon_core.event_reactor:joining thread
[10.054s] INFO:colcon.colcon_core.plugin_system:Skipping extension 'colcon_notification.desktop_notification.terminal_notifier': Not used on non-Darwin systems
[10.054s] INFO:colcon.colcon_core.plugin_system:Skipping extension 'colcon_notification.desktop_notification.win32': Not used on non-Windows systems
[10.054s] INFO:colcon.colcon_notification.desktop_notification:Sending desktop notification using 'notify2'
[10.101s] DEBUG:colcon.colcon_core.event_reactor:joined thread
[10.232s] INFO:colcon.colcon_core.shell:Creating prefix script '/home/kuljot/Project/ball_follower/install/local_setup.ps1'
[10.236s] INFO:colcon.colcon_core.shell:Creating prefix util module '/home/kuljot/Project/ball_follower/install/_local_setup_util_ps1.py'
[10.242s] INFO:colcon.colcon_core.shell:Creating prefix chain script '/home/kuljot/Project/ball_follower/install/setup.ps1'
[10.420s] INFO:colcon.colcon_core.shell:Creating prefix script '/home/kuljot/Project/ball_follower/install/local_setup.sh'
[10.422s] INFO:colcon.colcon_core.shell:Creating prefix util module '/home/kuljot/Project/ball_follower/install/_local_setup_util_sh.py'
[10.424s] INFO:colcon.colcon_core.shell:Creating prefix chain script '/home/kuljot/Project/ball_follower/install/setup.sh'
[10.560s] INFO:colcon.colcon_core.shell:Creating prefix script '/home/kuljot/Project/ball_follower/install/local_setup.bash'
[10.562s] INFO:colcon.colcon_core.shell:Creating prefix chain script '/home/kuljot/Project/ball_follower/install/setup.bash'
[10.716s] INFO:colcon.colcon_core.shell:Creating prefix script '/home/kuljot/Project/ball_follower/install/local_setup.zsh'
[10.718s] INFO:colcon.colcon_core.shell:Creating prefix chain script '/home/kuljot/Project/ball_follower/install/setup.zsh'
